
AVRASM ver. 2.1.30  E:\aaaaaaa\CahRahAr\Praktikum11BKPM\baru\List\baru1.asm Wed Apr 25 08:42:45 2018

E:\aaaaaaa\CahRahAr\Praktikum11BKPM\baru\List\baru1.asm(1072): warning: Register r5 already defined by the .DEF directive
E:\aaaaaaa\CahRahAr\Praktikum11BKPM\baru\List\baru1.asm(1073): warning: Register r4 already defined by the .DEF directive
E:\aaaaaaa\CahRahAr\Praktikum11BKPM\baru\List\baru1.asm(1074): warning: Register r7 already defined by the .DEF directive
E:\aaaaaaa\CahRahAr\Praktikum11BKPM\baru\List\baru1.asm(1075): warning: Register r6 already defined by the .DEF directive
E:\aaaaaaa\CahRahAr\Praktikum11BKPM\baru\List\baru1.asm(1076): warning: Register r9 already defined by the .DEF directive
E:\aaaaaaa\CahRahAr\Praktikum11BKPM\baru\List\baru1.asm(1077): warning: Register r8 already defined by the .DEF directive
                 
                 
                 ;CodeVisionAVR C Compiler V2.05.3 Standard
                 ;(C) Copyright 1998-2011 Pavel Haiduc, HP InfoTech s.r.l.
                 ;http://www.hpinfotech.com
                 
                 ;Chip type                : ATmega16
                 ;Program type             : Application
                 ;Clock frequency          : 11,059200 MHz
                 ;Memory model             : Small
                 ;Optimize for             : Size
                 ;(s)printf features       : int, width
                 ;(s)scanf features        : int, width
                 ;External RAM size        : 0
                 ;Data Stack size          : 256 byte(s)
                 ;Heap size                : 0 byte(s)
                 ;Promote 'char' to 'int'  : Yes
                 ;'char' is unsigned       : Yes
                 ;8 bit enums              : Yes
                 ;Global 'const' stored in FLASH     : No
                 ;Enhanced function parameter passing: Yes
                 ;Enhanced core instructions         : On
                 ;Smart register allocation          : On
                 ;Automatic register allocation      : On
                 
                 	#pragma AVRPART ADMIN PART_NAME ATmega16
                 	#pragma AVRPART MEMORY PROG_FLASH 16384
                 	#pragma AVRPART MEMORY EEPROM 512
                 	#pragma AVRPART MEMORY INT_SRAM SIZE 1119
                 	#pragma AVRPART MEMORY INT_SRAM START_ADDR 0x60
                 
                 	#define CALL_SUPPORTED 1
                 
                 	.LISTMAC
                 	.EQU UDRE=0x5
                 	.EQU RXC=0x7
                 	.EQU USR=0xB
                 	.EQU UDR=0xC
                 	.EQU SPSR=0xE
                 	.EQU SPDR=0xF
                 	.EQU EERE=0x0
                 	.EQU EEWE=0x1
                 	.EQU EEMWE=0x2
                 	.EQU EECR=0x1C
                 	.EQU EEDR=0x1D
                 	.EQU EEARL=0x1E
                 	.EQU EEARH=0x1F
                 	.EQU WDTCR=0x21
                 	.EQU MCUCR=0x35
                 	.EQU GICR=0x3B
                 	.EQU SPL=0x3D
                 	.EQU SPH=0x3E
                 	.EQU SREG=0x3F
                 
                 	.DEF R0X0=R0
                 	.DEF R0X1=R1
                 	.DEF R0X2=R2
                 	.DEF R0X3=R3
                 	.DEF R0X4=R4
                 	.DEF R0X5=R5
                 	.DEF R0X6=R6
                 	.DEF R0X7=R7
                 	.DEF R0X8=R8
                 	.DEF R0X9=R9
                 	.DEF R0XA=R10
                 	.DEF R0XB=R11
                 	.DEF R0XC=R12
                 	.DEF R0XD=R13
                 	.DEF R0XE=R14
                 	.DEF R0XF=R15
                 	.DEF R0X10=R16
                 	.DEF R0X11=R17
                 	.DEF R0X12=R18
                 	.DEF R0X13=R19
                 	.DEF R0X14=R20
                 	.DEF R0X15=R21
                 	.DEF R0X16=R22
                 	.DEF R0X17=R23
                 	.DEF R0X18=R24
                 	.DEF R0X19=R25
                 	.DEF R0X1A=R26
                 	.DEF R0X1B=R27
                 	.DEF R0X1C=R28
                 	.DEF R0X1D=R29
                 	.DEF R0X1E=R30
                 	.DEF R0X1F=R31
                 
                 	.EQU __SRAM_START=0x0060
                 	.EQU __SRAM_END=0x045F
                 	.EQU __DSTACK_SIZE=0x0100
                 	.EQU __HEAP_SIZE=0x0000
                 	.EQU __CLEAR_SRAM_SIZE=__SRAM_END-__SRAM_START+1
                 
                 	.MACRO __CPD1N
                 	CPI  R30,LOW(@0)
                 	LDI  R26,HIGH(@0)
                 	CPC  R31,R26
                 	LDI  R26,BYTE3(@0)
                 	CPC  R22,R26
                 	LDI  R26,BYTE4(@0)
                 	CPC  R23,R26
                 	.ENDM
                 
                 	.MACRO __CPD2N
                 	CPI  R26,LOW(@0)
                 	LDI  R30,HIGH(@0)
                 	CPC  R27,R30
                 	LDI  R30,BYTE3(@0)
                 	CPC  R24,R30
                 	LDI  R30,BYTE4(@0)
                 	CPC  R25,R30
                 	.ENDM
                 
                 	.MACRO __CPWRR
                 	CP   R@0,R@2
                 	CPC  R@1,R@3
                 	.ENDM
                 
                 	.MACRO __CPWRN
                 	CPI  R@0,LOW(@2)
                 	LDI  R30,HIGH(@2)
                 	CPC  R@1,R30
                 	.ENDM
                 
                 	.MACRO __ADDB1MN
                 	SUBI R30,LOW(-@0-(@1))
                 	.ENDM
                 
                 	.MACRO __ADDB2MN
                 	SUBI R26,LOW(-@0-(@1))
                 	.ENDM
                 
                 	.MACRO __ADDW1MN
                 	SUBI R30,LOW(-@0-(@1))
                 	SBCI R31,HIGH(-@0-(@1))
                 	.ENDM
                 
                 	.MACRO __ADDW2MN
                 	SUBI R26,LOW(-@0-(@1))
                 	SBCI R27,HIGH(-@0-(@1))
                 	.ENDM
                 
                 	.MACRO __ADDW1FN
                 	SUBI R30,LOW(-2*@0-(@1))
                 	SBCI R31,HIGH(-2*@0-(@1))
                 	.ENDM
                 
                 	.MACRO __ADDD1FN
                 	SUBI R30,LOW(-2*@0-(@1))
                 	SBCI R31,HIGH(-2*@0-(@1))
                 	SBCI R22,BYTE3(-2*@0-(@1))
                 	.ENDM
                 
                 	.MACRO __ADDD1N
                 	SUBI R30,LOW(-@0)
                 	SBCI R31,HIGH(-@0)
                 	SBCI R22,BYTE3(-@0)
                 	SBCI R23,BYTE4(-@0)
                 	.ENDM
                 
                 	.MACRO __ADDD2N
                 	SUBI R26,LOW(-@0)
                 	SBCI R27,HIGH(-@0)
                 	SBCI R24,BYTE3(-@0)
                 	SBCI R25,BYTE4(-@0)
                 	.ENDM
                 
                 	.MACRO __SUBD1N
                 	SUBI R30,LOW(@0)
                 	SBCI R31,HIGH(@0)
                 	SBCI R22,BYTE3(@0)
                 	SBCI R23,BYTE4(@0)
                 	.ENDM
                 
                 	.MACRO __SUBD2N
                 	SUBI R26,LOW(@0)
                 	SBCI R27,HIGH(@0)
                 	SBCI R24,BYTE3(@0)
                 	SBCI R25,BYTE4(@0)
                 	.ENDM
                 
                 	.MACRO __ANDBMNN
                 	LDS  R30,@0+(@1)
                 	ANDI R30,LOW(@2)
                 	STS  @0+(@1),R30
                 	.ENDM
                 
                 	.MACRO __ANDWMNN
                 	LDS  R30,@0+(@1)
                 	ANDI R30,LOW(@2)
                 	STS  @0+(@1),R30
                 	LDS  R30,@0+(@1)+1
                 	ANDI R30,HIGH(@2)
                 	STS  @0+(@1)+1,R30
                 	.ENDM
                 
                 	.MACRO __ANDD1N
                 	ANDI R30,LOW(@0)
                 	ANDI R31,HIGH(@0)
                 	ANDI R22,BYTE3(@0)
                 	ANDI R23,BYTE4(@0)
                 	.ENDM
                 
                 	.MACRO __ANDD2N
                 	ANDI R26,LOW(@0)
                 	ANDI R27,HIGH(@0)
                 	ANDI R24,BYTE3(@0)
                 	ANDI R25,BYTE4(@0)
                 	.ENDM
                 
                 	.MACRO __ORBMNN
                 	LDS  R30,@0+(@1)
                 	ORI  R30,LOW(@2)
                 	STS  @0+(@1),R30
                 	.ENDM
                 
                 	.MACRO __ORWMNN
                 	LDS  R30,@0+(@1)
                 	ORI  R30,LOW(@2)
                 	STS  @0+(@1),R30
                 	LDS  R30,@0+(@1)+1
                 	ORI  R30,HIGH(@2)
                 	STS  @0+(@1)+1,R30
                 	.ENDM
                 
                 	.MACRO __ORD1N
                 	ORI  R30,LOW(@0)
                 	ORI  R31,HIGH(@0)
                 	ORI  R22,BYTE3(@0)
                 	ORI  R23,BYTE4(@0)
                 	.ENDM
                 
                 	.MACRO __ORD2N
                 	ORI  R26,LOW(@0)
                 	ORI  R27,HIGH(@0)
                 	ORI  R24,BYTE3(@0)
                 	ORI  R25,BYTE4(@0)
                 	.ENDM
                 
                 	.MACRO __DELAY_USB
                 	LDI  R24,LOW(@0)
                 __DELAY_USB_LOOP:
                 	DEC  R24
                 	BRNE __DELAY_USB_LOOP
                 	.ENDM
                 
                 	.MACRO __DELAY_USW
                 	LDI  R24,LOW(@0)
                 	LDI  R25,HIGH(@0)
                 __DELAY_USW_LOOP:
                 	SBIW R24,1
                 	BRNE __DELAY_USW_LOOP
                 	.ENDM
                 
                 	.MACRO __GETD1S
                 	LDD  R30,Y+@0
                 	LDD  R31,Y+@0+1
                 	LDD  R22,Y+@0+2
                 	LDD  R23,Y+@0+3
                 	.ENDM
                 
                 	.MACRO __GETD2S
                 	LDD  R26,Y+@0
                 	LDD  R27,Y+@0+1
                 	LDD  R24,Y+@0+2
                 	LDD  R25,Y+@0+3
                 	.ENDM
                 
                 	.MACRO __PUTD1S
                 	STD  Y+@0,R30
                 	STD  Y+@0+1,R31
                 	STD  Y+@0+2,R22
                 	STD  Y+@0+3,R23
                 	.ENDM
                 
                 	.MACRO __PUTD2S
                 	STD  Y+@0,R26
                 	STD  Y+@0+1,R27
                 	STD  Y+@0+2,R24
                 	STD  Y+@0+3,R25
                 	.ENDM
                 
                 	.MACRO __PUTDZ2
                 	STD  Z+@0,R26
                 	STD  Z+@0+1,R27
                 	STD  Z+@0+2,R24
                 	STD  Z+@0+3,R25
                 	.ENDM
                 
                 	.MACRO __CLRD1S
                 	STD  Y+@0,R30
                 	STD  Y+@0+1,R30
                 	STD  Y+@0+2,R30
                 	STD  Y+@0+3,R30
                 	.ENDM
                 
                 	.MACRO __POINTB1MN
                 	LDI  R30,LOW(@0+(@1))
                 	.ENDM
                 
                 	.MACRO __POINTW1MN
                 	LDI  R30,LOW(@0+(@1))
                 	LDI  R31,HIGH(@0+(@1))
                 	.ENDM
                 
                 	.MACRO __POINTD1M
                 	LDI  R30,LOW(@0)
                 	LDI  R31,HIGH(@0)
                 	LDI  R22,BYTE3(@0)
                 	LDI  R23,BYTE4(@0)
                 	.ENDM
                 
                 	.MACRO __POINTW1FN
                 	LDI  R30,LOW(2*@0+(@1))
                 	LDI  R31,HIGH(2*@0+(@1))
                 	.ENDM
                 
                 	.MACRO __POINTD1FN
                 	LDI  R30,LOW(2*@0+(@1))
                 	LDI  R31,HIGH(2*@0+(@1))
                 	LDI  R22,BYTE3(2*@0+(@1))
                 	LDI  R23,BYTE4(2*@0+(@1))
                 	.ENDM
                 
                 	.MACRO __POINTB2MN
                 	LDI  R26,LOW(@0+(@1))
                 	.ENDM
                 
                 	.MACRO __POINTW2MN
                 	LDI  R26,LOW(@0+(@1))
                 	LDI  R27,HIGH(@0+(@1))
                 	.ENDM
                 
                 	.MACRO __POINTW2FN
                 	LDI  R26,LOW(2*@0+(@1))
                 	LDI  R27,HIGH(2*@0+(@1))
                 	.ENDM
                 
                 	.MACRO __POINTD2FN
                 	LDI  R26,LOW(2*@0+(@1))
                 	LDI  R27,HIGH(2*@0+(@1))
                 	LDI  R24,BYTE3(2*@0+(@1))
                 	LDI  R25,BYTE4(2*@0+(@1))
                 	.ENDM
                 
                 	.MACRO __POINTBRM
                 	LDI  R@0,LOW(@1)
                 	.ENDM
                 
                 	.MACRO __POINTWRM
                 	LDI  R@0,LOW(@2)
                 	LDI  R@1,HIGH(@2)
                 	.ENDM
                 
                 	.MACRO __POINTBRMN
                 	LDI  R@0,LOW(@1+(@2))
                 	.ENDM
                 
                 	.MACRO __POINTWRMN
                 	LDI  R@0,LOW(@2+(@3))
                 	LDI  R@1,HIGH(@2+(@3))
                 	.ENDM
                 
                 	.MACRO __POINTWRFN
                 	LDI  R@0,LOW(@2*2+(@3))
                 	LDI  R@1,HIGH(@2*2+(@3))
                 	.ENDM
                 
                 	.MACRO __GETD1N
                 	LDI  R30,LOW(@0)
                 	LDI  R31,HIGH(@0)
                 	LDI  R22,BYTE3(@0)
                 	LDI  R23,BYTE4(@0)
                 	.ENDM
                 
                 	.MACRO __GETD2N
                 	LDI  R26,LOW(@0)
                 	LDI  R27,HIGH(@0)
                 	LDI  R24,BYTE3(@0)
                 	LDI  R25,BYTE4(@0)
                 	.ENDM
                 
                 	.MACRO __GETB1MN
                 	LDS  R30,@0+(@1)
                 	.ENDM
                 
                 	.MACRO __GETB1HMN
                 	LDS  R31,@0+(@1)
                 	.ENDM
                 
                 	.MACRO __GETW1MN
                 	LDS  R30,@0+(@1)
                 	LDS  R31,@0+(@1)+1
                 	.ENDM
                 
                 	.MACRO __GETD1MN
                 	LDS  R30,@0+(@1)
                 	LDS  R31,@0+(@1)+1
                 	LDS  R22,@0+(@1)+2
                 	LDS  R23,@0+(@1)+3
                 	.ENDM
                 
                 	.MACRO __GETBRMN
                 	LDS  R@0,@1+(@2)
                 	.ENDM
                 
                 	.MACRO __GETWRMN
                 	LDS  R@0,@2+(@3)
                 	LDS  R@1,@2+(@3)+1
                 	.ENDM
                 
                 	.MACRO __GETWRZ
                 	LDD  R@0,Z+@2
                 	LDD  R@1,Z+@2+1
                 	.ENDM
                 
                 	.MACRO __GETD2Z
                 	LDD  R26,Z+@0
                 	LDD  R27,Z+@0+1
                 	LDD  R24,Z+@0+2
                 	LDD  R25,Z+@0+3
                 	.ENDM
                 
                 	.MACRO __GETB2MN
                 	LDS  R26,@0+(@1)
                 	.ENDM
                 
                 	.MACRO __GETW2MN
                 	LDS  R26,@0+(@1)
                 	LDS  R27,@0+(@1)+1
                 	.ENDM
                 
                 	.MACRO __GETD2MN
                 	LDS  R26,@0+(@1)
                 	LDS  R27,@0+(@1)+1
                 	LDS  R24,@0+(@1)+2
                 	LDS  R25,@0+(@1)+3
                 	.ENDM
                 
                 	.MACRO __PUTB1MN
                 	STS  @0+(@1),R30
                 	.ENDM
                 
                 	.MACRO __PUTW1MN
                 	STS  @0+(@1),R30
                 	STS  @0+(@1)+1,R31
                 	.ENDM
                 
                 	.MACRO __PUTD1MN
                 	STS  @0+(@1),R30
                 	STS  @0+(@1)+1,R31
                 	STS  @0+(@1)+2,R22
                 	STS  @0+(@1)+3,R23
                 	.ENDM
                 
                 	.MACRO __PUTB1EN
                 	LDI  R26,LOW(@0+(@1))
                 	LDI  R27,HIGH(@0+(@1))
                 	CALL __EEPROMWRB
                 	.ENDM
                 
                 	.MACRO __PUTW1EN
                 	LDI  R26,LOW(@0+(@1))
                 	LDI  R27,HIGH(@0+(@1))
                 	CALL __EEPROMWRW
                 	.ENDM
                 
                 	.MACRO __PUTD1EN
                 	LDI  R26,LOW(@0+(@1))
                 	LDI  R27,HIGH(@0+(@1))
                 	CALL __EEPROMWRD
                 	.ENDM
                 
                 	.MACRO __PUTBR0MN
                 	STS  @0+(@1),R0
                 	.ENDM
                 
                 	.MACRO __PUTBMRN
                 	STS  @0+(@1),R@2
                 	.ENDM
                 
                 	.MACRO __PUTWMRN
                 	STS  @0+(@1),R@2
                 	STS  @0+(@1)+1,R@3
                 	.ENDM
                 
                 	.MACRO __PUTBZR
                 	STD  Z+@1,R@0
                 	.ENDM
                 
                 	.MACRO __PUTWZR
                 	STD  Z+@2,R@0
                 	STD  Z+@2+1,R@1
                 	.ENDM
                 
                 	.MACRO __GETW1R
                 	MOV  R30,R@0
                 	MOV  R31,R@1
                 	.ENDM
                 
                 	.MACRO __GETW2R
                 	MOV  R26,R@0
                 	MOV  R27,R@1
                 	.ENDM
                 
                 	.MACRO __GETWRN
                 	LDI  R@0,LOW(@2)
                 	LDI  R@1,HIGH(@2)
                 	.ENDM
                 
                 	.MACRO __PUTW1R
                 	MOV  R@0,R30
                 	MOV  R@1,R31
                 	.ENDM
                 
                 	.MACRO __PUTW2R
                 	MOV  R@0,R26
                 	MOV  R@1,R27
                 	.ENDM
                 
                 	.MACRO __ADDWRN
                 	SUBI R@0,LOW(-@2)
                 	SBCI R@1,HIGH(-@2)
                 	.ENDM
                 
                 	.MACRO __ADDWRR
                 	ADD  R@0,R@2
                 	ADC  R@1,R@3
                 	.ENDM
                 
                 	.MACRO __SUBWRN
                 	SUBI R@0,LOW(@2)
                 	SBCI R@1,HIGH(@2)
                 	.ENDM
                 
                 	.MACRO __SUBWRR
                 	SUB  R@0,R@2
                 	SBC  R@1,R@3
                 	.ENDM
                 
                 	.MACRO __ANDWRN
                 	ANDI R@0,LOW(@2)
                 	ANDI R@1,HIGH(@2)
                 	.ENDM
                 
                 	.MACRO __ANDWRR
                 	AND  R@0,R@2
                 	AND  R@1,R@3
                 	.ENDM
                 
                 	.MACRO __ORWRN
                 	ORI  R@0,LOW(@2)
                 	ORI  R@1,HIGH(@2)
                 	.ENDM
                 
                 	.MACRO __ORWRR
                 	OR   R@0,R@2
                 	OR   R@1,R@3
                 	.ENDM
                 
                 	.MACRO __EORWRR
                 	EOR  R@0,R@2
                 	EOR  R@1,R@3
                 	.ENDM
                 
                 	.MACRO __GETWRS
                 	LDD  R@0,Y+@2
                 	LDD  R@1,Y+@2+1
                 	.ENDM
                 
                 	.MACRO __PUTBSR
                 	STD  Y+@1,R@0
                 	.ENDM
                 
                 	.MACRO __PUTWSR
                 	STD  Y+@2,R@0
                 	STD  Y+@2+1,R@1
                 	.ENDM
                 
                 	.MACRO __MOVEWRR
                 	MOV  R@0,R@2
                 	MOV  R@1,R@3
                 	.ENDM
                 
                 	.MACRO __INWR
                 	IN   R@0,@2
                 	IN   R@1,@2+1
                 	.ENDM
                 
                 	.MACRO __OUTWR
                 	OUT  @2+1,R@1
                 	OUT  @2,R@0
                 	.ENDM
                 
                 	.MACRO __CALL1MN
                 	LDS  R30,@0+(@1)
                 	LDS  R31,@0+(@1)+1
                 	ICALL
                 	.ENDM
                 
                 	.MACRO __CALL1FN
                 	LDI  R30,LOW(2*@0+(@1))
                 	LDI  R31,HIGH(2*@0+(@1))
                 	CALL __GETW1PF
                 	ICALL
                 	.ENDM
                 
                 	.MACRO __CALL2EN
                 	LDI  R26,LOW(@0+(@1))
                 	LDI  R27,HIGH(@0+(@1))
                 	CALL __EEPROMRDW
                 	ICALL
                 	.ENDM
                 
                 	.MACRO __GETW1STACK
                 	IN   R26,SPL
                 	IN   R27,SPH
                 	ADIW R26,@0+1
                 	LD   R30,X+
                 	LD   R31,X
                 	.ENDM
                 
                 	.MACRO __GETD1STACK
                 	IN   R26,SPL
                 	IN   R27,SPH
                 	ADIW R26,@0+1
                 	LD   R30,X+
                 	LD   R31,X+
                 	LD   R22,X
                 	.ENDM
                 
                 	.MACRO __NBST
                 	BST  R@0,@1
                 	IN   R30,SREG
                 	LDI  R31,0x40
                 	EOR  R30,R31
                 	OUT  SREG,R30
                 	.ENDM
                 
                 
                 	.MACRO __PUTB1SN
                 	LDD  R26,Y+@0
                 	LDD  R27,Y+@0+1
                 	SUBI R26,LOW(-@1)
                 	SBCI R27,HIGH(-@1)
                 	ST   X,R30
                 	.ENDM
                 
                 	.MACRO __PUTW1SN
                 	LDD  R26,Y+@0
                 	LDD  R27,Y+@0+1
                 	SUBI R26,LOW(-@1)
                 	SBCI R27,HIGH(-@1)
                 	ST   X+,R30
                 	ST   X,R31
                 	.ENDM
                 
                 	.MACRO __PUTD1SN
                 	LDD  R26,Y+@0
                 	LDD  R27,Y+@0+1
                 	SUBI R26,LOW(-@1)
                 	SBCI R27,HIGH(-@1)
                 	CALL __PUTDP1
                 	.ENDM
                 
                 	.MACRO __PUTB1SNS
                 	LDD  R26,Y+@0
                 	LDD  R27,Y+@0+1
                 	ADIW R26,@1
                 	ST   X,R30
                 	.ENDM
                 
                 	.MACRO __PUTW1SNS
                 	LDD  R26,Y+@0
                 	LDD  R27,Y+@0+1
                 	ADIW R26,@1
                 	ST   X+,R30
                 	ST   X,R31
                 	.ENDM
                 
                 	.MACRO __PUTD1SNS
                 	LDD  R26,Y+@0
                 	LDD  R27,Y+@0+1
                 	ADIW R26,@1
                 	CALL __PUTDP1
                 	.ENDM
                 
                 	.MACRO __PUTB1PMN
                 	LDS  R26,@0
                 	LDS  R27,@0+1
                 	SUBI R26,LOW(-@1)
                 	SBCI R27,HIGH(-@1)
                 	ST   X,R30
                 	.ENDM
                 
                 	.MACRO __PUTW1PMN
                 	LDS  R26,@0
                 	LDS  R27,@0+1
                 	SUBI R26,LOW(-@1)
                 	SBCI R27,HIGH(-@1)
                 	ST   X+,R30
                 	ST   X,R31
                 	.ENDM
                 
                 	.MACRO __PUTD1PMN
                 	LDS  R26,@0
                 	LDS  R27,@0+1
                 	SUBI R26,LOW(-@1)
                 	SBCI R27,HIGH(-@1)
                 	CALL __PUTDP1
                 	.ENDM
                 
                 	.MACRO __PUTB1PMNS
                 	LDS  R26,@0
                 	LDS  R27,@0+1
                 	ADIW R26,@1
                 	ST   X,R30
                 	.ENDM
                 
                 	.MACRO __PUTW1PMNS
                 	LDS  R26,@0
                 	LDS  R27,@0+1
                 	ADIW R26,@1
                 	ST   X+,R30
                 	ST   X,R31
                 	.ENDM
                 
                 	.MACRO __PUTD1PMNS
                 	LDS  R26,@0
                 	LDS  R27,@0+1
                 	ADIW R26,@1
                 	CALL __PUTDP1
                 	.ENDM
                 
                 	.MACRO __PUTB1RN
                 	MOVW R26,R@0
                 	SUBI R26,LOW(-@1)
                 	SBCI R27,HIGH(-@1)
                 	ST   X,R30
                 	.ENDM
                 
                 	.MACRO __PUTW1RN
                 	MOVW R26,R@0
                 	SUBI R26,LOW(-@1)
                 	SBCI R27,HIGH(-@1)
                 	ST   X+,R30
                 	ST   X,R31
                 	.ENDM
                 
                 	.MACRO __PUTD1RN
                 	MOVW R26,R@0
                 	SUBI R26,LOW(-@1)
                 	SBCI R27,HIGH(-@1)
                 	CALL __PUTDP1
                 	.ENDM
                 
                 	.MACRO __PUTB1RNS
                 	MOVW R26,R@0
                 	ADIW R26,@1
                 	ST   X,R30
                 	.ENDM
                 
                 	.MACRO __PUTW1RNS
                 	MOVW R26,R@0
                 	ADIW R26,@1
                 	ST   X+,R30
                 	ST   X,R31
                 	.ENDM
                 
                 	.MACRO __PUTD1RNS
                 	MOVW R26,R@0
                 	ADIW R26,@1
                 	CALL __PUTDP1
                 	.ENDM
                 
                 	.MACRO __PUTB1RON
                 	MOV  R26,R@0
                 	MOV  R27,R@1
                 	SUBI R26,LOW(-@2)
                 	SBCI R27,HIGH(-@2)
                 	ST   X,R30
                 	.ENDM
                 
                 	.MACRO __PUTW1RON
                 	MOV  R26,R@0
                 	MOV  R27,R@1
                 	SUBI R26,LOW(-@2)
                 	SBCI R27,HIGH(-@2)
                 	ST   X+,R30
                 	ST   X,R31
                 	.ENDM
                 
                 	.MACRO __PUTD1RON
                 	MOV  R26,R@0
                 	MOV  R27,R@1
                 	SUBI R26,LOW(-@2)
                 	SBCI R27,HIGH(-@2)
                 	CALL __PUTDP1
                 	.ENDM
                 
                 	.MACRO __PUTB1RONS
                 	MOV  R26,R@0
                 	MOV  R27,R@1
                 	ADIW R26,@2
                 	ST   X,R30
                 	.ENDM
                 
                 	.MACRO __PUTW1RONS
                 	MOV  R26,R@0
                 	MOV  R27,R@1
                 	ADIW R26,@2
                 	ST   X+,R30
                 	ST   X,R31
                 	.ENDM
                 
                 	.MACRO __PUTD1RONS
                 	MOV  R26,R@0
                 	MOV  R27,R@1
                 	ADIW R26,@2
                 	CALL __PUTDP1
                 	.ENDM
                 
                 
                 	.MACRO __GETB1SX
                 	MOVW R30,R28
                 	SUBI R30,LOW(-@0)
                 	SBCI R31,HIGH(-@0)
                 	LD   R30,Z
                 	.ENDM
                 
                 	.MACRO __GETB1HSX
                 	MOVW R30,R28
                 	SUBI R30,LOW(-@0)
                 	SBCI R31,HIGH(-@0)
                 	LD   R31,Z
                 	.ENDM
                 
                 	.MACRO __GETW1SX
                 	MOVW R30,R28
                 	SUBI R30,LOW(-@0)
                 	SBCI R31,HIGH(-@0)
                 	LD   R0,Z+
                 	LD   R31,Z
                 	MOV  R30,R0
                 	.ENDM
                 
                 	.MACRO __GETD1SX
                 	MOVW R30,R28
                 	SUBI R30,LOW(-@0)
                 	SBCI R31,HIGH(-@0)
                 	LD   R0,Z+
                 	LD   R1,Z+
                 	LD   R22,Z+
                 	LD   R23,Z
                 	MOVW R30,R0
                 	.ENDM
                 
                 	.MACRO __GETB2SX
                 	MOVW R26,R28
                 	SUBI R26,LOW(-@0)
                 	SBCI R27,HIGH(-@0)
                 	LD   R26,X
                 	.ENDM
                 
                 	.MACRO __GETW2SX
                 	MOVW R26,R28
                 	SUBI R26,LOW(-@0)
                 	SBCI R27,HIGH(-@0)
                 	LD   R0,X+
                 	LD   R27,X
                 	MOV  R26,R0
                 	.ENDM
                 
                 	.MACRO __GETD2SX
                 	MOVW R26,R28
                 	SUBI R26,LOW(-@0)
                 	SBCI R27,HIGH(-@0)
                 	LD   R0,X+
                 	LD   R1,X+
                 	LD   R24,X+
                 	LD   R25,X
                 	MOVW R26,R0
                 	.ENDM
                 
                 	.MACRO __GETBRSX
                 	MOVW R30,R28
                 	SUBI R30,LOW(-@1)
                 	SBCI R31,HIGH(-@1)
                 	LD   R@0,Z
                 	.ENDM
                 
                 	.MACRO __GETWRSX
                 	MOVW R30,R28
                 	SUBI R30,LOW(-@2)
                 	SBCI R31,HIGH(-@2)
                 	LD   R@0,Z+
                 	LD   R@1,Z
                 	.ENDM
                 
                 	.MACRO __GETBRSX2
                 	MOVW R26,R28
                 	SUBI R26,LOW(-@1)
                 	SBCI R27,HIGH(-@1)
                 	LD   R@0,X
                 	.ENDM
                 
                 	.MACRO __GETWRSX2
                 	MOVW R26,R28
                 	SUBI R26,LOW(-@2)
                 	SBCI R27,HIGH(-@2)
                 	LD   R@0,X+
                 	LD   R@1,X
                 	.ENDM
                 
                 	.MACRO __LSLW8SX
                 	MOVW R30,R28
                 	SUBI R30,LOW(-@0)
                 	SBCI R31,HIGH(-@0)
                 	LD   R31,Z
                 	CLR  R30
                 	.ENDM
                 
                 	.MACRO __PUTB1SX
                 	MOVW R26,R28
                 	SUBI R26,LOW(-@0)
                 	SBCI R27,HIGH(-@0)
                 	ST   X,R30
                 	.ENDM
                 
                 	.MACRO __PUTW1SX
                 	MOVW R26,R28
                 	SUBI R26,LOW(-@0)
                 	SBCI R27,HIGH(-@0)
                 	ST   X+,R30
                 	ST   X,R31
                 	.ENDM
                 
                 	.MACRO __PUTD1SX
                 	MOVW R26,R28
                 	SUBI R26,LOW(-@0)
                 	SBCI R27,HIGH(-@0)
                 	ST   X+,R30
                 	ST   X+,R31
                 	ST   X+,R22
                 	ST   X,R23
                 	.ENDM
                 
                 	.MACRO __CLRW1SX
                 	MOVW R26,R28
                 	SUBI R26,LOW(-@0)
                 	SBCI R27,HIGH(-@0)
                 	ST   X+,R30
                 	ST   X,R30
                 	.ENDM
                 
                 	.MACRO __CLRD1SX
                 	MOVW R26,R28
                 	SUBI R26,LOW(-@0)
                 	SBCI R27,HIGH(-@0)
                 	ST   X+,R30
                 	ST   X+,R30
                 	ST   X+,R30
                 	ST   X,R30
                 	.ENDM
                 
                 	.MACRO __PUTB2SX
                 	MOVW R30,R28
                 	SUBI R30,LOW(-@0)
                 	SBCI R31,HIGH(-@0)
                 	ST   Z,R26
                 	.ENDM
                 
                 	.MACRO __PUTW2SX
                 	MOVW R30,R28
                 	SUBI R30,LOW(-@0)
                 	SBCI R31,HIGH(-@0)
                 	ST   Z+,R26
                 	ST   Z,R27
                 	.ENDM
                 
                 	.MACRO __PUTD2SX
                 	MOVW R30,R28
                 	SUBI R30,LOW(-@0)
                 	SBCI R31,HIGH(-@0)
                 	ST   Z+,R26
                 	ST   Z+,R27
                 	ST   Z+,R24
                 	ST   Z,R25
                 	.ENDM
                 
                 	.MACRO __PUTBSRX
                 	MOVW R30,R28
                 	SUBI R30,LOW(-@1)
                 	SBCI R31,HIGH(-@1)
                 	ST   Z,R@0
                 	.ENDM
                 
                 	.MACRO __PUTWSRX
                 	MOVW R30,R28
                 	SUBI R30,LOW(-@2)
                 	SBCI R31,HIGH(-@2)
                 	ST   Z+,R@0
                 	ST   Z,R@1
                 	.ENDM
                 
                 	.MACRO __PUTB1SNX
                 	MOVW R26,R28
                 	SUBI R26,LOW(-@0)
                 	SBCI R27,HIGH(-@0)
                 	LD   R0,X+
                 	LD   R27,X
                 	MOV  R26,R0
                 	SUBI R26,LOW(-@1)
                 	SBCI R27,HIGH(-@1)
                 	ST   X,R30
                 	.ENDM
                 
                 	.MACRO __PUTW1SNX
                 	MOVW R26,R28
                 	SUBI R26,LOW(-@0)
                 	SBCI R27,HIGH(-@0)
                 	LD   R0,X+
                 	LD   R27,X
                 	MOV  R26,R0
                 	SUBI R26,LOW(-@1)
                 	SBCI R27,HIGH(-@1)
                 	ST   X+,R30
                 	ST   X,R31
                 	.ENDM
                 
                 	.MACRO __PUTD1SNX
                 	MOVW R26,R28
                 	SUBI R26,LOW(-@0)
                 	SBCI R27,HIGH(-@0)
                 	LD   R0,X+
                 	LD   R27,X
                 	MOV  R26,R0
                 	SUBI R26,LOW(-@1)
                 	SBCI R27,HIGH(-@1)
                 	ST   X+,R30
                 	ST   X+,R31
                 	ST   X+,R22
                 	ST   X,R23
                 	.ENDM
                 
                 	.MACRO __MULBRR
                 	MULS R@0,R@1
                 	MOVW R30,R0
                 	.ENDM
                 
                 	.MACRO __MULBRRU
                 	MUL  R@0,R@1
                 	MOVW R30,R0
                 	.ENDM
                 
                 	.MACRO __MULBRR0
                 	MULS R@0,R@1
                 	.ENDM
                 
                 	.MACRO __MULBRRU0
                 	MUL  R@0,R@1
                 	.ENDM
                 
                 	.MACRO __MULBNWRU
                 	LDI  R26,@2
                 	MUL  R26,R@0
                 	MOVW R30,R0
                 	MUL  R26,R@1
                 	ADD  R31,R0
                 	.ENDM
                 
                 ;NAME DEFINITIONS FOR GLOBAL VARIABLES ALLOCATED TO REGISTERS
                 	.DEF _data=R5
                 	.DEF _pwm=R4
                 	.DEF _a=R7
                 	.DEF __lcd_x=R6
                 	.DEF __lcd_y=R9
                 	.DEF __lcd_maxx=R8
                 
                 	.CSEG
                 	.ORG 0x00
                 
                 ;START OF CODE MARKER
                 __START_OF_CODE:
                 
                 ;INTERRUPT VECTORS
000000 940c 0042 	JMP  __RESET
000002 940c 0000 	JMP  0x00
000004 940c 0000 	JMP  0x00
000006 940c 0000 	JMP  0x00
000008 940c 0000 	JMP  0x00
00000a 940c 0000 	JMP  0x00
00000c 940c 0000 	JMP  0x00
00000e 940c 0000 	JMP  0x00
000010 940c 0000 	JMP  0x00
000012 940c 0072 	JMP  _timer0_ovf_isr
000014 940c 0000 	JMP  0x00
000016 940c 0000 	JMP  0x00
000018 940c 0000 	JMP  0x00
00001a 940c 0000 	JMP  0x00
00001c 940c 0000 	JMP  0x00
00001e 940c 0000 	JMP  0x00
000020 940c 0000 	JMP  0x00
000022 940c 0000 	JMP  0x00
000024 940c 0000 	JMP  0x00
000026 940c 0000 	JMP  0x00
000028 940c 0000 	JMP  0x00
                 
                 _tbl10_G101:
00002a 2710
00002b 03e8
00002c 0064
00002d 000a      	.DB  0x10,0x27,0xE8,0x3,0x64,0x0,0xA,0x0
00002e 0001      	.DB  0x1,0x0
                 _tbl16_G101:
00002f 1000
000030 0100
000031 0010
000032 0001      	.DB  0x0,0x10,0x0,0x1,0x10,0x0,0x1,0x0
                 
                 _0x0:
000033 5750
000034 204d
000035 203d
000036 3325      	.DB  0x50,0x57,0x4D,0x20,0x3D,0x20,0x25,0x33
000037 0064
000038 4441
000039 2043
00003a 203d      	.DB  0x64,0x0,0x41,0x44,0x43,0x20,0x3D,0x20
00003b 3325
00003c 0064      	.DB  0x25,0x33,0x64,0x0
                 _0x2000003:
00003d c080      	.DB  0x80,0xC0
                 
                 __GLOBAL_INI_TBL:
00003e 0002      	.DW  0x02
00003f 0170      	.DW  __base_y_G100
000040 007a      	.DW  _0x2000003*2
                 
                 _0xFFFFFFFF:
000041 0000      	.DW  0
                 
                 __RESET:
000042 94f8      	CLI
000043 27ee      	CLR  R30
000044 bbec      	OUT  EECR,R30
                 
                 ;INTERRUPT VECTORS ARE PLACED
                 ;AT THE START OF FLASH
000045 e0f1      	LDI  R31,1
000046 bffb      	OUT  GICR,R31
000047 bfeb      	OUT  GICR,R30
000048 bfe5      	OUT  MCUCR,R30
                 
                 ;DISABLE WATCHDOG
000049 e1f8      	LDI  R31,0x18
00004a bdf1      	OUT  WDTCR,R31
00004b bde1      	OUT  WDTCR,R30
                 
                 ;CLEAR R2-R14
00004c e08d      	LDI  R24,(14-2)+1
00004d e0a2      	LDI  R26,2
00004e 27bb      	CLR  R27
                 __CLEAR_REG:
00004f 93ed      	ST   X+,R30
000050 958a      	DEC  R24
000051 f7e9      	BRNE __CLEAR_REG
                 
                 ;CLEAR SRAM
000052 e080      	LDI  R24,LOW(__CLEAR_SRAM_SIZE)
000053 e094      	LDI  R25,HIGH(__CLEAR_SRAM_SIZE)
000054 e6a0      	LDI  R26,__SRAM_START
                 __CLEAR_SRAM:
000055 93ed      	ST   X+,R30
000056 9701      	SBIW R24,1
000057 f7e9      	BRNE __CLEAR_SRAM
                 
                 ;GLOBAL VARIABLES INITIALIZATION
000058 e7ec      	LDI  R30,LOW(__GLOBAL_INI_TBL*2)
000059 e0f0      	LDI  R31,HIGH(__GLOBAL_INI_TBL*2)
                 __GLOBAL_INI_NEXT:
00005a 9185      	LPM  R24,Z+
00005b 9195      	LPM  R25,Z+
00005c 9700      	SBIW R24,0
00005d f061      	BREQ __GLOBAL_INI_END
00005e 91a5      	LPM  R26,Z+
00005f 91b5      	LPM  R27,Z+
000060 9005      	LPM  R0,Z+
000061 9015      	LPM  R1,Z+
000062 01bf      	MOVW R22,R30
000063 01f0      	MOVW R30,R0
                 __GLOBAL_INI_LOOP:
000064 9005      	LPM  R0,Z+
000065 920d      	ST   X+,R0
000066 9701      	SBIW R24,1
000067 f7e1      	BRNE __GLOBAL_INI_LOOP
000068 01fb      	MOVW R30,R22
000069 cff0      	RJMP __GLOBAL_INI_NEXT
                 __GLOBAL_INI_END:
                 
                 ;HARDWARE STACK POINTER INITIALIZATION
00006a e5ef      	LDI  R30,LOW(__SRAM_END-__HEAP_SIZE)
00006b bfed      	OUT  SPL,R30
00006c e0e4      	LDI  R30,HIGH(__SRAM_END-__HEAP_SIZE)
00006d bfee      	OUT  SPH,R30
                 
                 ;DATA STACK POINTER INITIALIZATION
00006e e6c0      	LDI  R28,LOW(__SRAM_START+__DSTACK_SIZE)
00006f e0d1      	LDI  R29,HIGH(__SRAM_START+__DSTACK_SIZE)
                 
000070 940c 008a 	JMP  _main
                 
                 	.ESEG
                 	.ORG 0
                 
                 	.DSEG
                 	.ORG 0x160
                 
                 	.CSEG
                 ;/*****************************************************
                 ;This program was produced by the
                 ;CodeWizardAVR V2.05.3 Standard
                 ;Automatic Program Generator
                 ;© Copyright 1998-2011 Pavel Haiduc, HP InfoTech s.r.l.
                 ;http://www.hpinfotech.com
                 ;
                 ;Project :
                 ;Version :
                 ;Date    : 25/04/2018
                 ;Author  : Windows User
                 ;Company :
                 ;Comments:
                 ;
                 ;
                 ;Chip type               : ATmega16
                 ;Program type            : Application
                 ;AVR Core Clock frequency: 11,059200 MHz
                 ;Memory model            : Small
                 ;External RAM size       : 0
                 ;Data Stack size         : 256
                 ;*****************************************************/
                 ;
                 ;#include <mega16.h>
                 	#ifndef __SLEEP_DEFINED__
                 	#define __SLEEP_DEFINED__
                 	.EQU __se_bit=0x40
                 	.EQU __sm_mask=0xB0
                 	.EQU __sm_powerdown=0x20
                 	.EQU __sm_powersave=0x30
                 	.EQU __sm_standby=0xA0
                 	.EQU __sm_ext_standby=0xB0
                 	.EQU __sm_adc_noise_red=0x10
                 	.SET power_ctrl_reg=mcucr
                 	#endif
                 ;
                 ;#include <delay.h>
                 ;
                 ;// Alphanumeric LCD functions
                 ;#include <alcd.h>
                 ;#include <stdio.h>
                 ;
                 ;
                 ;unsigned char lcd[16];
                 ;unsigned char data,pwm,a;
                 ;
                 ;
                 ;// Timer 0 overflow interrupt service routine
                 ;interrupt [TIM0_OVF] void timer0_ovf_isr(void)
                 ; 0000 0027 {
                 
                 	.CSEG
                 _timer0_ovf_isr:
000072 93ea      	ST   -Y,R30
000073 b7ef      	IN   R30,SREG
                 ; 0000 0028 // Place your code here
                 ; 0000 0029 a++;
000074 9473      	INC  R7
                 ; 0000 002A if(a<=pwm){PORTC.1=0;}
000075 1447      	CP   R4,R7
000076 f010      	BRLO _0x3
000077 98a9      	CBI  0x15,1
                 ; 0000 002B else {PORTC.1=1;}
000078 c001      	RJMP _0x6
                 _0x3:
000079 9aa9      	SBI  0x15,1
                 _0x6:
                 ; 0000 002C 
                 ; 0000 002D }
00007a bfef      	OUT  SREG,R30
00007b 91e9      	LD   R30,Y+
00007c 9518      	RETI
                 ;
                 ;#define ADC_VREF_TYPE 0x00
                 ;
                 ;// Read the AD conversion result
                 ;unsigned int read_adc(unsigned char adc_input)
                 ; 0000 0033 {
                 _read_adc:
                 ; 0000 0034 ADMUX=adc_input | (ADC_VREF_TYPE & 0xff);
00007d 93aa      	ST   -Y,R26
                 ;	adc_input -> Y+0
00007e 81e8      	LD   R30,Y
00007f b9e7      	OUT  0x7,R30
                 ; 0000 0035 // Delay needed for the stabilization of the ADC input voltage
                 ; 0000 0036 delay_us(10);
                +
000080 e285     +LDI R24 , LOW ( 37 )
                +__DELAY_USB_LOOP :
000081 958a     +DEC R24
000082 f7f1     +BRNE __DELAY_USB_LOOP
                 	__DELAY_USB 37
                 ; 0000 0037 // Start the AD conversion
                 ; 0000 0038 ADCSRA|=0x40;
000083 9a36      	SBI  0x6,6
                 ; 0000 0039 // Wait for the AD conversion to complete
                 ; 0000 003A while ((ADCSRA & 0x10)==0);
                 _0x9:
000084 9b34      	SBIS 0x6,4
000085 cffe      	RJMP _0x9
                 ; 0000 003B ADCSRA|=0x10;
000086 9a34      	SBI  0x6,4
                 ; 0000 003C return ADCW;
000087 b1e4      	IN   R30,0x4
000088 b1f5      	IN   R31,0x4+1
000089 c0f2      	RJMP _0x2080002
                 ; 0000 003D }
                 ;
                 ;// Declare your global variables here
                 ;
                 ;void main(void)
                 ; 0000 0042 {
                 _main:
                 ; 0000 0043 // Declare your local variables here
                 ; 0000 0044 
                 ; 0000 0045 // Input/Output Ports initialization
                 ; 0000 0046 // Port A initialization
                 ; 0000 0047 // Func7=In Func6=In Func5=In Func4=In Func3=In Func2=In Func1=In Func0=In
                 ; 0000 0048 // State7=T State6=T State5=T State4=T State3=T State2=T State1=T State0=T
                 ; 0000 0049 PORTA=0x00;
00008a e0e0      	LDI  R30,LOW(0)
00008b bbeb      	OUT  0x1B,R30
                 ; 0000 004A DDRA=0x00;
00008c bbea      	OUT  0x1A,R30
                 ; 0000 004B 
                 ; 0000 004C // Port B initialization
                 ; 0000 004D // Func7=In Func6=In Func5=In Func4=In Func3=In Func2=In Func1=In Func0=In
                 ; 0000 004E // State7=T State6=T State5=T State4=T State3=T State2=T State1=T State0=T
                 ; 0000 004F PORTB=0x00;
00008d bbe8      	OUT  0x18,R30
                 ; 0000 0050 DDRB=0x00;
00008e bbe7      	OUT  0x17,R30
                 ; 0000 0051 
                 ; 0000 0052 // Port C initialization
                 ; 0000 0053 // Func7=In Func6=In Func5=In Func4=Out Func3=In Func2=Out Func1=In Func0=In
                 ; 0000 0054 // State7=T State6=T State5=T State4=1 State3=T State2=1 State1=T State0=T
                 ; 0000 0055 PORTC=0x00;
00008f bbe5      	OUT  0x15,R30
                 ; 0000 0056 DDRC=0xFF;
000090 efef      	LDI  R30,LOW(255)
000091 bbe4      	OUT  0x14,R30
                 ; 0000 0057 
                 ; 0000 0058 // Port D initialization
                 ; 0000 0059 // Func7=In Func6=In Func5=In Func4=In Func3=In Func2=In Func1=In Func0=In
                 ; 0000 005A // State7=T State6=T State5=T State4=T State3=T State2=T State1=T State0=T
                 ; 0000 005B PORTD=0x00;
000092 e0e0      	LDI  R30,LOW(0)
000093 bbe2      	OUT  0x12,R30
                 ; 0000 005C DDRD=0x00;
000094 bbe1      	OUT  0x11,R30
                 ; 0000 005D 
                 ; 0000 005E // Timer/Counter 0 initialization
                 ; 0000 005F // Clock source: System Clock
                 ; 0000 0060 // Clock value: 11059,200 kHz
                 ; 0000 0061 // Mode: Normal top=0xFF
                 ; 0000 0062 // OC0 output: Disconnected
                 ; 0000 0063 TCCR0=0x01;
000095 e0e1      	LDI  R30,LOW(1)
000096 bfe3      	OUT  0x33,R30
                 ; 0000 0064 TCNT0=0x00;
000097 e0e0      	LDI  R30,LOW(0)
000098 bfe2      	OUT  0x32,R30
                 ; 0000 0065 OCR0=0x00;
000099 bfec      	OUT  0x3C,R30
                 ; 0000 0066 
                 ; 0000 0067 // Timer/Counter 1 initialization
                 ; 0000 0068 // Clock source: System Clock
                 ; 0000 0069 // Clock value: Timer1 Stopped
                 ; 0000 006A // Mode: Normal top=0xFFFF
                 ; 0000 006B // OC1A output: Discon.
                 ; 0000 006C // OC1B output: Discon.
                 ; 0000 006D // Noise Canceler: Off
                 ; 0000 006E // Input Capture on Falling Edge
                 ; 0000 006F // Timer1 Overflow Interrupt: Off
                 ; 0000 0070 // Input Capture Interrupt: Off
                 ; 0000 0071 // Compare A Match Interrupt: Off
                 ; 0000 0072 // Compare B Match Interrupt: Off
                 ; 0000 0073 TCCR1A=0x00;
00009a bdef      	OUT  0x2F,R30
                 ; 0000 0074 TCCR1B=0x00;
00009b bdee      	OUT  0x2E,R30
                 ; 0000 0075 TCNT1H=0x00;
00009c bded      	OUT  0x2D,R30
                 ; 0000 0076 TCNT1L=0x00;
00009d bdec      	OUT  0x2C,R30
                 ; 0000 0077 ICR1H=0x00;
00009e bde7      	OUT  0x27,R30
                 ; 0000 0078 ICR1L=0x00;
00009f bde6      	OUT  0x26,R30
                 ; 0000 0079 OCR1AH=0x00;
0000a0 bdeb      	OUT  0x2B,R30
                 ; 0000 007A OCR1AL=0x00;
0000a1 bdea      	OUT  0x2A,R30
                 ; 0000 007B OCR1BH=0x00;
0000a2 bde9      	OUT  0x29,R30
                 ; 0000 007C OCR1BL=0x00;
0000a3 bde8      	OUT  0x28,R30
                 ; 0000 007D 
                 ; 0000 007E // Timer/Counter 2 initialization
                 ; 0000 007F // Clock source: System Clock
                 ; 0000 0080 // Clock value: Timer2 Stopped
                 ; 0000 0081 // Mode: Normal top=0xFF
                 ; 0000 0082 // OC2 output: Disconnected
                 ; 0000 0083 ASSR=0x00;
0000a4 bde2      	OUT  0x22,R30
                 ; 0000 0084 TCCR2=0x00;
0000a5 bde5      	OUT  0x25,R30
                 ; 0000 0085 TCNT2=0x00;
0000a6 bde4      	OUT  0x24,R30
                 ; 0000 0086 OCR2=0x00;
0000a7 bde3      	OUT  0x23,R30
                 ; 0000 0087 
                 ; 0000 0088 // External Interrupt(s) initialization
                 ; 0000 0089 // INT0: Off
                 ; 0000 008A // INT1: Off
                 ; 0000 008B // INT2: Off
                 ; 0000 008C MCUCR=0x00;
0000a8 bfe5      	OUT  0x35,R30
                 ; 0000 008D MCUCSR=0x00;
0000a9 bfe4      	OUT  0x34,R30
                 ; 0000 008E 
                 ; 0000 008F // Timer(s)/Counter(s) Interrupt(s) initialization
                 ; 0000 0090 TIMSK=0x01;
0000aa e0e1      	LDI  R30,LOW(1)
0000ab bfe9      	OUT  0x39,R30
                 ; 0000 0091 
                 ; 0000 0092 // USART initialization
                 ; 0000 0093 // USART disabled
                 ; 0000 0094 UCSRB=0x00;
0000ac e0e0      	LDI  R30,LOW(0)
0000ad b9ea      	OUT  0xA,R30
                 ; 0000 0095 
                 ; 0000 0096 // Analog Comparator initialization
                 ; 0000 0097 // Analog Comparator: Off
                 ; 0000 0098 // Analog Comparator Input Capture by Timer/Counter 1: Off
                 ; 0000 0099 ACSR=0x80;
0000ae e8e0      	LDI  R30,LOW(128)
0000af b9e8      	OUT  0x8,R30
                 ; 0000 009A SFIOR=0x00;
0000b0 e0e0      	LDI  R30,LOW(0)
0000b1 bfe0      	OUT  0x30,R30
                 ; 0000 009B 
                 ; 0000 009C // ADC initialization
                 ; 0000 009D // ADC Clock frequency: 691,200 kHz
                 ; 0000 009E // ADC Voltage Reference: AREF pin
                 ; 0000 009F // ADC Auto Trigger Source: ADC Stopped
                 ; 0000 00A0 ADMUX=ADC_VREF_TYPE & 0xff;
0000b2 b9e7      	OUT  0x7,R30
                 ; 0000 00A1 ADCSRA=0x84;
0000b3 e8e4      	LDI  R30,LOW(132)
0000b4 b9e6      	OUT  0x6,R30
                 ; 0000 00A2 
                 ; 0000 00A3 // SPI initialization
                 ; 0000 00A4 // SPI disabled
                 ; 0000 00A5 SPCR=0x00;
0000b5 e0e0      	LDI  R30,LOW(0)
0000b6 b9ed      	OUT  0xD,R30
                 ; 0000 00A6 
                 ; 0000 00A7 // TWI initialization
                 ; 0000 00A8 // TWI disabled
                 ; 0000 00A9 TWCR=0x00;
0000b7 bfe6      	OUT  0x36,R30
                 ; 0000 00AA 
                 ; 0000 00AB // Alphanumeric LCD initialization
                 ; 0000 00AC // Connections are specified in the
                 ; 0000 00AD // Project|Configure|C Compiler|Libraries|Alphanumeric LCD menu:
                 ; 0000 00AE // RS - PORTD Bit 0
                 ; 0000 00AF // RD - PORTD Bit 1
                 ; 0000 00B0 // EN - PORTD Bit 2
                 ; 0000 00B1 // D4 - PORTD Bit 4
                 ; 0000 00B2 // D5 - PORTD Bit 5
                 ; 0000 00B3 // D6 - PORTD Bit 6
                 ; 0000 00B4 // D7 - PORTD Bit 7
                 ; 0000 00B5 // Characters/line: 16
                 ; 0000 00B6 lcd_init(16);
0000b8 e1a0      	LDI  R26,LOW(16)
0000b9 d096      	RCALL _lcd_init
                 ; 0000 00B7 
                 ; 0000 00B8 // Global enable interrupts
                 ; 0000 00B9 #asm("sei")
0000ba 9478      	sei
                 ; 0000 00BA 
                 ; 0000 00BB while (1)
                 _0xC:
                 ; 0000 00BC       {
                 ; 0000 00BD       // Place your code here
                 ; 0000 00BE       data=read_adc(0);
0000bb e0a0      	LDI  R26,LOW(0)
0000bc dfc0      	RCALL _read_adc
0000bd 2e5e      	MOV  R5,R30
                 ; 0000 00BF       if(data>=138) {pwm=(data-128)*2+1;PORTC.0=0;}
0000be e8ea      	LDI  R30,LOW(138)
0000bf 165e      	CP   R5,R30
0000c0 f038      	BRLO _0xF
0000c1 2de5      	MOV  R30,R5
0000c2 58e0      	SUBI R30,LOW(128)
0000c3 0fee      	LSL  R30
0000c4 5fef      	SUBI R30,-LOW(1)
0000c5 2e4e      	MOV  R4,R30
0000c6 98a8      	CBI  0x15,0
                 ; 0000 00C0       else
0000c7 c00b      	RJMP _0x12
                 _0xF:
                 ; 0000 00C1       if(data<=118) {pwm=255-(data*2);PORTC.0=1;}
0000c8 e7e6      	LDI  R30,LOW(118)
0000c9 15e5      	CP   R30,R5
0000ca f038      	BRLO _0x13
0000cb 2de5      	MOV  R30,R5
0000cc 0fee      	LSL  R30
0000cd efaf      	LDI  R26,LOW(255)
0000ce 1bae      	SUB  R26,R30
0000cf 2e4a      	MOV  R4,R26
0000d0 9aa8      	SBI  0x15,0
                 ; 0000 00C2 else {pwm=0;}
0000d1 c001      	RJMP _0x16
                 _0x13:
0000d2 2444      	CLR  R4
                 _0x16:
                 _0x12:
                 ; 0000 00C3 sprintf(lcd,"PWM = %3d",pwm);
0000d3 e6e0      	LDI  R30,LOW(_lcd)
0000d4 e0f1      	LDI  R31,HIGH(_lcd)
0000d5 93fa      	ST   -Y,R31
0000d6 93ea      	ST   -Y,R30
                +
0000d7 e6e6     +LDI R30 , LOW ( 2 * _0x0 + ( 0 ) )
0000d8 e0f0     +LDI R31 , HIGH ( 2 * _0x0 + ( 0 ) )
                 	__POINTW1FN _0x0,0
0000d9 93fa      	ST   -Y,R31
0000da 93ea      	ST   -Y,R30
0000db 2de4      	MOV  R30,R4
0000dc 940e 0342 	CALL SUBOPT_0x0
                 ; 0000 00C4 lcd_gotoxy(0,0);
0000de e0a0      	LDI  R26,LOW(0)
0000df 940e 034e 	CALL SUBOPT_0x1
                 ; 0000 00C5 lcd_puts(lcd);
                 ; 0000 00C6 sprintf(lcd,"ADC = %3d",data);
0000e1 e6e0      	LDI  R30,LOW(_lcd)
0000e2 e0f1      	LDI  R31,HIGH(_lcd)
0000e3 93fa      	ST   -Y,R31
0000e4 93ea      	ST   -Y,R30
                +
0000e5 e7e0     +LDI R30 , LOW ( 2 * _0x0 + ( 10 ) )
0000e6 e0f0     +LDI R31 , HIGH ( 2 * _0x0 + ( 10 ) )
                 	__POINTW1FN _0x0,10
0000e7 93fa      	ST   -Y,R31
0000e8 93ea      	ST   -Y,R30
0000e9 2de5      	MOV  R30,R5
0000ea 940e 0342 	CALL SUBOPT_0x0
                 ; 0000 00C7 lcd_gotoxy(0,1);
0000ec e0a1      	LDI  R26,LOW(1)
0000ed 940e 034e 	CALL SUBOPT_0x1
                 ; 0000 00C8 lcd_puts(lcd);
                 ; 0000 00C9       }
0000ef cfcb      	RJMP _0xC
                 ; 0000 00CA }
                 _0x17:
0000f0 cfff      	RJMP _0x17
                 	#ifndef __SLEEP_DEFINED__
                 	#endif
                 
                 	.DSEG
                 
                 	.CSEG
                 __lcd_write_nibble_G100:
0000f1 93aa      	ST   -Y,R26
0000f2 b3e2      	IN   R30,0x12
0000f3 70ef      	ANDI R30,LOW(0xF)
0000f4 2fae      	MOV  R26,R30
0000f5 81e8      	LD   R30,Y
0000f6 7fe0      	ANDI R30,LOW(0xF0)
0000f7 2bea      	OR   R30,R26
0000f8 bbe2      	OUT  0x12,R30
                +
0000f9 e087     +LDI R24 , LOW ( 7 )
                +__DELAY_USB_LOOP :
0000fa 958a     +DEC R24
0000fb f7f1     +BRNE __DELAY_USB_LOOP
                 	__DELAY_USB 7
0000fc 9a92      	SBI  0x12,2
                +
0000fd e182     +LDI R24 , LOW ( 18 )
                +__DELAY_USB_LOOP :
0000fe 958a     +DEC R24
0000ff f7f1     +BRNE __DELAY_USB_LOOP
                 	__DELAY_USB 18
000100 9892      	CBI  0x12,2
                +
000101 e182     +LDI R24 , LOW ( 18 )
                +__DELAY_USB_LOOP :
000102 958a     +DEC R24
000103 f7f1     +BRNE __DELAY_USB_LOOP
                 	__DELAY_USB 18
000104 c077      	RJMP _0x2080002
                 __lcd_write_data:
000105 93aa      	ST   -Y,R26
000106 81a8      	LD   R26,Y
000107 dfe9      	RCALL __lcd_write_nibble_G100
000108 81e8          ld    r30,y
000109 95e2          swap  r30
00010a 83e8          st    y,r30
00010b 81a8      	LD   R26,Y
00010c dfe4      	RCALL __lcd_write_nibble_G100
                +
00010d eb88     +LDI R24 , LOW ( 184 )
                +__DELAY_USB_LOOP :
00010e 958a     +DEC R24
00010f f7f1     +BRNE __DELAY_USB_LOOP
                 	__DELAY_USB 184
000110 c06b      	RJMP _0x2080002
                 _lcd_gotoxy:
000111 93aa      	ST   -Y,R26
000112 81e8      	LD   R30,Y
000113 e0f0      	LDI  R31,0
000114 59e0      	SUBI R30,LOW(-__base_y_G100)
000115 4ffe      	SBCI R31,HIGH(-__base_y_G100)
000116 81e0      	LD   R30,Z
000117 81a9      	LDD  R26,Y+1
000118 0fae      	ADD  R26,R30
000119 dfeb      	RCALL __lcd_write_data
00011a 8069      	LDD  R6,Y+1
00011b 8098      	LDD  R9,Y+0
00011c 9622      	ADIW R28,2
00011d 9508      	RET
                 _lcd_clear:
00011e e0a2      	LDI  R26,LOW(2)
00011f 940e 0354 	CALL SUBOPT_0x2
000121 e0ac      	LDI  R26,LOW(12)
000122 dfe2      	RCALL __lcd_write_data
000123 e0a1      	LDI  R26,LOW(1)
000124 940e 0354 	CALL SUBOPT_0x2
000126 e0e0      	LDI  R30,LOW(0)
000127 2e9e      	MOV  R9,R30
000128 2e6e      	MOV  R6,R30
000129 9508      	RET
                 _lcd_putchar:
00012a 93aa      	ST   -Y,R26
00012b 81a8      	LD   R26,Y
00012c 30aa      	CPI  R26,LOW(0xA)
00012d f011      	BREQ _0x2000005
00012e 1468      	CP   R6,R8
00012f f048      	BRLO _0x2000004
                 _0x2000005:
000130 e0e0      	LDI  R30,LOW(0)
000131 93ea      	ST   -Y,R30
000132 9493      	INC  R9
000133 2da9      	MOV  R26,R9
000134 dfdc      	RCALL _lcd_gotoxy
000135 81a8      	LD   R26,Y
000136 30aa      	CPI  R26,LOW(0xA)
000137 f409      	BRNE _0x2000007
000138 c043      	RJMP _0x2080002
                 _0x2000007:
                 _0x2000004:
000139 9463      	INC  R6
00013a 9a90      	SBI  0x12,0
00013b 81a8      	LD   R26,Y
00013c dfc8      	RCALL __lcd_write_data
00013d 9890      	CBI  0x12,0
00013e c03d      	RJMP _0x2080002
                 _lcd_puts:
00013f 93ba      	ST   -Y,R27
000140 93aa      	ST   -Y,R26
000141 931a      	ST   -Y,R17
                 _0x2000008:
000142 81a9      	LDD  R26,Y+1
000143 81ba      	LDD  R27,Y+1+1
000144 91ed      	LD   R30,X+
000145 83a9      	STD  Y+1,R26
000146 83ba      	STD  Y+1+1,R27
000147 2f1e      	MOV  R17,R30
000148 30e0      	CPI  R30,0
000149 f019      	BREQ _0x200000A
00014a 2fa1      	MOV  R26,R17
00014b dfde      	RCALL _lcd_putchar
00014c cff5      	RJMP _0x2000008
                 _0x200000A:
00014d 8118      	LDD  R17,Y+0
00014e 9623      	ADIW R28,3
00014f 9508      	RET
                 _lcd_init:
000150 93aa      	ST   -Y,R26
000151 b3e1      	IN   R30,0x11
000152 6fe0      	ORI  R30,LOW(0xF0)
000153 bbe1      	OUT  0x11,R30
000154 9a8a      	SBI  0x11,2
000155 9a88      	SBI  0x11,0
000156 9a89      	SBI  0x11,1
000157 9892      	CBI  0x12,2
000158 9890      	CBI  0x12,0
000159 9891      	CBI  0x12,1
00015a 8088      	LDD  R8,Y+0
00015b 81e8      	LD   R30,Y
00015c 58e0      	SUBI R30,-LOW(128)
                +
00015d 93e0 0172+STS __base_y_G100 + ( 2 ) , R30
                 	__PUTB1MN __base_y_G100,2
00015f 81e8      	LD   R30,Y
000160 54e0      	SUBI R30,-LOW(192)
                +
000161 93e0 0173+STS __base_y_G100 + ( 3 ) , R30
                 	__PUTB1MN __base_y_G100,3
000163 e1a4      	LDI  R26,LOW(20)
000164 e0b0      	LDI  R27,0
000165 940e 038e 	CALL _delay_ms
000167 940e 035a 	CALL SUBOPT_0x3
000169 940e 035a 	CALL SUBOPT_0x3
00016b 940e 035a 	CALL SUBOPT_0x3
00016d e2a0      	LDI  R26,LOW(32)
00016e df82      	RCALL __lcd_write_nibble_G100
                +
00016f e184     +LDI R24 , LOW ( 276 )
000170 e091     +LDI R25 , HIGH ( 276 )
                +__DELAY_USW_LOOP :
000171 9701     +SBIW R24 , 1
000172 f7f1     +BRNE __DELAY_USW_LOOP
                 	__DELAY_USW 276
000173 e2a8      	LDI  R26,LOW(40)
000174 df90      	RCALL __lcd_write_data
000175 e0a4      	LDI  R26,LOW(4)
000176 df8e      	RCALL __lcd_write_data
000177 e8a5      	LDI  R26,LOW(133)
000178 df8c      	RCALL __lcd_write_data
000179 e0a6      	LDI  R26,LOW(6)
00017a df8a      	RCALL __lcd_write_data
00017b dfa2      	RCALL _lcd_clear
                 _0x2080002:
00017c 9621      	ADIW R28,1
00017d 9508      	RET
                 	#ifndef __SLEEP_DEFINED__
                 	#endif
                 
                 	.CSEG
                 _put_buff_G101:
00017e 93ba      	ST   -Y,R27
00017f 93aa      	ST   -Y,R26
000180 931a      	ST   -Y,R17
000181 930a      	ST   -Y,R16
000182 81aa      	LDD  R26,Y+2
000183 81bb      	LDD  R27,Y+2+1
000184 9612      	ADIW R26,2
000185 940e 03a0 	CALL __GETW1P
000187 9730      	SBIW R30,0
000188 f159      	BREQ _0x2020010
000189 81aa      	LDD  R26,Y+2
00018a 81bb      	LDD  R27,Y+2+1
00018b 9614      	ADIW R26,4
00018c 940e 03a0 	CALL __GETW1P
00018e 018f      	MOVW R16,R30
00018f 9730      	SBIW R30,0
000190 f061      	BREQ _0x2020012
                +
000191 3002     +CPI R16 , LOW ( 2 )
000192 e0e0     +LDI R30 , HIGH ( 2 )
000193 071e     +CPC R17 , R30
                 	__CPWRN 16,17,2
000194 f0f0      	BRLO _0x2020013
000195 01f8      	MOVW R30,R16
000196 9731      	SBIW R30,1
000197 018f      	MOVW R16,R30
                +
000198 81aa     +LDD R26 , Y + 2
000199 81bb     +LDD R27 , Y + 2 + 1
00019a 9614     +ADIW R26 , 4
00019b 93ed     +ST X + , R30
00019c 93fc     +ST X , R31
                 	__PUTW1SNS 2,4
                 _0x2020012:
00019d 81aa      	LDD  R26,Y+2
00019e 81bb      	LDD  R27,Y+2+1
00019f 9612      	ADIW R26,2
0001a0 91ed      	LD   R30,X+
0001a1 91fd      	LD   R31,X+
0001a2 9631      	ADIW R30,1
0001a3 93fe      	ST   -X,R31
0001a4 93ee      	ST   -X,R30
0001a5 9731      	SBIW R30,1
0001a6 81ac      	LDD  R26,Y+4
0001a7 83a0      	STD  Z+0,R26
0001a8 81aa      	LDD  R26,Y+2
0001a9 81bb      	LDD  R27,Y+2+1
0001aa 940e 03a0 	CALL __GETW1P
0001ac 23ff      	TST  R31
0001ad f02a      	BRMI _0x2020014
0001ae 91ed      	LD   R30,X+
0001af 91fd      	LD   R31,X+
0001b0 9631      	ADIW R30,1
0001b1 93fe      	ST   -X,R31
0001b2 93ee      	ST   -X,R30
                 _0x2020014:
                 _0x2020013:
0001b3 c006      	RJMP _0x2020015
                 _0x2020010:
0001b4 81aa      	LDD  R26,Y+2
0001b5 81bb      	LDD  R27,Y+2+1
0001b6 efef      	LDI  R30,LOW(65535)
0001b7 efff      	LDI  R31,HIGH(65535)
0001b8 93ed      	ST   X+,R30
0001b9 93fc      	ST   X,R31
                 _0x2020015:
0001ba 8119      	LDD  R17,Y+1
0001bb 8108      	LDD  R16,Y+0
0001bc 9625      	ADIW R28,5
0001bd 9508      	RET
                 __print_G101:
0001be 93ba      	ST   -Y,R27
0001bf 93aa      	ST   -Y,R26
0001c0 9726      	SBIW R28,6
0001c1 940e 03ad 	CALL __SAVELOCR6
0001c3 e010      	LDI  R17,0
0001c4 85ac      	LDD  R26,Y+12
0001c5 85bd      	LDD  R27,Y+12+1
0001c6 e0e0      	LDI  R30,LOW(0)
0001c7 e0f0      	LDI  R31,HIGH(0)
0001c8 93ed      	ST   X+,R30
0001c9 93fc      	ST   X,R31
                 _0x2020016:
0001ca 89ea      	LDD  R30,Y+18
0001cb 89fb      	LDD  R31,Y+18+1
0001cc 9631      	ADIW R30,1
0001cd 8bea      	STD  Y+18,R30
0001ce 8bfb      	STD  Y+18+1,R31
0001cf 9731      	SBIW R30,1
0001d0 91e4      	LPM  R30,Z
0001d1 2f2e      	MOV  R18,R30
0001d2 30e0      	CPI  R30,0
0001d3 f411      	BRNE PC+3
0001d4 940c 02ed 	JMP _0x2020018
0001d6 2fe1      	MOV  R30,R17
0001d7 30e0      	CPI  R30,0
0001d8 f439      	BRNE _0x202001C
0001d9 3225      	CPI  R18,37
0001da f411      	BRNE _0x202001D
0001db e011      	LDI  R17,LOW(1)
0001dc c002      	RJMP _0x202001E
                 _0x202001D:
0001dd 940e 0362 	CALL SUBOPT_0x4
                 _0x202001E:
0001df c10c      	RJMP _0x202001B
                 _0x202001C:
0001e0 30e1      	CPI  R30,LOW(0x1)
0001e1 f4a9      	BRNE _0x202001F
0001e2 3225      	CPI  R18,37
0001e3 f419      	BRNE _0x2020020
0001e4 940e 0362 	CALL SUBOPT_0x4
0001e6 c104      	RJMP _0x20200C9
                 _0x2020020:
0001e7 e012      	LDI  R17,LOW(2)
0001e8 e040      	LDI  R20,LOW(0)
0001e9 e000      	LDI  R16,LOW(0)
0001ea 322d      	CPI  R18,45
0001eb f411      	BRNE _0x2020021
0001ec e001      	LDI  R16,LOW(1)
0001ed c0fe      	RJMP _0x202001B
                 _0x2020021:
0001ee 322b      	CPI  R18,43
0001ef f411      	BRNE _0x2020022
0001f0 e24b      	LDI  R20,LOW(43)
0001f1 c0fa      	RJMP _0x202001B
                 _0x2020022:
0001f2 3220      	CPI  R18,32
0001f3 f411      	BRNE _0x2020023
0001f4 e240      	LDI  R20,LOW(32)
0001f5 c0f6      	RJMP _0x202001B
                 _0x2020023:
0001f6 c002      	RJMP _0x2020024
                 _0x202001F:
0001f7 30e2      	CPI  R30,LOW(0x2)
0001f8 f439      	BRNE _0x2020025
                 _0x2020024:
0001f9 e050      	LDI  R21,LOW(0)
0001fa e013      	LDI  R17,LOW(3)
0001fb 3320      	CPI  R18,48
0001fc f411      	BRNE _0x2020026
0001fd 6800      	ORI  R16,LOW(128)
0001fe c0ed      	RJMP _0x202001B
                 _0x2020026:
0001ff c004      	RJMP _0x2020027
                 _0x2020025:
000200 30e3      	CPI  R30,LOW(0x3)
000201 f011      	BREQ PC+3
000202 940c 02ec 	JMP _0x202001B
                 _0x2020027:
000204 3320      	CPI  R18,48
000205 f010      	BRLO _0x202002A
000206 332a      	CPI  R18,58
000207 f008      	BRLO _0x202002B
                 _0x202002A:
000208 c007      	RJMP _0x2020029
                 _0x202002B:
000209 e0aa      	LDI  R26,LOW(10)
00020a 9f5a      	MUL  R21,R26
00020b 2d50      	MOV  R21,R0
00020c 2fe2      	MOV  R30,R18
00020d 53e0      	SUBI R30,LOW(48)
00020e 0f5e      	ADD  R21,R30
00020f c0dc      	RJMP _0x202001B
                 _0x2020029:
000210 2fe2      	MOV  R30,R18
000211 36e3      	CPI  R30,LOW(0x63)
000212 f449      	BRNE _0x202002F
000213 940e 0369 	CALL SUBOPT_0x5
000215 89e8      	LDD  R30,Y+16
000216 89f9      	LDD  R31,Y+16+1
000217 81a4      	LDD  R26,Z+4
000218 93aa      	ST   -Y,R26
000219 940e 036f 	CALL SUBOPT_0x6
00021b c0cf      	RJMP _0x2020030
                 _0x202002F:
00021c 37e3      	CPI  R30,LOW(0x73)
00021d f441      	BRNE _0x2020032
00021e 940e 0369 	CALL SUBOPT_0x5
000220 940e 0375 	CALL SUBOPT_0x7
000222 940e 0329 	CALL _strlen
000224 2f1e      	MOV  R17,R30
000225 c00a      	RJMP _0x2020033
                 _0x2020032:
000226 37e0      	CPI  R30,LOW(0x70)
000227 f461      	BRNE _0x2020035
000228 940e 0369 	CALL SUBOPT_0x5
00022a 940e 0375 	CALL SUBOPT_0x7
00022c 940e 0335 	CALL _strlenf
00022e 2f1e      	MOV  R17,R30
00022f 6008      	ORI  R16,LOW(8)
                 _0x2020033:
000230 6002      	ORI  R16,LOW(2)
000231 770f      	ANDI R16,LOW(127)
000232 e030      	LDI  R19,LOW(0)
000233 c035      	RJMP _0x2020036
                 _0x2020035:
000234 36e4      	CPI  R30,LOW(0x64)
000235 f011      	BREQ _0x2020039
000236 36e9      	CPI  R30,LOW(0x69)
000237 f411      	BRNE _0x202003A
                 _0x2020039:
000238 6004      	ORI  R16,LOW(4)
000239 c002      	RJMP _0x202003B
                 _0x202003A:
00023a 37e5      	CPI  R30,LOW(0x75)
00023b f431      	BRNE _0x202003C
                 _0x202003B:
00023c e5e4      	LDI  R30,LOW(_tbl10_G101*2)
00023d e0f0      	LDI  R31,HIGH(_tbl10_G101*2)
00023e 83ee      	STD  Y+6,R30
00023f 83ff      	STD  Y+6+1,R31
000240 e015      	LDI  R17,LOW(5)
000241 c00d      	RJMP _0x202003D
                 _0x202003C:
000242 35e8      	CPI  R30,LOW(0x58)
000243 f411      	BRNE _0x202003F
000244 6008      	ORI  R16,LOW(8)
000245 c004      	RJMP _0x2020040
                 _0x202003F:
000246 37e8      	CPI  R30,LOW(0x78)
000247 f011      	BREQ PC+3
000248 940c 02eb 	JMP _0x2020071
                 _0x2020040:
00024a e5ee      	LDI  R30,LOW(_tbl16_G101*2)
00024b e0f0      	LDI  R31,HIGH(_tbl16_G101*2)
00024c 83ee      	STD  Y+6,R30
00024d 83ff      	STD  Y+6+1,R31
00024e e014      	LDI  R17,LOW(4)
                 _0x202003D:
00024f ff02      	SBRS R16,2
000250 c014      	RJMP _0x2020042
000251 940e 0369 	CALL SUBOPT_0x5
000253 940e 037f 	CALL SUBOPT_0x8
000255 85ab      	LDD  R26,Y+11
000256 23aa      	TST  R26
000257 f43a      	BRPL _0x2020043
000258 85ea      	LDD  R30,Y+10
000259 85fb      	LDD  R31,Y+10+1
00025a 940e 039c 	CALL __ANEGW1
00025c 87ea      	STD  Y+10,R30
00025d 87fb      	STD  Y+10+1,R31
00025e e24d      	LDI  R20,LOW(45)
                 _0x2020043:
00025f 3040      	CPI  R20,0
000260 f011      	BREQ _0x2020044
000261 5f1f      	SUBI R17,-LOW(1)
000262 c001      	RJMP _0x2020045
                 _0x2020044:
000263 7f0b      	ANDI R16,LOW(251)
                 _0x2020045:
000264 c004      	RJMP _0x2020046
                 _0x2020042:
000265 940e 0369 	CALL SUBOPT_0x5
000267 940e 037f 	CALL SUBOPT_0x8
                 _0x2020046:
                 _0x2020036:
000269 fd00      	SBRC R16,0
00026a c011      	RJMP _0x2020047
                 _0x2020048:
00026b 1715      	CP   R17,R21
00026c f478      	BRSH _0x202004A
00026d ff07      	SBRS R16,7
00026e c008      	RJMP _0x202004B
00026f ff02      	SBRS R16,2
000270 c004      	RJMP _0x202004C
000271 7f0b      	ANDI R16,LOW(251)
000272 2f24      	MOV  R18,R20
000273 5011      	SUBI R17,LOW(1)
000274 c001      	RJMP _0x202004D
                 _0x202004C:
000275 e320      	LDI  R18,LOW(48)
                 _0x202004D:
000276 c001      	RJMP _0x202004E
                 _0x202004B:
000277 e220      	LDI  R18,LOW(32)
                 _0x202004E:
000278 940e 0362 	CALL SUBOPT_0x4
00027a 5051      	SUBI R21,LOW(1)
00027b cfef      	RJMP _0x2020048
                 _0x202004A:
                 _0x2020047:
00027c 2f31      	MOV  R19,R17
00027d ff01      	SBRS R16,1
00027e c017      	RJMP _0x202004F
                 _0x2020050:
00027f 3030      	CPI  R19,0
000280 f0a1      	BREQ _0x2020052
000281 ff03      	SBRS R16,3
000282 c006      	RJMP _0x2020053
000283 81ee      	LDD  R30,Y+6
000284 81ff      	LDD  R31,Y+6+1
000285 9125      	LPM  R18,Z+
000286 83ee      	STD  Y+6,R30
000287 83ff      	STD  Y+6+1,R31
000288 c005      	RJMP _0x2020054
                 _0x2020053:
000289 81ae      	LDD  R26,Y+6
00028a 81bf      	LDD  R27,Y+6+1
00028b 912d      	LD   R18,X+
00028c 83ae      	STD  Y+6,R26
00028d 83bf      	STD  Y+6+1,R27
                 _0x2020054:
00028e 940e 0362 	CALL SUBOPT_0x4
000290 3050      	CPI  R21,0
000291 f009      	BREQ _0x2020055
000292 5051      	SUBI R21,LOW(1)
                 _0x2020055:
000293 5031      	SUBI R19,LOW(1)
000294 cfea      	RJMP _0x2020050
                 _0x2020052:
000295 c04b      	RJMP _0x2020056
                 _0x202004F:
                 _0x2020058:
000296 e320      	LDI  R18,LOW(48)
000297 81ee      	LDD  R30,Y+6
000298 81ff      	LDD  R31,Y+6+1
000299 940e 03a4 	CALL __GETW1PF
00029b 87e8      	STD  Y+8,R30
00029c 87f9      	STD  Y+8+1,R31
00029d 81ee      	LDD  R30,Y+6
00029e 81ff      	LDD  R31,Y+6+1
00029f 9632      	ADIW R30,2
0002a0 83ee      	STD  Y+6,R30
0002a1 83ff      	STD  Y+6+1,R31
                 _0x202005A:
0002a2 85e8      	LDD  R30,Y+8
0002a3 85f9      	LDD  R31,Y+8+1
0002a4 85aa      	LDD  R26,Y+10
0002a5 85bb      	LDD  R27,Y+10+1
0002a6 17ae      	CP   R26,R30
0002a7 07bf      	CPC  R27,R31
0002a8 f050      	BRLO _0x202005C
0002a9 5f2f      	SUBI R18,-LOW(1)
0002aa 85a8      	LDD  R26,Y+8
0002ab 85b9      	LDD  R27,Y+8+1
0002ac 85ea      	LDD  R30,Y+10
0002ad 85fb      	LDD  R31,Y+10+1
0002ae 1bea      	SUB  R30,R26
0002af 0bfb      	SBC  R31,R27
0002b0 87ea      	STD  Y+10,R30
0002b1 87fb      	STD  Y+10+1,R31
0002b2 cfef      	RJMP _0x202005A
                 _0x202005C:
0002b3 332a      	CPI  R18,58
0002b4 f028      	BRLO _0x202005D
0002b5 ff03      	SBRS R16,3
0002b6 c002      	RJMP _0x202005E
0002b7 5f29      	SUBI R18,-LOW(7)
0002b8 c001      	RJMP _0x202005F
                 _0x202005E:
0002b9 5d29      	SUBI R18,-LOW(39)
                 _0x202005F:
                 _0x202005D:
0002ba fd04      	SBRC R16,4
0002bb c01a      	RJMP _0x2020061
0002bc 3321      	CPI  R18,49
0002bd f420      	BRSH _0x2020063
0002be 85a8      	LDD  R26,Y+8
0002bf 85b9      	LDD  R27,Y+8+1
0002c0 9711      	SBIW R26,1
0002c1 f409      	BRNE _0x2020062
                 _0x2020063:
0002c2 c009      	RJMP _0x20200CA
                 _0x2020062:
0002c3 1753      	CP   R21,R19
0002c4 f010      	BRLO _0x2020067
0002c5 ff00      	SBRS R16,0
0002c6 c001      	RJMP _0x2020068
                 _0x2020067:
0002c7 c013      	RJMP _0x2020066
                 _0x2020068:
0002c8 e220      	LDI  R18,LOW(32)
0002c9 ff07      	SBRS R16,7
0002ca c00b      	RJMP _0x2020069
0002cb e320      	LDI  R18,LOW(48)
                 _0x20200CA:
0002cc 6100      	ORI  R16,LOW(16)
0002cd ff02      	SBRS R16,2
0002ce c007      	RJMP _0x202006A
0002cf 7f0b      	ANDI R16,LOW(251)
0002d0 934a      	ST   -Y,R20
0002d1 940e 036f 	CALL SUBOPT_0x6
0002d3 3050      	CPI  R21,0
0002d4 f009      	BREQ _0x202006B
0002d5 5051      	SUBI R21,LOW(1)
                 _0x202006B:
                 _0x202006A:
                 _0x2020069:
                 _0x2020061:
0002d6 940e 0362 	CALL SUBOPT_0x4
0002d8 3050      	CPI  R21,0
0002d9 f009      	BREQ _0x202006C
0002da 5051      	SUBI R21,LOW(1)
                 _0x202006C:
                 _0x2020066:
0002db 5031      	SUBI R19,LOW(1)
0002dc 85a8      	LDD  R26,Y+8
0002dd 85b9      	LDD  R27,Y+8+1
0002de 9712      	SBIW R26,2
0002df f008      	BRLO _0x2020059
0002e0 cfb5      	RJMP _0x2020058
                 _0x2020059:
                 _0x2020056:
0002e1 ff00      	SBRS R16,0
0002e2 c008      	RJMP _0x202006D
                 _0x202006E:
0002e3 3050      	CPI  R21,0
0002e4 f031      	BREQ _0x2020070
0002e5 5051      	SUBI R21,LOW(1)
0002e6 e2e0      	LDI  R30,LOW(32)
0002e7 93ea      	ST   -Y,R30
0002e8 940e 036f 	CALL SUBOPT_0x6
0002ea cff8      	RJMP _0x202006E
                 _0x2020070:
                 _0x202006D:
                 _0x2020071:
                 _0x2020030:
                 _0x20200C9:
0002eb e010      	LDI  R17,LOW(0)
                 _0x202001B:
0002ec cedd      	RJMP _0x2020016
                 _0x2020018:
0002ed 85ac      	LDD  R26,Y+12
0002ee 85bd      	LDD  R27,Y+12+1
0002ef 940e 03a0 	CALL __GETW1P
0002f1 940e 03b4 	CALL __LOADLOCR6
0002f3 9664      	ADIW R28,20
0002f4 9508      	RET
                 _sprintf:
0002f5 92ff      	PUSH R15
0002f6 2ef8      	MOV  R15,R24
0002f7 9726      	SBIW R28,6
0002f8 940e 03af 	CALL __SAVELOCR4
0002fa 940e 0387 	CALL SUBOPT_0x9
0002fc 9730      	SBIW R30,0
0002fd f419      	BRNE _0x2020072
0002fe efef      	LDI  R30,LOW(65535)
0002ff efff      	LDI  R31,HIGH(65535)
000300 c023      	RJMP _0x2080001
                 _0x2020072:
000301 01de      	MOVW R26,R28
000302 9616      	ADIW R26,6
000303 940e 0398 	CALL __ADDW2R15
000305 018d      	MOVW R16,R26
000306 940e 0387 	CALL SUBOPT_0x9
000308 83ee      	STD  Y+6,R30
000309 83ff      	STD  Y+6+1,R31
00030a e0e0      	LDI  R30,LOW(0)
00030b 87e8      	STD  Y+8,R30
00030c 87e9      	STD  Y+8+1,R30
00030d 01de      	MOVW R26,R28
00030e 961a      	ADIW R26,10
00030f 940e 0398 	CALL __ADDW2R15
000311 940e 03a0 	CALL __GETW1P
000313 93fa      	ST   -Y,R31
000314 93ea      	ST   -Y,R30
000315 931a      	ST   -Y,R17
000316 930a      	ST   -Y,R16
000317 e7ee      	LDI  R30,LOW(_put_buff_G101)
000318 e0f1      	LDI  R31,HIGH(_put_buff_G101)
000319 93fa      	ST   -Y,R31
00031a 93ea      	ST   -Y,R30
00031b 01de      	MOVW R26,R28
00031c 961a      	ADIW R26,10
00031d dea0      	RCALL __print_G101
00031e 019f      	MOVW R18,R30
00031f 81ae      	LDD  R26,Y+6
000320 81bf      	LDD  R27,Y+6+1
000321 e0e0      	LDI  R30,LOW(0)
000322 93ec      	ST   X,R30
000323 01f9      	MOVW R30,R18
                 _0x2080001:
000324 940e 03b6 	CALL __LOADLOCR4
000326 962a      	ADIW R28,10
000327 90ff      	POP  R15
000328 9508      	RET
                 
                 	.CSEG
                 
                 	.CSEG
                 _strlen:
000329 93ba      	ST   -Y,R27
00032a 93aa      	ST   -Y,R26
00032b 91a9          ld   r26,y+
00032c 91b9          ld   r27,y+
00032d 27ee          clr  r30
00032e 27ff          clr  r31
                 strlen0:
00032f 916d          ld   r22,x+
000330 2366          tst  r22
000331 f011          breq strlen1
000332 9631          adiw r30,1
000333 cffb          rjmp strlen0
                 strlen1:
000334 9508          ret
                 _strlenf:
000335 93ba      	ST   -Y,R27
000336 93aa      	ST   -Y,R26
000337 27aa          clr  r26
000338 27bb          clr  r27
000339 91e9          ld   r30,y+
00033a 91f9          ld   r31,y+
                 strlenf0:
00033b 9005      	lpm  r0,z+
00033c 2000          tst  r0
00033d f011          breq strlenf1
00033e 9611          adiw r26,1
00033f cffb          rjmp strlenf0
                 strlenf1:
000340 01fd          movw r30,r26
000341 9508          ret
                 
                 	.DSEG
                 _lcd:
000160           	.BYTE 0x10
                 __base_y_G100:
000170           	.BYTE 0x4
                 
                 	.CSEG
                 ;OPTIMIZER ADDED SUBROUTINE, CALLED 2 TIMES, CODE SIZE REDUCTION:6 WORDS
                 SUBOPT_0x0:
000342 27ff      	CLR  R31
000343 2766      	CLR  R22
000344 2777      	CLR  R23
000345 940e 03a8 	CALL __PUTPARD1
000347 e084      	LDI  R24,4
000348 940e 02f5 	CALL _sprintf
00034a 9628      	ADIW R28,8
00034b e0e0      	LDI  R30,LOW(0)
00034c 93ea      	ST   -Y,R30
00034d 9508      	RET
                 
                 ;OPTIMIZER ADDED SUBROUTINE, CALLED 2 TIMES, CODE SIZE REDUCTION:1 WORDS
                 SUBOPT_0x1:
00034e 940e 0111 	CALL _lcd_gotoxy
000350 e6a0      	LDI  R26,LOW(_lcd)
000351 e0b1      	LDI  R27,HIGH(_lcd)
000352 940c 013f 	JMP  _lcd_puts
                 
                 ;OPTIMIZER ADDED SUBROUTINE, CALLED 2 TIMES, CODE SIZE REDUCTION:3 WORDS
                 SUBOPT_0x2:
000354 940e 0105 	CALL __lcd_write_data
000356 e0a3      	LDI  R26,LOW(3)
000357 e0b0      	LDI  R27,0
000358 940c 038e 	JMP  _delay_ms
                 
                 ;OPTIMIZER ADDED SUBROUTINE, CALLED 3 TIMES, CODE SIZE REDUCTION:7 WORDS
                 SUBOPT_0x3:
00035a e3a0      	LDI  R26,LOW(48)
00035b 940e 00f1 	CALL __lcd_write_nibble_G100
                +
00035d e184     +LDI R24 , LOW ( 276 )
00035e e091     +LDI R25 , HIGH ( 276 )
                +__DELAY_USW_LOOP :
00035f 9701     +SBIW R24 , 1
000360 f7f1     +BRNE __DELAY_USW_LOOP
                 	__DELAY_USW 276
000361 9508      	RET
                 
                 ;OPTIMIZER ADDED SUBROUTINE, CALLED 5 TIMES, CODE SIZE REDUCTION:13 WORDS
                 SUBOPT_0x4:
000362 932a      	ST   -Y,R18
000363 85ad      	LDD  R26,Y+13
000364 85be      	LDD  R27,Y+13+1
000365 85ef      	LDD  R30,Y+15
000366 89f8      	LDD  R31,Y+15+1
000367 9509      	ICALL
000368 9508      	RET
                 
                 ;OPTIMIZER ADDED SUBROUTINE, CALLED 5 TIMES, CODE SIZE REDUCTION:9 WORDS
                 SUBOPT_0x5:
000369 89e8      	LDD  R30,Y+16
00036a 89f9      	LDD  R31,Y+16+1
00036b 9734      	SBIW R30,4
00036c 8be8      	STD  Y+16,R30
00036d 8bf9      	STD  Y+16+1,R31
00036e 9508      	RET
                 
                 ;OPTIMIZER ADDED SUBROUTINE, CALLED 3 TIMES, CODE SIZE REDUCTION:3 WORDS
                 SUBOPT_0x6:
00036f 85ad      	LDD  R26,Y+13
000370 85be      	LDD  R27,Y+13+1
000371 85ef      	LDD  R30,Y+15
000372 89f8      	LDD  R31,Y+15+1
000373 9509      	ICALL
000374 9508      	RET
                 
                 ;OPTIMIZER ADDED SUBROUTINE, CALLED 2 TIMES, CODE SIZE REDUCTION:4 WORDS
                 SUBOPT_0x7:
000375 89a8      	LDD  R26,Y+16
000376 89b9      	LDD  R27,Y+16+1
000377 9614      	ADIW R26,4
000378 940e 03a0 	CALL __GETW1P
00037a 83ee      	STD  Y+6,R30
00037b 83ff      	STD  Y+6+1,R31
00037c 81ae      	LDD  R26,Y+6
00037d 81bf      	LDD  R27,Y+6+1
00037e 9508      	RET
                 
                 ;OPTIMIZER ADDED SUBROUTINE, CALLED 2 TIMES, CODE SIZE REDUCTION:2 WORDS
                 SUBOPT_0x8:
00037f 89a8      	LDD  R26,Y+16
000380 89b9      	LDD  R27,Y+16+1
000381 9614      	ADIW R26,4
000382 940e 03a0 	CALL __GETW1P
000384 87ea      	STD  Y+10,R30
000385 87fb      	STD  Y+10+1,R31
000386 9508      	RET
                 
                 ;OPTIMIZER ADDED SUBROUTINE, CALLED 2 TIMES, CODE SIZE REDUCTION:1 WORDS
                 SUBOPT_0x9:
000387 01de      	MOVW R26,R28
000388 961c      	ADIW R26,12
000389 940e 0398 	CALL __ADDW2R15
00038b 940e 03a0 	CALL __GETW1P
00038d 9508      	RET
                 
                 
                 	.CSEG
                 _delay_ms:
00038e 9610      	adiw r26,0
00038f f039      	breq __delay_ms1
                 __delay_ms0:
                +
000390 ec8d     +LDI R24 , LOW ( 0xACD )
000391 e09a     +LDI R25 , HIGH ( 0xACD )
                +__DELAY_USW_LOOP :
000392 9701     +SBIW R24 , 1
000393 f7f1     +BRNE __DELAY_USW_LOOP
                 	__DELAY_USW 0xACD
000394 95a8      	wdr
000395 9711      	sbiw r26,1
000396 f7c9      	brne __delay_ms0
                 __delay_ms1:
000397 9508      	ret
                 
                 __ADDW2R15:
000398 2400      	CLR  R0
000399 0daf      	ADD  R26,R15
00039a 1db0      	ADC  R27,R0
00039b 9508      	RET
                 
                 __ANEGW1:
00039c 95f1      	NEG  R31
00039d 95e1      	NEG  R30
00039e 40f0      	SBCI R31,0
00039f 9508      	RET
                 
                 __GETW1P:
0003a0 91ed      	LD   R30,X+
0003a1 91fc      	LD   R31,X
0003a2 9711      	SBIW R26,1
0003a3 9508      	RET
                 
                 __GETW1PF:
0003a4 9005      	LPM  R0,Z+
0003a5 91f4      	LPM  R31,Z
0003a6 2de0      	MOV  R30,R0
0003a7 9508      	RET
                 
                 __PUTPARD1:
0003a8 937a      	ST   -Y,R23
0003a9 936a      	ST   -Y,R22
0003aa 93fa      	ST   -Y,R31
0003ab 93ea      	ST   -Y,R30
0003ac 9508      	RET
                 
                 __SAVELOCR6:
0003ad 935a      	ST   -Y,R21
                 __SAVELOCR5:
0003ae 934a      	ST   -Y,R20
                 __SAVELOCR4:
0003af 933a      	ST   -Y,R19
                 __SAVELOCR3:
0003b0 932a      	ST   -Y,R18
                 __SAVELOCR2:
0003b1 931a      	ST   -Y,R17
0003b2 930a      	ST   -Y,R16
0003b3 9508      	RET
                 
                 __LOADLOCR6:
0003b4 815d      	LDD  R21,Y+5
                 __LOADLOCR5:
0003b5 814c      	LDD  R20,Y+4
                 __LOADLOCR4:
0003b6 813b      	LDD  R19,Y+3
                 __LOADLOCR3:
0003b7 812a      	LDD  R18,Y+2
                 __LOADLOCR2:
0003b8 8119      	LDD  R17,Y+1
0003b9 8108      	LD   R16,Y
0003ba 9508      	RET
                 
                 ;END OF CODE MARKER
                 __END_OF_CODE:


RESOURCE USE INFORMATION
------------------------

Notice:
The register and instruction counts are symbol table hit counts,
and hence implicitly used resources are not counted, eg, the
'lpm' instruction without operands implicitly uses r0 and z,
none of which are counted.

x,y,z are separate entities in the symbol table and are
counted separately from r26..r31 here.

.dseg memory usage only counts static data declared with .byte

ATmega16 register use summary:
r0 :  11 r1 :   1 r2 :   0 r3 :   0 r4 :   5 r5 :   6 r6 :   4 r7 :   2 
r8 :   2 r9 :   4 r10:   0 r11:   0 r12:   0 r13:   0 r14:   0 r15:   4 
r16:  34 r17:  24 r18:  29 r19:   8 r20:   9 r21:  17 r22:   6 r23:   2 
r24:  25 r25:   5 r26: 103 r27:  37 r28:  14 r29:   1 r30: 219 r31:  65 
x  :  23 y  : 174 z  :  15 
Registers used: 28 out of 35 (80.0%)

ATmega16 instruction use summary:
.lds  :   0 .lds.l:   0 .sts  :   0 .sts.l:   0 adc   :   1 add   :   3 
adiw  :  24 and   :   0 andi  :   6 asr   :   0 bclr  :   0 bld   :   0 
brbc  :   0 brbs  :   0 brcc  :   0 brcs  :   0 break :   0 breq  :  17 
brge  :   0 brhc  :   0 brhs  :   0 brid  :   0 brie  :   0 brlo  :  11 
brlt  :   0 brmi  :   1 brne  :  31 brpl  :   1 brsh  :   2 brtc  :   0 
brts  :   0 brvc  :   0 brvs  :   0 bset  :   0 bst   :   0 call  :  53 
cbi   :   7 cbr   :   0 clc   :   0 clh   :   0 cli   :   1 cln   :   0 
clr   :  11 cls   :   0 clt   :   0 clv   :   0 clz   :   0 com   :   0 
cp    :   7 cpc   :   2 cpi   :  33 cpse  :   0 dec   :   6 des   :   0 
eor   :   0 fmul  :   0 fmuls :   0 fmulsu:   0 icall :   2 ijmp  :   0 
in    :   5 inc   :   3 jmp   :  27 ld    :  27 ldd   :  77 ldi   : 107 
lds   :   0 lpm   :  14 lsl   :   2 lsr   :   0 mov   :  24 movw  :  14 
mul   :   1 muls  :   0 mulsu :   0 neg   :   2 nop   :   0 or    :   1 
ori   :   7 out   :  47 pop   :   1 push  :   1 rcall :  16 ret   :  25 
reti  :   1 rjmp  :  61 rol   :   0 ror   :   0 sbc   :   1 sbci  :   2 
sbi   :   9 sbic  :   0 sbis  :   1 sbiw  :  19 sbr   :   0 sbrc  :   2 
sbrs  :  10 sec   :   0 seh   :   0 sei   :   1 sen   :   0 ser   :   0 
ses   :   0 set   :   0 sev   :   0 sez   :   0 sleep :   0 spm   :   0 
st    :  65 std   :  31 sts   :   2 sub   :   2 subi  :  18 swap  :   1 
tst   :   4 wdr   :   1 
Instructions used: 56 out of 116 (48.3%)

ATmega16 memory use summary [bytes]:
Segment   Begin    End      Code   Data   Used    Size   Use%
---------------------------------------------------------------
[.cseg] 0x000000 0x000776   1862     48   1910   16384  11.7%
[.dseg] 0x000060 0x000174      0     20     20    1119   1.8%
[.eseg] 0x000000 0x000000      0      0      0     512   0.0%

Assembly complete, 0 errors, 6 warnings
