
AVRASM ver. 2.1.30  E:\aaaaaaa\CahRahAr\Praktikum11BKPM\percobaan3\List\percobaan3.asm Mon Apr 23 15:27:37 2018

E:\aaaaaaa\CahRahAr\Praktikum11BKPM\percobaan3\List\percobaan3.asm(1072): warning: Register r5 already defined by the .DEF directive
E:\aaaaaaa\CahRahAr\Praktikum11BKPM\percobaan3\List\percobaan3.asm(1073): warning: Register r4 already defined by the .DEF directive
E:\aaaaaaa\CahRahAr\Praktikum11BKPM\percobaan3\List\percobaan3.asm(1074): warning: Register r7 already defined by the .DEF directive
E:\aaaaaaa\CahRahAr\Praktikum11BKPM\percobaan3\List\percobaan3.asm(1075): warning: Register r6 already defined by the .DEF directive
E:\aaaaaaa\CahRahAr\Praktikum11BKPM\percobaan3\List\percobaan3.asm(1076): warning: Register r9 already defined by the .DEF directive
E:\aaaaaaa\CahRahAr\Praktikum11BKPM\percobaan3\List\percobaan3.asm(1077): warning: Register r8 already defined by the .DEF directive
                 
                 
                 ;CodeVisionAVR C Compiler V2.05.3 Standard
                 ;(C) Copyright 1998-2011 Pavel Haiduc, HP InfoTech s.r.l.
                 ;http://www.hpinfotech.com
                 
                 ;Chip type                : ATmega16
                 ;Program type             : Application
                 ;Clock frequency          : 11,059200 MHz
                 ;Memory model             : Small
                 ;Optimize for             : Size
                 ;(s)printf features       : int, width
                 ;(s)scanf features        : int, width
                 ;External RAM size        : 0
                 ;Data Stack size          : 256 byte(s)
                 ;Heap size                : 0 byte(s)
                 ;Promote 'char' to 'int'  : Yes
                 ;'char' is unsigned       : Yes
                 ;8 bit enums              : Yes
                 ;Global 'const' stored in FLASH     : No
                 ;Enhanced function parameter passing: Yes
                 ;Enhanced core instructions         : On
                 ;Smart register allocation          : On
                 ;Automatic register allocation      : On
                 
                 	#pragma AVRPART ADMIN PART_NAME ATmega16
                 	#pragma AVRPART MEMORY PROG_FLASH 16384
                 	#pragma AVRPART MEMORY EEPROM 512
                 	#pragma AVRPART MEMORY INT_SRAM SIZE 1119
                 	#pragma AVRPART MEMORY INT_SRAM START_ADDR 0x60
                 
                 	#define CALL_SUPPORTED 1
                 
                 	.LISTMAC
                 	.EQU UDRE=0x5
                 	.EQU RXC=0x7
                 	.EQU USR=0xB
                 	.EQU UDR=0xC
                 	.EQU SPSR=0xE
                 	.EQU SPDR=0xF
                 	.EQU EERE=0x0
                 	.EQU EEWE=0x1
                 	.EQU EEMWE=0x2
                 	.EQU EECR=0x1C
                 	.EQU EEDR=0x1D
                 	.EQU EEARL=0x1E
                 	.EQU EEARH=0x1F
                 	.EQU WDTCR=0x21
                 	.EQU MCUCR=0x35
                 	.EQU GICR=0x3B
                 	.EQU SPL=0x3D
                 	.EQU SPH=0x3E
                 	.EQU SREG=0x3F
                 
                 	.DEF R0X0=R0
                 	.DEF R0X1=R1
                 	.DEF R0X2=R2
                 	.DEF R0X3=R3
                 	.DEF R0X4=R4
                 	.DEF R0X5=R5
                 	.DEF R0X6=R6
                 	.DEF R0X7=R7
                 	.DEF R0X8=R8
                 	.DEF R0X9=R9
                 	.DEF R0XA=R10
                 	.DEF R0XB=R11
                 	.DEF R0XC=R12
                 	.DEF R0XD=R13
                 	.DEF R0XE=R14
                 	.DEF R0XF=R15
                 	.DEF R0X10=R16
                 	.DEF R0X11=R17
                 	.DEF R0X12=R18
                 	.DEF R0X13=R19
                 	.DEF R0X14=R20
                 	.DEF R0X15=R21
                 	.DEF R0X16=R22
                 	.DEF R0X17=R23
                 	.DEF R0X18=R24
                 	.DEF R0X19=R25
                 	.DEF R0X1A=R26
                 	.DEF R0X1B=R27
                 	.DEF R0X1C=R28
                 	.DEF R0X1D=R29
                 	.DEF R0X1E=R30
                 	.DEF R0X1F=R31
                 
                 	.EQU __SRAM_START=0x0060
                 	.EQU __SRAM_END=0x045F
                 	.EQU __DSTACK_SIZE=0x0100
                 	.EQU __HEAP_SIZE=0x0000
                 	.EQU __CLEAR_SRAM_SIZE=__SRAM_END-__SRAM_START+1
                 
                 	.MACRO __CPD1N
                 	CPI  R30,LOW(@0)
                 	LDI  R26,HIGH(@0)
                 	CPC  R31,R26
                 	LDI  R26,BYTE3(@0)
                 	CPC  R22,R26
                 	LDI  R26,BYTE4(@0)
                 	CPC  R23,R26
                 	.ENDM
                 
                 	.MACRO __CPD2N
                 	CPI  R26,LOW(@0)
                 	LDI  R30,HIGH(@0)
                 	CPC  R27,R30
                 	LDI  R30,BYTE3(@0)
                 	CPC  R24,R30
                 	LDI  R30,BYTE4(@0)
                 	CPC  R25,R30
                 	.ENDM
                 
                 	.MACRO __CPWRR
                 	CP   R@0,R@2
                 	CPC  R@1,R@3
                 	.ENDM
                 
                 	.MACRO __CPWRN
                 	CPI  R@0,LOW(@2)
                 	LDI  R30,HIGH(@2)
                 	CPC  R@1,R30
                 	.ENDM
                 
                 	.MACRO __ADDB1MN
                 	SUBI R30,LOW(-@0-(@1))
                 	.ENDM
                 
                 	.MACRO __ADDB2MN
                 	SUBI R26,LOW(-@0-(@1))
                 	.ENDM
                 
                 	.MACRO __ADDW1MN
                 	SUBI R30,LOW(-@0-(@1))
                 	SBCI R31,HIGH(-@0-(@1))
                 	.ENDM
                 
                 	.MACRO __ADDW2MN
                 	SUBI R26,LOW(-@0-(@1))
                 	SBCI R27,HIGH(-@0-(@1))
                 	.ENDM
                 
                 	.MACRO __ADDW1FN
                 	SUBI R30,LOW(-2*@0-(@1))
                 	SBCI R31,HIGH(-2*@0-(@1))
                 	.ENDM
                 
                 	.MACRO __ADDD1FN
                 	SUBI R30,LOW(-2*@0-(@1))
                 	SBCI R31,HIGH(-2*@0-(@1))
                 	SBCI R22,BYTE3(-2*@0-(@1))
                 	.ENDM
                 
                 	.MACRO __ADDD1N
                 	SUBI R30,LOW(-@0)
                 	SBCI R31,HIGH(-@0)
                 	SBCI R22,BYTE3(-@0)
                 	SBCI R23,BYTE4(-@0)
                 	.ENDM
                 
                 	.MACRO __ADDD2N
                 	SUBI R26,LOW(-@0)
                 	SBCI R27,HIGH(-@0)
                 	SBCI R24,BYTE3(-@0)
                 	SBCI R25,BYTE4(-@0)
                 	.ENDM
                 
                 	.MACRO __SUBD1N
                 	SUBI R30,LOW(@0)
                 	SBCI R31,HIGH(@0)
                 	SBCI R22,BYTE3(@0)
                 	SBCI R23,BYTE4(@0)
                 	.ENDM
                 
                 	.MACRO __SUBD2N
                 	SUBI R26,LOW(@0)
                 	SBCI R27,HIGH(@0)
                 	SBCI R24,BYTE3(@0)
                 	SBCI R25,BYTE4(@0)
                 	.ENDM
                 
                 	.MACRO __ANDBMNN
                 	LDS  R30,@0+(@1)
                 	ANDI R30,LOW(@2)
                 	STS  @0+(@1),R30
                 	.ENDM
                 
                 	.MACRO __ANDWMNN
                 	LDS  R30,@0+(@1)
                 	ANDI R30,LOW(@2)
                 	STS  @0+(@1),R30
                 	LDS  R30,@0+(@1)+1
                 	ANDI R30,HIGH(@2)
                 	STS  @0+(@1)+1,R30
                 	.ENDM
                 
                 	.MACRO __ANDD1N
                 	ANDI R30,LOW(@0)
                 	ANDI R31,HIGH(@0)
                 	ANDI R22,BYTE3(@0)
                 	ANDI R23,BYTE4(@0)
                 	.ENDM
                 
                 	.MACRO __ANDD2N
                 	ANDI R26,LOW(@0)
                 	ANDI R27,HIGH(@0)
                 	ANDI R24,BYTE3(@0)
                 	ANDI R25,BYTE4(@0)
                 	.ENDM
                 
                 	.MACRO __ORBMNN
                 	LDS  R30,@0+(@1)
                 	ORI  R30,LOW(@2)
                 	STS  @0+(@1),R30
                 	.ENDM
                 
                 	.MACRO __ORWMNN
                 	LDS  R30,@0+(@1)
                 	ORI  R30,LOW(@2)
                 	STS  @0+(@1),R30
                 	LDS  R30,@0+(@1)+1
                 	ORI  R30,HIGH(@2)
                 	STS  @0+(@1)+1,R30
                 	.ENDM
                 
                 	.MACRO __ORD1N
                 	ORI  R30,LOW(@0)
                 	ORI  R31,HIGH(@0)
                 	ORI  R22,BYTE3(@0)
                 	ORI  R23,BYTE4(@0)
                 	.ENDM
                 
                 	.MACRO __ORD2N
                 	ORI  R26,LOW(@0)
                 	ORI  R27,HIGH(@0)
                 	ORI  R24,BYTE3(@0)
                 	ORI  R25,BYTE4(@0)
                 	.ENDM
                 
                 	.MACRO __DELAY_USB
                 	LDI  R24,LOW(@0)
                 __DELAY_USB_LOOP:
                 	DEC  R24
                 	BRNE __DELAY_USB_LOOP
                 	.ENDM
                 
                 	.MACRO __DELAY_USW
                 	LDI  R24,LOW(@0)
                 	LDI  R25,HIGH(@0)
                 __DELAY_USW_LOOP:
                 	SBIW R24,1
                 	BRNE __DELAY_USW_LOOP
                 	.ENDM
                 
                 	.MACRO __GETD1S
                 	LDD  R30,Y+@0
                 	LDD  R31,Y+@0+1
                 	LDD  R22,Y+@0+2
                 	LDD  R23,Y+@0+3
                 	.ENDM
                 
                 	.MACRO __GETD2S
                 	LDD  R26,Y+@0
                 	LDD  R27,Y+@0+1
                 	LDD  R24,Y+@0+2
                 	LDD  R25,Y+@0+3
                 	.ENDM
                 
                 	.MACRO __PUTD1S
                 	STD  Y+@0,R30
                 	STD  Y+@0+1,R31
                 	STD  Y+@0+2,R22
                 	STD  Y+@0+3,R23
                 	.ENDM
                 
                 	.MACRO __PUTD2S
                 	STD  Y+@0,R26
                 	STD  Y+@0+1,R27
                 	STD  Y+@0+2,R24
                 	STD  Y+@0+3,R25
                 	.ENDM
                 
                 	.MACRO __PUTDZ2
                 	STD  Z+@0,R26
                 	STD  Z+@0+1,R27
                 	STD  Z+@0+2,R24
                 	STD  Z+@0+3,R25
                 	.ENDM
                 
                 	.MACRO __CLRD1S
                 	STD  Y+@0,R30
                 	STD  Y+@0+1,R30
                 	STD  Y+@0+2,R30
                 	STD  Y+@0+3,R30
                 	.ENDM
                 
                 	.MACRO __POINTB1MN
                 	LDI  R30,LOW(@0+(@1))
                 	.ENDM
                 
                 	.MACRO __POINTW1MN
                 	LDI  R30,LOW(@0+(@1))
                 	LDI  R31,HIGH(@0+(@1))
                 	.ENDM
                 
                 	.MACRO __POINTD1M
                 	LDI  R30,LOW(@0)
                 	LDI  R31,HIGH(@0)
                 	LDI  R22,BYTE3(@0)
                 	LDI  R23,BYTE4(@0)
                 	.ENDM
                 
                 	.MACRO __POINTW1FN
                 	LDI  R30,LOW(2*@0+(@1))
                 	LDI  R31,HIGH(2*@0+(@1))
                 	.ENDM
                 
                 	.MACRO __POINTD1FN
                 	LDI  R30,LOW(2*@0+(@1))
                 	LDI  R31,HIGH(2*@0+(@1))
                 	LDI  R22,BYTE3(2*@0+(@1))
                 	LDI  R23,BYTE4(2*@0+(@1))
                 	.ENDM
                 
                 	.MACRO __POINTB2MN
                 	LDI  R26,LOW(@0+(@1))
                 	.ENDM
                 
                 	.MACRO __POINTW2MN
                 	LDI  R26,LOW(@0+(@1))
                 	LDI  R27,HIGH(@0+(@1))
                 	.ENDM
                 
                 	.MACRO __POINTW2FN
                 	LDI  R26,LOW(2*@0+(@1))
                 	LDI  R27,HIGH(2*@0+(@1))
                 	.ENDM
                 
                 	.MACRO __POINTD2FN
                 	LDI  R26,LOW(2*@0+(@1))
                 	LDI  R27,HIGH(2*@0+(@1))
                 	LDI  R24,BYTE3(2*@0+(@1))
                 	LDI  R25,BYTE4(2*@0+(@1))
                 	.ENDM
                 
                 	.MACRO __POINTBRM
                 	LDI  R@0,LOW(@1)
                 	.ENDM
                 
                 	.MACRO __POINTWRM
                 	LDI  R@0,LOW(@2)
                 	LDI  R@1,HIGH(@2)
                 	.ENDM
                 
                 	.MACRO __POINTBRMN
                 	LDI  R@0,LOW(@1+(@2))
                 	.ENDM
                 
                 	.MACRO __POINTWRMN
                 	LDI  R@0,LOW(@2+(@3))
                 	LDI  R@1,HIGH(@2+(@3))
                 	.ENDM
                 
                 	.MACRO __POINTWRFN
                 	LDI  R@0,LOW(@2*2+(@3))
                 	LDI  R@1,HIGH(@2*2+(@3))
                 	.ENDM
                 
                 	.MACRO __GETD1N
                 	LDI  R30,LOW(@0)
                 	LDI  R31,HIGH(@0)
                 	LDI  R22,BYTE3(@0)
                 	LDI  R23,BYTE4(@0)
                 	.ENDM
                 
                 	.MACRO __GETD2N
                 	LDI  R26,LOW(@0)
                 	LDI  R27,HIGH(@0)
                 	LDI  R24,BYTE3(@0)
                 	LDI  R25,BYTE4(@0)
                 	.ENDM
                 
                 	.MACRO __GETB1MN
                 	LDS  R30,@0+(@1)
                 	.ENDM
                 
                 	.MACRO __GETB1HMN
                 	LDS  R31,@0+(@1)
                 	.ENDM
                 
                 	.MACRO __GETW1MN
                 	LDS  R30,@0+(@1)
                 	LDS  R31,@0+(@1)+1
                 	.ENDM
                 
                 	.MACRO __GETD1MN
                 	LDS  R30,@0+(@1)
                 	LDS  R31,@0+(@1)+1
                 	LDS  R22,@0+(@1)+2
                 	LDS  R23,@0+(@1)+3
                 	.ENDM
                 
                 	.MACRO __GETBRMN
                 	LDS  R@0,@1+(@2)
                 	.ENDM
                 
                 	.MACRO __GETWRMN
                 	LDS  R@0,@2+(@3)
                 	LDS  R@1,@2+(@3)+1
                 	.ENDM
                 
                 	.MACRO __GETWRZ
                 	LDD  R@0,Z+@2
                 	LDD  R@1,Z+@2+1
                 	.ENDM
                 
                 	.MACRO __GETD2Z
                 	LDD  R26,Z+@0
                 	LDD  R27,Z+@0+1
                 	LDD  R24,Z+@0+2
                 	LDD  R25,Z+@0+3
                 	.ENDM
                 
                 	.MACRO __GETB2MN
                 	LDS  R26,@0+(@1)
                 	.ENDM
                 
                 	.MACRO __GETW2MN
                 	LDS  R26,@0+(@1)
                 	LDS  R27,@0+(@1)+1
                 	.ENDM
                 
                 	.MACRO __GETD2MN
                 	LDS  R26,@0+(@1)
                 	LDS  R27,@0+(@1)+1
                 	LDS  R24,@0+(@1)+2
                 	LDS  R25,@0+(@1)+3
                 	.ENDM
                 
                 	.MACRO __PUTB1MN
                 	STS  @0+(@1),R30
                 	.ENDM
                 
                 	.MACRO __PUTW1MN
                 	STS  @0+(@1),R30
                 	STS  @0+(@1)+1,R31
                 	.ENDM
                 
                 	.MACRO __PUTD1MN
                 	STS  @0+(@1),R30
                 	STS  @0+(@1)+1,R31
                 	STS  @0+(@1)+2,R22
                 	STS  @0+(@1)+3,R23
                 	.ENDM
                 
                 	.MACRO __PUTB1EN
                 	LDI  R26,LOW(@0+(@1))
                 	LDI  R27,HIGH(@0+(@1))
                 	CALL __EEPROMWRB
                 	.ENDM
                 
                 	.MACRO __PUTW1EN
                 	LDI  R26,LOW(@0+(@1))
                 	LDI  R27,HIGH(@0+(@1))
                 	CALL __EEPROMWRW
                 	.ENDM
                 
                 	.MACRO __PUTD1EN
                 	LDI  R26,LOW(@0+(@1))
                 	LDI  R27,HIGH(@0+(@1))
                 	CALL __EEPROMWRD
                 	.ENDM
                 
                 	.MACRO __PUTBR0MN
                 	STS  @0+(@1),R0
                 	.ENDM
                 
                 	.MACRO __PUTBMRN
                 	STS  @0+(@1),R@2
                 	.ENDM
                 
                 	.MACRO __PUTWMRN
                 	STS  @0+(@1),R@2
                 	STS  @0+(@1)+1,R@3
                 	.ENDM
                 
                 	.MACRO __PUTBZR
                 	STD  Z+@1,R@0
                 	.ENDM
                 
                 	.MACRO __PUTWZR
                 	STD  Z+@2,R@0
                 	STD  Z+@2+1,R@1
                 	.ENDM
                 
                 	.MACRO __GETW1R
                 	MOV  R30,R@0
                 	MOV  R31,R@1
                 	.ENDM
                 
                 	.MACRO __GETW2R
                 	MOV  R26,R@0
                 	MOV  R27,R@1
                 	.ENDM
                 
                 	.MACRO __GETWRN
                 	LDI  R@0,LOW(@2)
                 	LDI  R@1,HIGH(@2)
                 	.ENDM
                 
                 	.MACRO __PUTW1R
                 	MOV  R@0,R30
                 	MOV  R@1,R31
                 	.ENDM
                 
                 	.MACRO __PUTW2R
                 	MOV  R@0,R26
                 	MOV  R@1,R27
                 	.ENDM
                 
                 	.MACRO __ADDWRN
                 	SUBI R@0,LOW(-@2)
                 	SBCI R@1,HIGH(-@2)
                 	.ENDM
                 
                 	.MACRO __ADDWRR
                 	ADD  R@0,R@2
                 	ADC  R@1,R@3
                 	.ENDM
                 
                 	.MACRO __SUBWRN
                 	SUBI R@0,LOW(@2)
                 	SBCI R@1,HIGH(@2)
                 	.ENDM
                 
                 	.MACRO __SUBWRR
                 	SUB  R@0,R@2
                 	SBC  R@1,R@3
                 	.ENDM
                 
                 	.MACRO __ANDWRN
                 	ANDI R@0,LOW(@2)
                 	ANDI R@1,HIGH(@2)
                 	.ENDM
                 
                 	.MACRO __ANDWRR
                 	AND  R@0,R@2
                 	AND  R@1,R@3
                 	.ENDM
                 
                 	.MACRO __ORWRN
                 	ORI  R@0,LOW(@2)
                 	ORI  R@1,HIGH(@2)
                 	.ENDM
                 
                 	.MACRO __ORWRR
                 	OR   R@0,R@2
                 	OR   R@1,R@3
                 	.ENDM
                 
                 	.MACRO __EORWRR
                 	EOR  R@0,R@2
                 	EOR  R@1,R@3
                 	.ENDM
                 
                 	.MACRO __GETWRS
                 	LDD  R@0,Y+@2
                 	LDD  R@1,Y+@2+1
                 	.ENDM
                 
                 	.MACRO __PUTBSR
                 	STD  Y+@1,R@0
                 	.ENDM
                 
                 	.MACRO __PUTWSR
                 	STD  Y+@2,R@0
                 	STD  Y+@2+1,R@1
                 	.ENDM
                 
                 	.MACRO __MOVEWRR
                 	MOV  R@0,R@2
                 	MOV  R@1,R@3
                 	.ENDM
                 
                 	.MACRO __INWR
                 	IN   R@0,@2
                 	IN   R@1,@2+1
                 	.ENDM
                 
                 	.MACRO __OUTWR
                 	OUT  @2+1,R@1
                 	OUT  @2,R@0
                 	.ENDM
                 
                 	.MACRO __CALL1MN
                 	LDS  R30,@0+(@1)
                 	LDS  R31,@0+(@1)+1
                 	ICALL
                 	.ENDM
                 
                 	.MACRO __CALL1FN
                 	LDI  R30,LOW(2*@0+(@1))
                 	LDI  R31,HIGH(2*@0+(@1))
                 	CALL __GETW1PF
                 	ICALL
                 	.ENDM
                 
                 	.MACRO __CALL2EN
                 	LDI  R26,LOW(@0+(@1))
                 	LDI  R27,HIGH(@0+(@1))
                 	CALL __EEPROMRDW
                 	ICALL
                 	.ENDM
                 
                 	.MACRO __GETW1STACK
                 	IN   R26,SPL
                 	IN   R27,SPH
                 	ADIW R26,@0+1
                 	LD   R30,X+
                 	LD   R31,X
                 	.ENDM
                 
                 	.MACRO __GETD1STACK
                 	IN   R26,SPL
                 	IN   R27,SPH
                 	ADIW R26,@0+1
                 	LD   R30,X+
                 	LD   R31,X+
                 	LD   R22,X
                 	.ENDM
                 
                 	.MACRO __NBST
                 	BST  R@0,@1
                 	IN   R30,SREG
                 	LDI  R31,0x40
                 	EOR  R30,R31
                 	OUT  SREG,R30
                 	.ENDM
                 
                 
                 	.MACRO __PUTB1SN
                 	LDD  R26,Y+@0
                 	LDD  R27,Y+@0+1
                 	SUBI R26,LOW(-@1)
                 	SBCI R27,HIGH(-@1)
                 	ST   X,R30
                 	.ENDM
                 
                 	.MACRO __PUTW1SN
                 	LDD  R26,Y+@0
                 	LDD  R27,Y+@0+1
                 	SUBI R26,LOW(-@1)
                 	SBCI R27,HIGH(-@1)
                 	ST   X+,R30
                 	ST   X,R31
                 	.ENDM
                 
                 	.MACRO __PUTD1SN
                 	LDD  R26,Y+@0
                 	LDD  R27,Y+@0+1
                 	SUBI R26,LOW(-@1)
                 	SBCI R27,HIGH(-@1)
                 	CALL __PUTDP1
                 	.ENDM
                 
                 	.MACRO __PUTB1SNS
                 	LDD  R26,Y+@0
                 	LDD  R27,Y+@0+1
                 	ADIW R26,@1
                 	ST   X,R30
                 	.ENDM
                 
                 	.MACRO __PUTW1SNS
                 	LDD  R26,Y+@0
                 	LDD  R27,Y+@0+1
                 	ADIW R26,@1
                 	ST   X+,R30
                 	ST   X,R31
                 	.ENDM
                 
                 	.MACRO __PUTD1SNS
                 	LDD  R26,Y+@0
                 	LDD  R27,Y+@0+1
                 	ADIW R26,@1
                 	CALL __PUTDP1
                 	.ENDM
                 
                 	.MACRO __PUTB1PMN
                 	LDS  R26,@0
                 	LDS  R27,@0+1
                 	SUBI R26,LOW(-@1)
                 	SBCI R27,HIGH(-@1)
                 	ST   X,R30
                 	.ENDM
                 
                 	.MACRO __PUTW1PMN
                 	LDS  R26,@0
                 	LDS  R27,@0+1
                 	SUBI R26,LOW(-@1)
                 	SBCI R27,HIGH(-@1)
                 	ST   X+,R30
                 	ST   X,R31
                 	.ENDM
                 
                 	.MACRO __PUTD1PMN
                 	LDS  R26,@0
                 	LDS  R27,@0+1
                 	SUBI R26,LOW(-@1)
                 	SBCI R27,HIGH(-@1)
                 	CALL __PUTDP1
                 	.ENDM
                 
                 	.MACRO __PUTB1PMNS
                 	LDS  R26,@0
                 	LDS  R27,@0+1
                 	ADIW R26,@1
                 	ST   X,R30
                 	.ENDM
                 
                 	.MACRO __PUTW1PMNS
                 	LDS  R26,@0
                 	LDS  R27,@0+1
                 	ADIW R26,@1
                 	ST   X+,R30
                 	ST   X,R31
                 	.ENDM
                 
                 	.MACRO __PUTD1PMNS
                 	LDS  R26,@0
                 	LDS  R27,@0+1
                 	ADIW R26,@1
                 	CALL __PUTDP1
                 	.ENDM
                 
                 	.MACRO __PUTB1RN
                 	MOVW R26,R@0
                 	SUBI R26,LOW(-@1)
                 	SBCI R27,HIGH(-@1)
                 	ST   X,R30
                 	.ENDM
                 
                 	.MACRO __PUTW1RN
                 	MOVW R26,R@0
                 	SUBI R26,LOW(-@1)
                 	SBCI R27,HIGH(-@1)
                 	ST   X+,R30
                 	ST   X,R31
                 	.ENDM
                 
                 	.MACRO __PUTD1RN
                 	MOVW R26,R@0
                 	SUBI R26,LOW(-@1)
                 	SBCI R27,HIGH(-@1)
                 	CALL __PUTDP1
                 	.ENDM
                 
                 	.MACRO __PUTB1RNS
                 	MOVW R26,R@0
                 	ADIW R26,@1
                 	ST   X,R30
                 	.ENDM
                 
                 	.MACRO __PUTW1RNS
                 	MOVW R26,R@0
                 	ADIW R26,@1
                 	ST   X+,R30
                 	ST   X,R31
                 	.ENDM
                 
                 	.MACRO __PUTD1RNS
                 	MOVW R26,R@0
                 	ADIW R26,@1
                 	CALL __PUTDP1
                 	.ENDM
                 
                 	.MACRO __PUTB1RON
                 	MOV  R26,R@0
                 	MOV  R27,R@1
                 	SUBI R26,LOW(-@2)
                 	SBCI R27,HIGH(-@2)
                 	ST   X,R30
                 	.ENDM
                 
                 	.MACRO __PUTW1RON
                 	MOV  R26,R@0
                 	MOV  R27,R@1
                 	SUBI R26,LOW(-@2)
                 	SBCI R27,HIGH(-@2)
                 	ST   X+,R30
                 	ST   X,R31
                 	.ENDM
                 
                 	.MACRO __PUTD1RON
                 	MOV  R26,R@0
                 	MOV  R27,R@1
                 	SUBI R26,LOW(-@2)
                 	SBCI R27,HIGH(-@2)
                 	CALL __PUTDP1
                 	.ENDM
                 
                 	.MACRO __PUTB1RONS
                 	MOV  R26,R@0
                 	MOV  R27,R@1
                 	ADIW R26,@2
                 	ST   X,R30
                 	.ENDM
                 
                 	.MACRO __PUTW1RONS
                 	MOV  R26,R@0
                 	MOV  R27,R@1
                 	ADIW R26,@2
                 	ST   X+,R30
                 	ST   X,R31
                 	.ENDM
                 
                 	.MACRO __PUTD1RONS
                 	MOV  R26,R@0
                 	MOV  R27,R@1
                 	ADIW R26,@2
                 	CALL __PUTDP1
                 	.ENDM
                 
                 
                 	.MACRO __GETB1SX
                 	MOVW R30,R28
                 	SUBI R30,LOW(-@0)
                 	SBCI R31,HIGH(-@0)
                 	LD   R30,Z
                 	.ENDM
                 
                 	.MACRO __GETB1HSX
                 	MOVW R30,R28
                 	SUBI R30,LOW(-@0)
                 	SBCI R31,HIGH(-@0)
                 	LD   R31,Z
                 	.ENDM
                 
                 	.MACRO __GETW1SX
                 	MOVW R30,R28
                 	SUBI R30,LOW(-@0)
                 	SBCI R31,HIGH(-@0)
                 	LD   R0,Z+
                 	LD   R31,Z
                 	MOV  R30,R0
                 	.ENDM
                 
                 	.MACRO __GETD1SX
                 	MOVW R30,R28
                 	SUBI R30,LOW(-@0)
                 	SBCI R31,HIGH(-@0)
                 	LD   R0,Z+
                 	LD   R1,Z+
                 	LD   R22,Z+
                 	LD   R23,Z
                 	MOVW R30,R0
                 	.ENDM
                 
                 	.MACRO __GETB2SX
                 	MOVW R26,R28
                 	SUBI R26,LOW(-@0)
                 	SBCI R27,HIGH(-@0)
                 	LD   R26,X
                 	.ENDM
                 
                 	.MACRO __GETW2SX
                 	MOVW R26,R28
                 	SUBI R26,LOW(-@0)
                 	SBCI R27,HIGH(-@0)
                 	LD   R0,X+
                 	LD   R27,X
                 	MOV  R26,R0
                 	.ENDM
                 
                 	.MACRO __GETD2SX
                 	MOVW R26,R28
                 	SUBI R26,LOW(-@0)
                 	SBCI R27,HIGH(-@0)
                 	LD   R0,X+
                 	LD   R1,X+
                 	LD   R24,X+
                 	LD   R25,X
                 	MOVW R26,R0
                 	.ENDM
                 
                 	.MACRO __GETBRSX
                 	MOVW R30,R28
                 	SUBI R30,LOW(-@1)
                 	SBCI R31,HIGH(-@1)
                 	LD   R@0,Z
                 	.ENDM
                 
                 	.MACRO __GETWRSX
                 	MOVW R30,R28
                 	SUBI R30,LOW(-@2)
                 	SBCI R31,HIGH(-@2)
                 	LD   R@0,Z+
                 	LD   R@1,Z
                 	.ENDM
                 
                 	.MACRO __GETBRSX2
                 	MOVW R26,R28
                 	SUBI R26,LOW(-@1)
                 	SBCI R27,HIGH(-@1)
                 	LD   R@0,X
                 	.ENDM
                 
                 	.MACRO __GETWRSX2
                 	MOVW R26,R28
                 	SUBI R26,LOW(-@2)
                 	SBCI R27,HIGH(-@2)
                 	LD   R@0,X+
                 	LD   R@1,X
                 	.ENDM
                 
                 	.MACRO __LSLW8SX
                 	MOVW R30,R28
                 	SUBI R30,LOW(-@0)
                 	SBCI R31,HIGH(-@0)
                 	LD   R31,Z
                 	CLR  R30
                 	.ENDM
                 
                 	.MACRO __PUTB1SX
                 	MOVW R26,R28
                 	SUBI R26,LOW(-@0)
                 	SBCI R27,HIGH(-@0)
                 	ST   X,R30
                 	.ENDM
                 
                 	.MACRO __PUTW1SX
                 	MOVW R26,R28
                 	SUBI R26,LOW(-@0)
                 	SBCI R27,HIGH(-@0)
                 	ST   X+,R30
                 	ST   X,R31
                 	.ENDM
                 
                 	.MACRO __PUTD1SX
                 	MOVW R26,R28
                 	SUBI R26,LOW(-@0)
                 	SBCI R27,HIGH(-@0)
                 	ST   X+,R30
                 	ST   X+,R31
                 	ST   X+,R22
                 	ST   X,R23
                 	.ENDM
                 
                 	.MACRO __CLRW1SX
                 	MOVW R26,R28
                 	SUBI R26,LOW(-@0)
                 	SBCI R27,HIGH(-@0)
                 	ST   X+,R30
                 	ST   X,R30
                 	.ENDM
                 
                 	.MACRO __CLRD1SX
                 	MOVW R26,R28
                 	SUBI R26,LOW(-@0)
                 	SBCI R27,HIGH(-@0)
                 	ST   X+,R30
                 	ST   X+,R30
                 	ST   X+,R30
                 	ST   X,R30
                 	.ENDM
                 
                 	.MACRO __PUTB2SX
                 	MOVW R30,R28
                 	SUBI R30,LOW(-@0)
                 	SBCI R31,HIGH(-@0)
                 	ST   Z,R26
                 	.ENDM
                 
                 	.MACRO __PUTW2SX
                 	MOVW R30,R28
                 	SUBI R30,LOW(-@0)
                 	SBCI R31,HIGH(-@0)
                 	ST   Z+,R26
                 	ST   Z,R27
                 	.ENDM
                 
                 	.MACRO __PUTD2SX
                 	MOVW R30,R28
                 	SUBI R30,LOW(-@0)
                 	SBCI R31,HIGH(-@0)
                 	ST   Z+,R26
                 	ST   Z+,R27
                 	ST   Z+,R24
                 	ST   Z,R25
                 	.ENDM
                 
                 	.MACRO __PUTBSRX
                 	MOVW R30,R28
                 	SUBI R30,LOW(-@1)
                 	SBCI R31,HIGH(-@1)
                 	ST   Z,R@0
                 	.ENDM
                 
                 	.MACRO __PUTWSRX
                 	MOVW R30,R28
                 	SUBI R30,LOW(-@2)
                 	SBCI R31,HIGH(-@2)
                 	ST   Z+,R@0
                 	ST   Z,R@1
                 	.ENDM
                 
                 	.MACRO __PUTB1SNX
                 	MOVW R26,R28
                 	SUBI R26,LOW(-@0)
                 	SBCI R27,HIGH(-@0)
                 	LD   R0,X+
                 	LD   R27,X
                 	MOV  R26,R0
                 	SUBI R26,LOW(-@1)
                 	SBCI R27,HIGH(-@1)
                 	ST   X,R30
                 	.ENDM
                 
                 	.MACRO __PUTW1SNX
                 	MOVW R26,R28
                 	SUBI R26,LOW(-@0)
                 	SBCI R27,HIGH(-@0)
                 	LD   R0,X+
                 	LD   R27,X
                 	MOV  R26,R0
                 	SUBI R26,LOW(-@1)
                 	SBCI R27,HIGH(-@1)
                 	ST   X+,R30
                 	ST   X,R31
                 	.ENDM
                 
                 	.MACRO __PUTD1SNX
                 	MOVW R26,R28
                 	SUBI R26,LOW(-@0)
                 	SBCI R27,HIGH(-@0)
                 	LD   R0,X+
                 	LD   R27,X
                 	MOV  R26,R0
                 	SUBI R26,LOW(-@1)
                 	SBCI R27,HIGH(-@1)
                 	ST   X+,R30
                 	ST   X+,R31
                 	ST   X+,R22
                 	ST   X,R23
                 	.ENDM
                 
                 	.MACRO __MULBRR
                 	MULS R@0,R@1
                 	MOVW R30,R0
                 	.ENDM
                 
                 	.MACRO __MULBRRU
                 	MUL  R@0,R@1
                 	MOVW R30,R0
                 	.ENDM
                 
                 	.MACRO __MULBRR0
                 	MULS R@0,R@1
                 	.ENDM
                 
                 	.MACRO __MULBRRU0
                 	MUL  R@0,R@1
                 	.ENDM
                 
                 	.MACRO __MULBNWRU
                 	LDI  R26,@2
                 	MUL  R26,R@0
                 	MOVW R30,R0
                 	MUL  R26,R@1
                 	ADD  R31,R0
                 	.ENDM
                 
                 ;NAME DEFINITIONS FOR GLOBAL VARIABLES ALLOCATED TO REGISTERS
                 	.DEF _data=R5
                 	.DEF _pwm=R4
                 	.DEF _a=R7
                 	.DEF __lcd_x=R6
                 	.DEF __lcd_y=R9
                 	.DEF __lcd_maxx=R8
                 
                 	.CSEG
                 	.ORG 0x00
                 
                 ;START OF CODE MARKER
                 __START_OF_CODE:
                 
                 ;INTERRUPT VECTORS
000000 940c 0042 	JMP  __RESET
000002 940c 0000 	JMP  0x00
000004 940c 0000 	JMP  0x00
000006 940c 0000 	JMP  0x00
000008 940c 0000 	JMP  0x00
00000a 940c 0000 	JMP  0x00
00000c 940c 0000 	JMP  0x00
00000e 940c 0000 	JMP  0x00
000010 940c 0000 	JMP  0x00
000012 940c 0072 	JMP  _timer0_ovf_isr
000014 940c 0000 	JMP  0x00
000016 940c 0000 	JMP  0x00
000018 940c 0000 	JMP  0x00
00001a 940c 0000 	JMP  0x00
00001c 940c 0000 	JMP  0x00
00001e 940c 0000 	JMP  0x00
000020 940c 0000 	JMP  0x00
000022 940c 0000 	JMP  0x00
000024 940c 0000 	JMP  0x00
000026 940c 0000 	JMP  0x00
000028 940c 0000 	JMP  0x00
                 
                 _tbl10_G100:
00002a 2710
00002b 03e8
00002c 0064
00002d 000a      	.DB  0x10,0x27,0xE8,0x3,0x64,0x0,0xA,0x0
00002e 0001      	.DB  0x1,0x0
                 _tbl16_G100:
00002f 1000
000030 0100
000031 0010
000032 0001      	.DB  0x0,0x10,0x0,0x1,0x10,0x0,0x1,0x0
                 
                 _0x0:
000033 5750
000034 204d
000035 203d
000036 3325      	.DB  0x50,0x57,0x4D,0x20,0x3D,0x20,0x25,0x33
000037 0064
000038 4441
000039 2043
00003a 203d      	.DB  0x64,0x0,0x41,0x44,0x43,0x20,0x3D,0x20
00003b 3325
00003c 0064      	.DB  0x25,0x33,0x64,0x0
                 _0x2020003:
00003d c080      	.DB  0x80,0xC0
                 
                 __GLOBAL_INI_TBL:
00003e 0002      	.DW  0x02
00003f 0170      	.DW  __base_y_G101
000040 007a      	.DW  _0x2020003*2
                 
                 _0xFFFFFFFF:
000041 0000      	.DW  0
                 
                 __RESET:
000042 94f8      	CLI
000043 27ee      	CLR  R30
000044 bbec      	OUT  EECR,R30
                 
                 ;INTERRUPT VECTORS ARE PLACED
                 ;AT THE START OF FLASH
000045 e0f1      	LDI  R31,1
000046 bffb      	OUT  GICR,R31
000047 bfeb      	OUT  GICR,R30
000048 bfe5      	OUT  MCUCR,R30
                 
                 ;DISABLE WATCHDOG
000049 e1f8      	LDI  R31,0x18
00004a bdf1      	OUT  WDTCR,R31
00004b bde1      	OUT  WDTCR,R30
                 
                 ;CLEAR R2-R14
00004c e08d      	LDI  R24,(14-2)+1
00004d e0a2      	LDI  R26,2
00004e 27bb      	CLR  R27
                 __CLEAR_REG:
00004f 93ed      	ST   X+,R30
000050 958a      	DEC  R24
000051 f7e9      	BRNE __CLEAR_REG
                 
                 ;CLEAR SRAM
000052 e080      	LDI  R24,LOW(__CLEAR_SRAM_SIZE)
000053 e094      	LDI  R25,HIGH(__CLEAR_SRAM_SIZE)
000054 e6a0      	LDI  R26,__SRAM_START
                 __CLEAR_SRAM:
000055 93ed      	ST   X+,R30
000056 9701      	SBIW R24,1
000057 f7e9      	BRNE __CLEAR_SRAM
                 
                 ;GLOBAL VARIABLES INITIALIZATION
000058 e7ec      	LDI  R30,LOW(__GLOBAL_INI_TBL*2)
000059 e0f0      	LDI  R31,HIGH(__GLOBAL_INI_TBL*2)
                 __GLOBAL_INI_NEXT:
00005a 9185      	LPM  R24,Z+
00005b 9195      	LPM  R25,Z+
00005c 9700      	SBIW R24,0
00005d f061      	BREQ __GLOBAL_INI_END
00005e 91a5      	LPM  R26,Z+
00005f 91b5      	LPM  R27,Z+
000060 9005      	LPM  R0,Z+
000061 9015      	LPM  R1,Z+
000062 01bf      	MOVW R22,R30
000063 01f0      	MOVW R30,R0
                 __GLOBAL_INI_LOOP:
000064 9005      	LPM  R0,Z+
000065 920d      	ST   X+,R0
000066 9701      	SBIW R24,1
000067 f7e1      	BRNE __GLOBAL_INI_LOOP
000068 01fb      	MOVW R30,R22
000069 cff0      	RJMP __GLOBAL_INI_NEXT
                 __GLOBAL_INI_END:
                 
                 ;HARDWARE STACK POINTER INITIALIZATION
00006a e5ef      	LDI  R30,LOW(__SRAM_END-__HEAP_SIZE)
00006b bfed      	OUT  SPL,R30
00006c e0e4      	LDI  R30,HIGH(__SRAM_END-__HEAP_SIZE)
00006d bfee      	OUT  SPH,R30
                 
                 ;DATA STACK POINTER INITIALIZATION
00006e e6c0      	LDI  R28,LOW(__SRAM_START+__DSTACK_SIZE)
00006f e0d1      	LDI  R29,HIGH(__SRAM_START+__DSTACK_SIZE)
                 
000070 940c 008b 	JMP  _main
                 
                 	.ESEG
                 	.ORG 0
                 
                 	.DSEG
                 	.ORG 0x160
                 
                 	.CSEG
                 ;/*****************************************************
                 ;This program was produced by the
                 ;CodeWizardAVR V2.05.3 Standard
                 ;Automatic Program Generator
                 ;© Copyright 1998-2011 Pavel Haiduc, HP InfoTech s.r.l.
                 ;http://www.hpinfotech.com
                 ;
                 ;Project :
                 ;Version :
                 ;Date    : 23/04/2018
                 ;Author  : Windows User
                 ;Company :
                 ;Comments:
                 ;
                 ;
                 ;Chip type               : ATmega16
                 ;Program type            : Application
                 ;AVR Core Clock frequency: 11,059200 MHz
                 ;Memory model            : Small
                 ;External RAM size       : 0
                 ;Data Stack size         : 256
                 ;*****************************************************/
                 ;
                 ;#include <mega16.h>
                 	#ifndef __SLEEP_DEFINED__
                 	#define __SLEEP_DEFINED__
                 	.EQU __se_bit=0x40
                 	.EQU __sm_mask=0xB0
                 	.EQU __sm_powerdown=0x20
                 	.EQU __sm_powersave=0x30
                 	.EQU __sm_standby=0xA0
                 	.EQU __sm_ext_standby=0xB0
                 	.EQU __sm_adc_noise_red=0x10
                 	.SET power_ctrl_reg=mcucr
                 	#endif
                 ;
                 ;#include <delay.h>
                 ;#include <stdio.h>
                 ;unsigned char lcd[16];
                 ;unsigned char data,pwm,a;
                 ;
                 ;// Alphanumeric LCD functions
                 ;#include <alcd.h>
                 ;
                 ;// Timer 0 overflow interrupt service routine
                 ;interrupt [TIM0_OVF] void timer0_ovf_isr(void)
                 ; 0000 0024 {
                 
                 	.CSEG
                 _timer0_ovf_isr:
000072 93ea      	ST   -Y,R30
000073 b7ef      	IN   R30,SREG
                 ; 0000 0025 // Place your code here
                 ; 0000 0026 a++;
000074 9473      	INC  R7
                 ; 0000 0027 if(a<=pwm){PORTC.1=0;}
000075 1447      	CP   R4,R7
000076 f010      	BRLO _0x3
000077 98a9      	CBI  0x15,1
                 ; 0000 0028 else {PORTC.1=1;}
000078 c001      	RJMP _0x6
                 _0x3:
000079 9aa9      	SBI  0x15,1
                 _0x6:
                 ; 0000 0029 
                 ; 0000 002A }
00007a bfef      	OUT  SREG,R30
00007b 91e9      	LD   R30,Y+
00007c 9518      	RETI
                 ;
                 ;#define ADC_VREF_TYPE 0x00
                 ;
                 ;// Read the AD conversion result
                 ;unsigned int read_adc(unsigned char adc_input)
                 ; 0000 0030 {
                 _read_adc:
                 ; 0000 0031 ADMUX=adc_input | (ADC_VREF_TYPE & 0xff);
00007d 93aa      	ST   -Y,R26
                 ;	adc_input -> Y+0
00007e 81e8      	LD   R30,Y
00007f b9e7      	OUT  0x7,R30
                 ; 0000 0032 // Delay needed for the stabilization of the ADC input voltage
                 ; 0000 0033 delay_us(10);
                +
000080 e285     +LDI R24 , LOW ( 37 )
                +__DELAY_USB_LOOP :
000081 958a     +DEC R24
000082 f7f1     +BRNE __DELAY_USB_LOOP
                 	__DELAY_USB 37
                 ; 0000 0034 // Start the AD conversion
                 ; 0000 0035 ADCSRA|=0x40;
000083 9a36      	SBI  0x6,6
                 ; 0000 0036 // Wait for the AD conversion to complete
                 ; 0000 0037 while ((ADCSRA & 0x10)==0);
                 _0x9:
000084 9b34      	SBIS 0x6,4
000085 cffe      	RJMP _0x9
                 ; 0000 0038 ADCSRA|=0x10;
000086 9a34      	SBI  0x6,4
                 ; 0000 0039 return ADCW;
000087 b1e4      	IN   R30,0x4
000088 b1f5      	IN   R31,0x4+1
000089 940c 0329 	JMP  _0x2080001
                 ; 0000 003A }
                 ;
                 ;// Declare your global variables here
                 ;
                 ;void main(void)
                 ; 0000 003F {
                 _main:
                 ; 0000 0040 // Declare your local variables here
                 ; 0000 0041 
                 ; 0000 0042 // Input/Output Ports initialization
                 ; 0000 0043 // Port A initialization
                 ; 0000 0044 // Func7=In Func6=In Func5=In Func4=In Func3=In Func2=In Func1=In Func0=In
                 ; 0000 0045 // State7=T State6=T State5=T State4=T State3=T State2=T State1=T State0=T
                 ; 0000 0046 PORTA=0x00;
00008b e0e0      	LDI  R30,LOW(0)
00008c bbeb      	OUT  0x1B,R30
                 ; 0000 0047 DDRA=0x00;
00008d bbea      	OUT  0x1A,R30
                 ; 0000 0048 
                 ; 0000 0049 // Port B initialization
                 ; 0000 004A // Func7=In Func6=In Func5=In Func4=In Func3=In Func2=In Func1=In Func0=In
                 ; 0000 004B // State7=T State6=T State5=T State4=T State3=T State2=T State1=T State0=T
                 ; 0000 004C PORTB=0x00;
00008e bbe8      	OUT  0x18,R30
                 ; 0000 004D DDRB=0x00;
00008f bbe7      	OUT  0x17,R30
                 ; 0000 004E 
                 ; 0000 004F // Port C initialization
                 ; 0000 0050 // Func7=In Func6=In Func5=In Func4=Out Func3=In Func2=Out Func1=In Func0=In
                 ; 0000 0051 // State7=T State6=T State5=T State4=1 State3=T State2=1 State1=T State0=T
                 ; 0000 0052 PORTC=0x00;
000090 bbe5      	OUT  0x15,R30
                 ; 0000 0053 DDRC=0xFF;
000091 efef      	LDI  R30,LOW(255)
000092 bbe4      	OUT  0x14,R30
                 ; 0000 0054 
                 ; 0000 0055 // Port D initialization
                 ; 0000 0056 // Func7=In Func6=In Func5=In Func4=In Func3=In Func2=In Func1=In Func0=In
                 ; 0000 0057 // State7=T State6=T State5=T State4=T State3=T State2=T State1=T State0=T
                 ; 0000 0058 PORTD=0x00;
000093 e0e0      	LDI  R30,LOW(0)
000094 bbe2      	OUT  0x12,R30
                 ; 0000 0059 DDRD=0x00;
000095 bbe1      	OUT  0x11,R30
                 ; 0000 005A 
                 ; 0000 005B // Timer/Counter 0 initialization
                 ; 0000 005C // Clock source: System Clock
                 ; 0000 005D // Clock value: 11059,200 kHz
                 ; 0000 005E // Mode: Normal top=0xFF
                 ; 0000 005F // OC0 output: Disconnected
                 ; 0000 0060 TCCR0=0x01;
000096 e0e1      	LDI  R30,LOW(1)
000097 bfe3      	OUT  0x33,R30
                 ; 0000 0061 TCNT0=0x00;
000098 e0e0      	LDI  R30,LOW(0)
000099 bfe2      	OUT  0x32,R30
                 ; 0000 0062 OCR0=0x00;
00009a bfec      	OUT  0x3C,R30
                 ; 0000 0063 
                 ; 0000 0064 // Timer/Counter 1 initialization
                 ; 0000 0065 // Clock source: System Clock
                 ; 0000 0066 // Clock value: Timer1 Stopped
                 ; 0000 0067 // Mode: Normal top=0xFFFF
                 ; 0000 0068 // OC1A output: Discon.
                 ; 0000 0069 // OC1B output: Discon.
                 ; 0000 006A // Noise Canceler: Off
                 ; 0000 006B // Input Capture on Falling Edge
                 ; 0000 006C // Timer1 Overflow Interrupt: Off
                 ; 0000 006D // Input Capture Interrupt: Off
                 ; 0000 006E // Compare A Match Interrupt: Off
                 ; 0000 006F // Compare B Match Interrupt: Off
                 ; 0000 0070 TCCR1A=0x00;
00009b bdef      	OUT  0x2F,R30
                 ; 0000 0071 TCCR1B=0x00;
00009c bdee      	OUT  0x2E,R30
                 ; 0000 0072 TCNT1H=0x00;
00009d bded      	OUT  0x2D,R30
                 ; 0000 0073 TCNT1L=0x00;
00009e bdec      	OUT  0x2C,R30
                 ; 0000 0074 ICR1H=0x00;
00009f bde7      	OUT  0x27,R30
                 ; 0000 0075 ICR1L=0x00;
0000a0 bde6      	OUT  0x26,R30
                 ; 0000 0076 OCR1AH=0x00;
0000a1 bdeb      	OUT  0x2B,R30
                 ; 0000 0077 OCR1AL=0x00;
0000a2 bdea      	OUT  0x2A,R30
                 ; 0000 0078 OCR1BH=0x00;
0000a3 bde9      	OUT  0x29,R30
                 ; 0000 0079 OCR1BL=0x00;
0000a4 bde8      	OUT  0x28,R30
                 ; 0000 007A 
                 ; 0000 007B // Timer/Counter 2 initialization
                 ; 0000 007C // Clock source: System Clock
                 ; 0000 007D // Clock value: Timer2 Stopped
                 ; 0000 007E // Mode: Normal top=0xFF
                 ; 0000 007F // OC2 output: Disconnected
                 ; 0000 0080 ASSR=0x00;
0000a5 bde2      	OUT  0x22,R30
                 ; 0000 0081 TCCR2=0x00;
0000a6 bde5      	OUT  0x25,R30
                 ; 0000 0082 TCNT2=0x00;
0000a7 bde4      	OUT  0x24,R30
                 ; 0000 0083 OCR2=0x00;
0000a8 bde3      	OUT  0x23,R30
                 ; 0000 0084 
                 ; 0000 0085 // External Interrupt(s) initialization
                 ; 0000 0086 // INT0: Off
                 ; 0000 0087 // INT1: Off
                 ; 0000 0088 // INT2: Off
                 ; 0000 0089 MCUCR=0x00;
0000a9 bfe5      	OUT  0x35,R30
                 ; 0000 008A MCUCSR=0x00;
0000aa bfe4      	OUT  0x34,R30
                 ; 0000 008B 
                 ; 0000 008C // Timer(s)/Counter(s) Interrupt(s) initialization
                 ; 0000 008D TIMSK=0x01;
0000ab e0e1      	LDI  R30,LOW(1)
0000ac bfe9      	OUT  0x39,R30
                 ; 0000 008E 
                 ; 0000 008F // USART initialization
                 ; 0000 0090 // USART disabled
                 ; 0000 0091 UCSRB=0x00;
0000ad e0e0      	LDI  R30,LOW(0)
0000ae b9ea      	OUT  0xA,R30
                 ; 0000 0092 
                 ; 0000 0093 // Analog Comparator initialization
                 ; 0000 0094 // Analog Comparator: Off
                 ; 0000 0095 // Analog Comparator Input Capture by Timer/Counter 1: Off
                 ; 0000 0096 ACSR=0x80;
0000af e8e0      	LDI  R30,LOW(128)
0000b0 b9e8      	OUT  0x8,R30
                 ; 0000 0097 SFIOR=0x00;
0000b1 e0e0      	LDI  R30,LOW(0)
0000b2 bfe0      	OUT  0x30,R30
                 ; 0000 0098 
                 ; 0000 0099 // ADC initialization
                 ; 0000 009A // ADC Clock frequency: 691,200 kHz
                 ; 0000 009B // ADC Voltage Reference: AREF pin
                 ; 0000 009C // ADC Auto Trigger Source: ADC Stopped
                 ; 0000 009D ADMUX=ADC_VREF_TYPE & 0xff;
0000b3 b9e7      	OUT  0x7,R30
                 ; 0000 009E ADCSRA=0x84;
0000b4 e8e4      	LDI  R30,LOW(132)
0000b5 b9e6      	OUT  0x6,R30
                 ; 0000 009F 
                 ; 0000 00A0 // SPI initialization
                 ; 0000 00A1 // SPI disabled
                 ; 0000 00A2 SPCR=0x00;
0000b6 e0e0      	LDI  R30,LOW(0)
0000b7 b9ed      	OUT  0xD,R30
                 ; 0000 00A3 
                 ; 0000 00A4 // TWI initialization
                 ; 0000 00A5 // TWI disabled
                 ; 0000 00A6 TWCR=0x00;
0000b8 bfe6      	OUT  0x36,R30
                 ; 0000 00A7 
                 ; 0000 00A8 // Alphanumeric LCD initialization
                 ; 0000 00A9 // Connections are specified in the
                 ; 0000 00AA // Project|Configure|C Compiler|Libraries|Alphanumeric LCD menu:
                 ; 0000 00AB // RS - PORTD Bit 0
                 ; 0000 00AC // RD - PORTD Bit 1
                 ; 0000 00AD // EN - PORTD Bit 2
                 ; 0000 00AE // D4 - PORTD Bit 4
                 ; 0000 00AF // D5 - PORTD Bit 5
                 ; 0000 00B0 // D6 - PORTD Bit 6
                 ; 0000 00B1 // D7 - PORTD Bit 7
                 ; 0000 00B2 // Characters/line: 16
                 ; 0000 00B3 lcd_init(16);
0000b9 e1a0      	LDI  R26,LOW(16)
0000ba 940e 02fd 	CALL _lcd_init
                 ; 0000 00B4 
                 ; 0000 00B5 // Global enable interrupts
                 ; 0000 00B6 #asm("sei")
0000bc 9478      	sei
                 ; 0000 00B7 
                 ; 0000 00B8 while (1)
                 _0xC:
                 ; 0000 00B9       {
                 ; 0000 00BA       // Place your code here
                 ; 0000 00BB       data=read_adc(0);
0000bd e0a0      	LDI  R26,LOW(0)
0000be dfbe      	RCALL _read_adc
0000bf 2e5e      	MOV  R5,R30
                 ; 0000 00BC if(data>=138) {pwm=(data-128)*2+1;PORTC.0=0;}
0000c0 e8ea      	LDI  R30,LOW(138)
0000c1 165e      	CP   R5,R30
0000c2 f038      	BRLO _0xF
0000c3 2de5      	MOV  R30,R5
0000c4 58e0      	SUBI R30,LOW(128)
0000c5 0fee      	LSL  R30
0000c6 5fef      	SUBI R30,-LOW(1)
0000c7 2e4e      	MOV  R4,R30
0000c8 98a8      	CBI  0x15,0
                 ; 0000 00BD else
0000c9 c00b      	RJMP _0x12
                 _0xF:
                 ; 0000 00BE if(data<=118) {pwm=255-(data*2);PORTC.0=1;}
0000ca e7e6      	LDI  R30,LOW(118)
0000cb 15e5      	CP   R30,R5
0000cc f038      	BRLO _0x13
0000cd 2de5      	MOV  R30,R5
0000ce 0fee      	LSL  R30
0000cf efaf      	LDI  R26,LOW(255)
0000d0 1bae      	SUB  R26,R30
0000d1 2e4a      	MOV  R4,R26
0000d2 9aa8      	SBI  0x15,0
                 ; 0000 00BF else {pwm=0;}
0000d3 c001      	RJMP _0x16
                 _0x13:
0000d4 2444      	CLR  R4
                 _0x16:
                 _0x12:
                 ; 0000 00C0 sprintf(lcd,"PWM = %3d",pwm);
0000d5 e6e0      	LDI  R30,LOW(_lcd)
0000d6 e0f1      	LDI  R31,HIGH(_lcd)
0000d7 93fa      	ST   -Y,R31
0000d8 93ea      	ST   -Y,R30
                +
0000d9 e6e6     +LDI R30 , LOW ( 2 * _0x0 + ( 0 ) )
0000da e0f0     +LDI R31 , HIGH ( 2 * _0x0 + ( 0 ) )
                 	__POINTW1FN _0x0,0
0000db 93fa      	ST   -Y,R31
0000dc 93ea      	ST   -Y,R30
0000dd 2de4      	MOV  R30,R4
0000de 940e 0344 	CALL SUBOPT_0x0
                 ; 0000 00C1 lcd_gotoxy(0,0);
0000e0 e0a0      	LDI  R26,LOW(0)
0000e1 940e 0350 	CALL SUBOPT_0x1
                 ; 0000 00C2 lcd_puts(lcd);
                 ; 0000 00C3 sprintf(lcd,"ADC = %3d",data);
0000e3 e6e0      	LDI  R30,LOW(_lcd)
0000e4 e0f1      	LDI  R31,HIGH(_lcd)
0000e5 93fa      	ST   -Y,R31
0000e6 93ea      	ST   -Y,R30
                +
0000e7 e7e0     +LDI R30 , LOW ( 2 * _0x0 + ( 10 ) )
0000e8 e0f0     +LDI R31 , HIGH ( 2 * _0x0 + ( 10 ) )
                 	__POINTW1FN _0x0,10
0000e9 93fa      	ST   -Y,R31
0000ea 93ea      	ST   -Y,R30
0000eb 2de5      	MOV  R30,R5
0000ec 940e 0344 	CALL SUBOPT_0x0
                 ; 0000 00C4 lcd_gotoxy(0,1);
0000ee e0a1      	LDI  R26,LOW(1)
0000ef 940e 0350 	CALL SUBOPT_0x1
                 ; 0000 00C5 lcd_puts(lcd);
                 ; 0000 00C6       }
0000f1 cfcb      	RJMP _0xC
                 ; 0000 00C7 }
                 _0x17:
0000f2 cfff      	RJMP _0x17
                 	#ifndef __SLEEP_DEFINED__
                 	#endif
                 
                 	.CSEG
                 _put_buff_G100:
0000f3 93ba      	ST   -Y,R27
0000f4 93aa      	ST   -Y,R26
0000f5 931a      	ST   -Y,R17
0000f6 930a      	ST   -Y,R16
0000f7 81aa      	LDD  R26,Y+2
0000f8 81bb      	LDD  R27,Y+2+1
0000f9 9612      	ADIW R26,2
0000fa 940e 03a2 	CALL __GETW1P
0000fc 9730      	SBIW R30,0
0000fd f159      	BREQ _0x2000010
0000fe 81aa      	LDD  R26,Y+2
0000ff 81bb      	LDD  R27,Y+2+1
000100 9614      	ADIW R26,4
000101 940e 03a2 	CALL __GETW1P
000103 018f      	MOVW R16,R30
000104 9730      	SBIW R30,0
000105 f061      	BREQ _0x2000012
                +
000106 3002     +CPI R16 , LOW ( 2 )
000107 e0e0     +LDI R30 , HIGH ( 2 )
000108 071e     +CPC R17 , R30
                 	__CPWRN 16,17,2
000109 f0f0      	BRLO _0x2000013
00010a 01f8      	MOVW R30,R16
00010b 9731      	SBIW R30,1
00010c 018f      	MOVW R16,R30
                +
00010d 81aa     +LDD R26 , Y + 2
00010e 81bb     +LDD R27 , Y + 2 + 1
00010f 9614     +ADIW R26 , 4
000110 93ed     +ST X + , R30
000111 93fc     +ST X , R31
                 	__PUTW1SNS 2,4
                 _0x2000012:
000112 81aa      	LDD  R26,Y+2
000113 81bb      	LDD  R27,Y+2+1
000114 9612      	ADIW R26,2
000115 91ed      	LD   R30,X+
000116 91fd      	LD   R31,X+
000117 9631      	ADIW R30,1
000118 93fe      	ST   -X,R31
000119 93ee      	ST   -X,R30
00011a 9731      	SBIW R30,1
00011b 81ac      	LDD  R26,Y+4
00011c 83a0      	STD  Z+0,R26
00011d 81aa      	LDD  R26,Y+2
00011e 81bb      	LDD  R27,Y+2+1
00011f 940e 03a2 	CALL __GETW1P
000121 23ff      	TST  R31
000122 f02a      	BRMI _0x2000014
000123 91ed      	LD   R30,X+
000124 91fd      	LD   R31,X+
000125 9631      	ADIW R30,1
000126 93fe      	ST   -X,R31
000127 93ee      	ST   -X,R30
                 _0x2000014:
                 _0x2000013:
000128 c006      	RJMP _0x2000015
                 _0x2000010:
000129 81aa      	LDD  R26,Y+2
00012a 81bb      	LDD  R27,Y+2+1
00012b efef      	LDI  R30,LOW(65535)
00012c efff      	LDI  R31,HIGH(65535)
00012d 93ed      	ST   X+,R30
00012e 93fc      	ST   X,R31
                 _0x2000015:
00012f 8119      	LDD  R17,Y+1
000130 8108      	LDD  R16,Y+0
000131 9625      	ADIW R28,5
000132 9508      	RET
                 __print_G100:
000133 93ba      	ST   -Y,R27
000134 93aa      	ST   -Y,R26
000135 9726      	SBIW R28,6
000136 940e 03af 	CALL __SAVELOCR6
000138 e010      	LDI  R17,0
000139 85ac      	LDD  R26,Y+12
00013a 85bd      	LDD  R27,Y+12+1
00013b e0e0      	LDI  R30,LOW(0)
00013c e0f0      	LDI  R31,HIGH(0)
00013d 93ed      	ST   X+,R30
00013e 93fc      	ST   X,R31
                 _0x2000016:
00013f 89ea      	LDD  R30,Y+18
000140 89fb      	LDD  R31,Y+18+1
000141 9631      	ADIW R30,1
000142 8bea      	STD  Y+18,R30
000143 8bfb      	STD  Y+18+1,R31
000144 9731      	SBIW R30,1
000145 91e4      	LPM  R30,Z
000146 2f2e      	MOV  R18,R30
000147 30e0      	CPI  R30,0
000148 f411      	BRNE PC+3
000149 940c 0262 	JMP _0x2000018
00014b 2fe1      	MOV  R30,R17
00014c 30e0      	CPI  R30,0
00014d f439      	BRNE _0x200001C
00014e 3225      	CPI  R18,37
00014f f411      	BRNE _0x200001D
000150 e011      	LDI  R17,LOW(1)
000151 c002      	RJMP _0x200001E
                 _0x200001D:
000152 940e 0356 	CALL SUBOPT_0x2
                 _0x200001E:
000154 c10c      	RJMP _0x200001B
                 _0x200001C:
000155 30e1      	CPI  R30,LOW(0x1)
000156 f4a9      	BRNE _0x200001F
000157 3225      	CPI  R18,37
000158 f419      	BRNE _0x2000020
000159 940e 0356 	CALL SUBOPT_0x2
00015b c104      	RJMP _0x20000C9
                 _0x2000020:
00015c e012      	LDI  R17,LOW(2)
00015d e040      	LDI  R20,LOW(0)
00015e e000      	LDI  R16,LOW(0)
00015f 322d      	CPI  R18,45
000160 f411      	BRNE _0x2000021
000161 e001      	LDI  R16,LOW(1)
000162 c0fe      	RJMP _0x200001B
                 _0x2000021:
000163 322b      	CPI  R18,43
000164 f411      	BRNE _0x2000022
000165 e24b      	LDI  R20,LOW(43)
000166 c0fa      	RJMP _0x200001B
                 _0x2000022:
000167 3220      	CPI  R18,32
000168 f411      	BRNE _0x2000023
000169 e240      	LDI  R20,LOW(32)
00016a c0f6      	RJMP _0x200001B
                 _0x2000023:
00016b c002      	RJMP _0x2000024
                 _0x200001F:
00016c 30e2      	CPI  R30,LOW(0x2)
00016d f439      	BRNE _0x2000025
                 _0x2000024:
00016e e050      	LDI  R21,LOW(0)
00016f e013      	LDI  R17,LOW(3)
000170 3320      	CPI  R18,48
000171 f411      	BRNE _0x2000026
000172 6800      	ORI  R16,LOW(128)
000173 c0ed      	RJMP _0x200001B
                 _0x2000026:
000174 c004      	RJMP _0x2000027
                 _0x2000025:
000175 30e3      	CPI  R30,LOW(0x3)
000176 f011      	BREQ PC+3
000177 940c 0261 	JMP _0x200001B
                 _0x2000027:
000179 3320      	CPI  R18,48
00017a f010      	BRLO _0x200002A
00017b 332a      	CPI  R18,58
00017c f008      	BRLO _0x200002B
                 _0x200002A:
00017d c007      	RJMP _0x2000029
                 _0x200002B:
00017e e0aa      	LDI  R26,LOW(10)
00017f 9f5a      	MUL  R21,R26
000180 2d50      	MOV  R21,R0
000181 2fe2      	MOV  R30,R18
000182 53e0      	SUBI R30,LOW(48)
000183 0f5e      	ADD  R21,R30
000184 c0dc      	RJMP _0x200001B
                 _0x2000029:
000185 2fe2      	MOV  R30,R18
000186 36e3      	CPI  R30,LOW(0x63)
000187 f449      	BRNE _0x200002F
000188 940e 035d 	CALL SUBOPT_0x3
00018a 89e8      	LDD  R30,Y+16
00018b 89f9      	LDD  R31,Y+16+1
00018c 81a4      	LDD  R26,Z+4
00018d 93aa      	ST   -Y,R26
00018e 940e 0363 	CALL SUBOPT_0x4
000190 c0cf      	RJMP _0x2000030
                 _0x200002F:
000191 37e3      	CPI  R30,LOW(0x73)
000192 f441      	BRNE _0x2000032
000193 940e 035d 	CALL SUBOPT_0x3
000195 940e 0369 	CALL SUBOPT_0x5
000197 940e 032b 	CALL _strlen
000199 2f1e      	MOV  R17,R30
00019a c00a      	RJMP _0x2000033
                 _0x2000032:
00019b 37e0      	CPI  R30,LOW(0x70)
00019c f461      	BRNE _0x2000035
00019d 940e 035d 	CALL SUBOPT_0x3
00019f 940e 0369 	CALL SUBOPT_0x5
0001a1 940e 0337 	CALL _strlenf
0001a3 2f1e      	MOV  R17,R30
0001a4 6008      	ORI  R16,LOW(8)
                 _0x2000033:
0001a5 6002      	ORI  R16,LOW(2)
0001a6 770f      	ANDI R16,LOW(127)
0001a7 e030      	LDI  R19,LOW(0)
0001a8 c035      	RJMP _0x2000036
                 _0x2000035:
0001a9 36e4      	CPI  R30,LOW(0x64)
0001aa f011      	BREQ _0x2000039
0001ab 36e9      	CPI  R30,LOW(0x69)
0001ac f411      	BRNE _0x200003A
                 _0x2000039:
0001ad 6004      	ORI  R16,LOW(4)
0001ae c002      	RJMP _0x200003B
                 _0x200003A:
0001af 37e5      	CPI  R30,LOW(0x75)
0001b0 f431      	BRNE _0x200003C
                 _0x200003B:
0001b1 e5e4      	LDI  R30,LOW(_tbl10_G100*2)
0001b2 e0f0      	LDI  R31,HIGH(_tbl10_G100*2)
0001b3 83ee      	STD  Y+6,R30
0001b4 83ff      	STD  Y+6+1,R31
0001b5 e015      	LDI  R17,LOW(5)
0001b6 c00d      	RJMP _0x200003D
                 _0x200003C:
0001b7 35e8      	CPI  R30,LOW(0x58)
0001b8 f411      	BRNE _0x200003F
0001b9 6008      	ORI  R16,LOW(8)
0001ba c004      	RJMP _0x2000040
                 _0x200003F:
0001bb 37e8      	CPI  R30,LOW(0x78)
0001bc f011      	BREQ PC+3
0001bd 940c 0260 	JMP _0x2000071
                 _0x2000040:
0001bf e5ee      	LDI  R30,LOW(_tbl16_G100*2)
0001c0 e0f0      	LDI  R31,HIGH(_tbl16_G100*2)
0001c1 83ee      	STD  Y+6,R30
0001c2 83ff      	STD  Y+6+1,R31
0001c3 e014      	LDI  R17,LOW(4)
                 _0x200003D:
0001c4 ff02      	SBRS R16,2
0001c5 c014      	RJMP _0x2000042
0001c6 940e 035d 	CALL SUBOPT_0x3
0001c8 940e 0373 	CALL SUBOPT_0x6
0001ca 85ab      	LDD  R26,Y+11
0001cb 23aa      	TST  R26
0001cc f43a      	BRPL _0x2000043
0001cd 85ea      	LDD  R30,Y+10
0001ce 85fb      	LDD  R31,Y+10+1
0001cf 940e 039e 	CALL __ANEGW1
0001d1 87ea      	STD  Y+10,R30
0001d2 87fb      	STD  Y+10+1,R31
0001d3 e24d      	LDI  R20,LOW(45)
                 _0x2000043:
0001d4 3040      	CPI  R20,0
0001d5 f011      	BREQ _0x2000044
0001d6 5f1f      	SUBI R17,-LOW(1)
0001d7 c001      	RJMP _0x2000045
                 _0x2000044:
0001d8 7f0b      	ANDI R16,LOW(251)
                 _0x2000045:
0001d9 c004      	RJMP _0x2000046
                 _0x2000042:
0001da 940e 035d 	CALL SUBOPT_0x3
0001dc 940e 0373 	CALL SUBOPT_0x6
                 _0x2000046:
                 _0x2000036:
0001de fd00      	SBRC R16,0
0001df c011      	RJMP _0x2000047
                 _0x2000048:
0001e0 1715      	CP   R17,R21
0001e1 f478      	BRSH _0x200004A
0001e2 ff07      	SBRS R16,7
0001e3 c008      	RJMP _0x200004B
0001e4 ff02      	SBRS R16,2
0001e5 c004      	RJMP _0x200004C
0001e6 7f0b      	ANDI R16,LOW(251)
0001e7 2f24      	MOV  R18,R20
0001e8 5011      	SUBI R17,LOW(1)
0001e9 c001      	RJMP _0x200004D
                 _0x200004C:
0001ea e320      	LDI  R18,LOW(48)
                 _0x200004D:
0001eb c001      	RJMP _0x200004E
                 _0x200004B:
0001ec e220      	LDI  R18,LOW(32)
                 _0x200004E:
0001ed 940e 0356 	CALL SUBOPT_0x2
0001ef 5051      	SUBI R21,LOW(1)
0001f0 cfef      	RJMP _0x2000048
                 _0x200004A:
                 _0x2000047:
0001f1 2f31      	MOV  R19,R17
0001f2 ff01      	SBRS R16,1
0001f3 c017      	RJMP _0x200004F
                 _0x2000050:
0001f4 3030      	CPI  R19,0
0001f5 f0a1      	BREQ _0x2000052
0001f6 ff03      	SBRS R16,3
0001f7 c006      	RJMP _0x2000053
0001f8 81ee      	LDD  R30,Y+6
0001f9 81ff      	LDD  R31,Y+6+1
0001fa 9125      	LPM  R18,Z+
0001fb 83ee      	STD  Y+6,R30
0001fc 83ff      	STD  Y+6+1,R31
0001fd c005      	RJMP _0x2000054
                 _0x2000053:
0001fe 81ae      	LDD  R26,Y+6
0001ff 81bf      	LDD  R27,Y+6+1
000200 912d      	LD   R18,X+
000201 83ae      	STD  Y+6,R26
000202 83bf      	STD  Y+6+1,R27
                 _0x2000054:
000203 940e 0356 	CALL SUBOPT_0x2
000205 3050      	CPI  R21,0
000206 f009      	BREQ _0x2000055
000207 5051      	SUBI R21,LOW(1)
                 _0x2000055:
000208 5031      	SUBI R19,LOW(1)
000209 cfea      	RJMP _0x2000050
                 _0x2000052:
00020a c04b      	RJMP _0x2000056
                 _0x200004F:
                 _0x2000058:
00020b e320      	LDI  R18,LOW(48)
00020c 81ee      	LDD  R30,Y+6
00020d 81ff      	LDD  R31,Y+6+1
00020e 940e 03a6 	CALL __GETW1PF
000210 87e8      	STD  Y+8,R30
000211 87f9      	STD  Y+8+1,R31
000212 81ee      	LDD  R30,Y+6
000213 81ff      	LDD  R31,Y+6+1
000214 9632      	ADIW R30,2
000215 83ee      	STD  Y+6,R30
000216 83ff      	STD  Y+6+1,R31
                 _0x200005A:
000217 85e8      	LDD  R30,Y+8
000218 85f9      	LDD  R31,Y+8+1
000219 85aa      	LDD  R26,Y+10
00021a 85bb      	LDD  R27,Y+10+1
00021b 17ae      	CP   R26,R30
00021c 07bf      	CPC  R27,R31
00021d f050      	BRLO _0x200005C
00021e 5f2f      	SUBI R18,-LOW(1)
00021f 85a8      	LDD  R26,Y+8
000220 85b9      	LDD  R27,Y+8+1
000221 85ea      	LDD  R30,Y+10
000222 85fb      	LDD  R31,Y+10+1
000223 1bea      	SUB  R30,R26
000224 0bfb      	SBC  R31,R27
000225 87ea      	STD  Y+10,R30
000226 87fb      	STD  Y+10+1,R31
000227 cfef      	RJMP _0x200005A
                 _0x200005C:
000228 332a      	CPI  R18,58
000229 f028      	BRLO _0x200005D
00022a ff03      	SBRS R16,3
00022b c002      	RJMP _0x200005E
00022c 5f29      	SUBI R18,-LOW(7)
00022d c001      	RJMP _0x200005F
                 _0x200005E:
00022e 5d29      	SUBI R18,-LOW(39)
                 _0x200005F:
                 _0x200005D:
00022f fd04      	SBRC R16,4
000230 c01a      	RJMP _0x2000061
000231 3321      	CPI  R18,49
000232 f420      	BRSH _0x2000063
000233 85a8      	LDD  R26,Y+8
000234 85b9      	LDD  R27,Y+8+1
000235 9711      	SBIW R26,1
000236 f409      	BRNE _0x2000062
                 _0x2000063:
000237 c009      	RJMP _0x20000CA
                 _0x2000062:
000238 1753      	CP   R21,R19
000239 f010      	BRLO _0x2000067
00023a ff00      	SBRS R16,0
00023b c001      	RJMP _0x2000068
                 _0x2000067:
00023c c013      	RJMP _0x2000066
                 _0x2000068:
00023d e220      	LDI  R18,LOW(32)
00023e ff07      	SBRS R16,7
00023f c00b      	RJMP _0x2000069
000240 e320      	LDI  R18,LOW(48)
                 _0x20000CA:
000241 6100      	ORI  R16,LOW(16)
000242 ff02      	SBRS R16,2
000243 c007      	RJMP _0x200006A
000244 7f0b      	ANDI R16,LOW(251)
000245 934a      	ST   -Y,R20
000246 940e 0363 	CALL SUBOPT_0x4
000248 3050      	CPI  R21,0
000249 f009      	BREQ _0x200006B
00024a 5051      	SUBI R21,LOW(1)
                 _0x200006B:
                 _0x200006A:
                 _0x2000069:
                 _0x2000061:
00024b 940e 0356 	CALL SUBOPT_0x2
00024d 3050      	CPI  R21,0
00024e f009      	BREQ _0x200006C
00024f 5051      	SUBI R21,LOW(1)
                 _0x200006C:
                 _0x2000066:
000250 5031      	SUBI R19,LOW(1)
000251 85a8      	LDD  R26,Y+8
000252 85b9      	LDD  R27,Y+8+1
000253 9712      	SBIW R26,2
000254 f008      	BRLO _0x2000059
000255 cfb5      	RJMP _0x2000058
                 _0x2000059:
                 _0x2000056:
000256 ff00      	SBRS R16,0
000257 c008      	RJMP _0x200006D
                 _0x200006E:
000258 3050      	CPI  R21,0
000259 f031      	BREQ _0x2000070
00025a 5051      	SUBI R21,LOW(1)
00025b e2e0      	LDI  R30,LOW(32)
00025c 93ea      	ST   -Y,R30
00025d 940e 0363 	CALL SUBOPT_0x4
00025f cff8      	RJMP _0x200006E
                 _0x2000070:
                 _0x200006D:
                 _0x2000071:
                 _0x2000030:
                 _0x20000C9:
000260 e010      	LDI  R17,LOW(0)
                 _0x200001B:
000261 cedd      	RJMP _0x2000016
                 _0x2000018:
000262 85ac      	LDD  R26,Y+12
000263 85bd      	LDD  R27,Y+12+1
000264 940e 03a2 	CALL __GETW1P
000266 940e 03b6 	CALL __LOADLOCR6
000268 9664      	ADIW R28,20
000269 9508      	RET
                 _sprintf:
00026a 92ff      	PUSH R15
00026b 2ef8      	MOV  R15,R24
00026c 9726      	SBIW R28,6
00026d 940e 03b1 	CALL __SAVELOCR4
00026f 940e 037b 	CALL SUBOPT_0x7
000271 9730      	SBIW R30,0
000272 f419      	BRNE _0x2000072
000273 efef      	LDI  R30,LOW(65535)
000274 efff      	LDI  R31,HIGH(65535)
000275 c023      	RJMP _0x2080002
                 _0x2000072:
000276 01de      	MOVW R26,R28
000277 9616      	ADIW R26,6
000278 940e 039a 	CALL __ADDW2R15
00027a 018d      	MOVW R16,R26
00027b 940e 037b 	CALL SUBOPT_0x7
00027d 83ee      	STD  Y+6,R30
00027e 83ff      	STD  Y+6+1,R31
00027f e0e0      	LDI  R30,LOW(0)
000280 87e8      	STD  Y+8,R30
000281 87e9      	STD  Y+8+1,R30
000282 01de      	MOVW R26,R28
000283 961a      	ADIW R26,10
000284 940e 039a 	CALL __ADDW2R15
000286 940e 03a2 	CALL __GETW1P
000288 93fa      	ST   -Y,R31
000289 93ea      	ST   -Y,R30
00028a 931a      	ST   -Y,R17
00028b 930a      	ST   -Y,R16
00028c efe3      	LDI  R30,LOW(_put_buff_G100)
00028d e0f0      	LDI  R31,HIGH(_put_buff_G100)
00028e 93fa      	ST   -Y,R31
00028f 93ea      	ST   -Y,R30
000290 01de      	MOVW R26,R28
000291 961a      	ADIW R26,10
000292 dea0      	RCALL __print_G100
000293 019f      	MOVW R18,R30
000294 81ae      	LDD  R26,Y+6
000295 81bf      	LDD  R27,Y+6+1
000296 e0e0      	LDI  R30,LOW(0)
000297 93ec      	ST   X,R30
000298 01f9      	MOVW R30,R18
                 _0x2080002:
000299 940e 03b8 	CALL __LOADLOCR4
00029b 962a      	ADIW R28,10
00029c 90ff      	POP  R15
00029d 9508      	RET
                 	#ifndef __SLEEP_DEFINED__
                 	#endif
                 
                 	.DSEG
                 
                 	.CSEG
                 __lcd_write_nibble_G101:
00029e 93aa      	ST   -Y,R26
00029f b3e2      	IN   R30,0x12
0002a0 70ef      	ANDI R30,LOW(0xF)
0002a1 2fae      	MOV  R26,R30
0002a2 81e8      	LD   R30,Y
0002a3 7fe0      	ANDI R30,LOW(0xF0)
0002a4 2bea      	OR   R30,R26
0002a5 bbe2      	OUT  0x12,R30
                +
0002a6 e087     +LDI R24 , LOW ( 7 )
                +__DELAY_USB_LOOP :
0002a7 958a     +DEC R24
0002a8 f7f1     +BRNE __DELAY_USB_LOOP
                 	__DELAY_USB 7
0002a9 9a92      	SBI  0x12,2
                +
0002aa e182     +LDI R24 , LOW ( 18 )
                +__DELAY_USB_LOOP :
0002ab 958a     +DEC R24
0002ac f7f1     +BRNE __DELAY_USB_LOOP
                 	__DELAY_USB 18
0002ad 9892      	CBI  0x12,2
                +
0002ae e182     +LDI R24 , LOW ( 18 )
                +__DELAY_USB_LOOP :
0002af 958a     +DEC R24
0002b0 f7f1     +BRNE __DELAY_USB_LOOP
                 	__DELAY_USB 18
0002b1 c077      	RJMP _0x2080001
                 __lcd_write_data:
0002b2 93aa      	ST   -Y,R26
0002b3 81a8      	LD   R26,Y
0002b4 dfe9      	RCALL __lcd_write_nibble_G101
0002b5 81e8          ld    r30,y
0002b6 95e2          swap  r30
0002b7 83e8          st    y,r30
0002b8 81a8      	LD   R26,Y
0002b9 dfe4      	RCALL __lcd_write_nibble_G101
                +
0002ba eb88     +LDI R24 , LOW ( 184 )
                +__DELAY_USB_LOOP :
0002bb 958a     +DEC R24
0002bc f7f1     +BRNE __DELAY_USB_LOOP
                 	__DELAY_USB 184
0002bd c06b      	RJMP _0x2080001
                 _lcd_gotoxy:
0002be 93aa      	ST   -Y,R26
0002bf 81e8      	LD   R30,Y
0002c0 e0f0      	LDI  R31,0
0002c1 59e0      	SUBI R30,LOW(-__base_y_G101)
0002c2 4ffe      	SBCI R31,HIGH(-__base_y_G101)
0002c3 81e0      	LD   R30,Z
0002c4 81a9      	LDD  R26,Y+1
0002c5 0fae      	ADD  R26,R30
0002c6 dfeb      	RCALL __lcd_write_data
0002c7 8069      	LDD  R6,Y+1
0002c8 8098      	LDD  R9,Y+0
0002c9 9622      	ADIW R28,2
0002ca 9508      	RET
                 _lcd_clear:
0002cb e0a2      	LDI  R26,LOW(2)
0002cc 940e 0382 	CALL SUBOPT_0x8
0002ce e0ac      	LDI  R26,LOW(12)
0002cf dfe2      	RCALL __lcd_write_data
0002d0 e0a1      	LDI  R26,LOW(1)
0002d1 940e 0382 	CALL SUBOPT_0x8
0002d3 e0e0      	LDI  R30,LOW(0)
0002d4 2e9e      	MOV  R9,R30
0002d5 2e6e      	MOV  R6,R30
0002d6 9508      	RET
                 _lcd_putchar:
0002d7 93aa      	ST   -Y,R26
0002d8 81a8      	LD   R26,Y
0002d9 30aa      	CPI  R26,LOW(0xA)
0002da f011      	BREQ _0x2020005
0002db 1468      	CP   R6,R8
0002dc f048      	BRLO _0x2020004
                 _0x2020005:
0002dd e0e0      	LDI  R30,LOW(0)
0002de 93ea      	ST   -Y,R30
0002df 9493      	INC  R9
0002e0 2da9      	MOV  R26,R9
0002e1 dfdc      	RCALL _lcd_gotoxy
0002e2 81a8      	LD   R26,Y
0002e3 30aa      	CPI  R26,LOW(0xA)
0002e4 f409      	BRNE _0x2020007
0002e5 c043      	RJMP _0x2080001
                 _0x2020007:
                 _0x2020004:
0002e6 9463      	INC  R6
0002e7 9a90      	SBI  0x12,0
0002e8 81a8      	LD   R26,Y
0002e9 dfc8      	RCALL __lcd_write_data
0002ea 9890      	CBI  0x12,0
0002eb c03d      	RJMP _0x2080001
                 _lcd_puts:
0002ec 93ba      	ST   -Y,R27
0002ed 93aa      	ST   -Y,R26
0002ee 931a      	ST   -Y,R17
                 _0x2020008:
0002ef 81a9      	LDD  R26,Y+1
0002f0 81ba      	LDD  R27,Y+1+1
0002f1 91ed      	LD   R30,X+
0002f2 83a9      	STD  Y+1,R26
0002f3 83ba      	STD  Y+1+1,R27
0002f4 2f1e      	MOV  R17,R30
0002f5 30e0      	CPI  R30,0
0002f6 f019      	BREQ _0x202000A
0002f7 2fa1      	MOV  R26,R17
0002f8 dfde      	RCALL _lcd_putchar
0002f9 cff5      	RJMP _0x2020008
                 _0x202000A:
0002fa 8118      	LDD  R17,Y+0
0002fb 9623      	ADIW R28,3
0002fc 9508      	RET
                 _lcd_init:
0002fd 93aa      	ST   -Y,R26
0002fe b3e1      	IN   R30,0x11
0002ff 6fe0      	ORI  R30,LOW(0xF0)
000300 bbe1      	OUT  0x11,R30
000301 9a8a      	SBI  0x11,2
000302 9a88      	SBI  0x11,0
000303 9a89      	SBI  0x11,1
000304 9892      	CBI  0x12,2
000305 9890      	CBI  0x12,0
000306 9891      	CBI  0x12,1
000307 8088      	LDD  R8,Y+0
000308 81e8      	LD   R30,Y
000309 58e0      	SUBI R30,-LOW(128)
                +
00030a 93e0 0172+STS __base_y_G101 + ( 2 ) , R30
                 	__PUTB1MN __base_y_G101,2
00030c 81e8      	LD   R30,Y
00030d 54e0      	SUBI R30,-LOW(192)
                +
00030e 93e0 0173+STS __base_y_G101 + ( 3 ) , R30
                 	__PUTB1MN __base_y_G101,3
000310 e1a4      	LDI  R26,LOW(20)
000311 e0b0      	LDI  R27,0
000312 940e 0390 	CALL _delay_ms
000314 940e 0388 	CALL SUBOPT_0x9
000316 940e 0388 	CALL SUBOPT_0x9
000318 940e 0388 	CALL SUBOPT_0x9
00031a e2a0      	LDI  R26,LOW(32)
00031b df82      	RCALL __lcd_write_nibble_G101
                +
00031c e184     +LDI R24 , LOW ( 276 )
00031d e091     +LDI R25 , HIGH ( 276 )
                +__DELAY_USW_LOOP :
00031e 9701     +SBIW R24 , 1
00031f f7f1     +BRNE __DELAY_USW_LOOP
                 	__DELAY_USW 276
000320 e2a8      	LDI  R26,LOW(40)
000321 df90      	RCALL __lcd_write_data
000322 e0a4      	LDI  R26,LOW(4)
000323 df8e      	RCALL __lcd_write_data
000324 e8a5      	LDI  R26,LOW(133)
000325 df8c      	RCALL __lcd_write_data
000326 e0a6      	LDI  R26,LOW(6)
000327 df8a      	RCALL __lcd_write_data
000328 dfa2      	RCALL _lcd_clear
                 _0x2080001:
000329 9621      	ADIW R28,1
00032a 9508      	RET
                 
                 	.CSEG
                 
                 	.CSEG
                 _strlen:
00032b 93ba      	ST   -Y,R27
00032c 93aa      	ST   -Y,R26
00032d 91a9          ld   r26,y+
00032e 91b9          ld   r27,y+
00032f 27ee          clr  r30
000330 27ff          clr  r31
                 strlen0:
000331 916d          ld   r22,x+
000332 2366          tst  r22
000333 f011          breq strlen1
000334 9631          adiw r30,1
000335 cffb          rjmp strlen0
                 strlen1:
000336 9508          ret
                 _strlenf:
000337 93ba      	ST   -Y,R27
000338 93aa      	ST   -Y,R26
000339 27aa          clr  r26
00033a 27bb          clr  r27
00033b 91e9          ld   r30,y+
00033c 91f9          ld   r31,y+
                 strlenf0:
00033d 9005      	lpm  r0,z+
00033e 2000          tst  r0
00033f f011          breq strlenf1
000340 9611          adiw r26,1
000341 cffb          rjmp strlenf0
                 strlenf1:
000342 01fd          movw r30,r26
000343 9508          ret
                 
                 	.DSEG
                 _lcd:
000160           	.BYTE 0x10
                 __base_y_G101:
000170           	.BYTE 0x4
                 
                 	.CSEG
                 ;OPTIMIZER ADDED SUBROUTINE, CALLED 2 TIMES, CODE SIZE REDUCTION:6 WORDS
                 SUBOPT_0x0:
000344 27ff      	CLR  R31
000345 2766      	CLR  R22
000346 2777      	CLR  R23
000347 940e 03aa 	CALL __PUTPARD1
000349 e084      	LDI  R24,4
00034a 940e 026a 	CALL _sprintf
00034c 9628      	ADIW R28,8
00034d e0e0      	LDI  R30,LOW(0)
00034e 93ea      	ST   -Y,R30
00034f 9508      	RET
                 
                 ;OPTIMIZER ADDED SUBROUTINE, CALLED 2 TIMES, CODE SIZE REDUCTION:1 WORDS
                 SUBOPT_0x1:
000350 940e 02be 	CALL _lcd_gotoxy
000352 e6a0      	LDI  R26,LOW(_lcd)
000353 e0b1      	LDI  R27,HIGH(_lcd)
000354 940c 02ec 	JMP  _lcd_puts
                 
                 ;OPTIMIZER ADDED SUBROUTINE, CALLED 5 TIMES, CODE SIZE REDUCTION:13 WORDS
                 SUBOPT_0x2:
000356 932a      	ST   -Y,R18
000357 85ad      	LDD  R26,Y+13
000358 85be      	LDD  R27,Y+13+1
000359 85ef      	LDD  R30,Y+15
00035a 89f8      	LDD  R31,Y+15+1
00035b 9509      	ICALL
00035c 9508      	RET
                 
                 ;OPTIMIZER ADDED SUBROUTINE, CALLED 5 TIMES, CODE SIZE REDUCTION:9 WORDS
                 SUBOPT_0x3:
00035d 89e8      	LDD  R30,Y+16
00035e 89f9      	LDD  R31,Y+16+1
00035f 9734      	SBIW R30,4
000360 8be8      	STD  Y+16,R30
000361 8bf9      	STD  Y+16+1,R31
000362 9508      	RET
                 
                 ;OPTIMIZER ADDED SUBROUTINE, CALLED 3 TIMES, CODE SIZE REDUCTION:3 WORDS
                 SUBOPT_0x4:
000363 85ad      	LDD  R26,Y+13
000364 85be      	LDD  R27,Y+13+1
000365 85ef      	LDD  R30,Y+15
000366 89f8      	LDD  R31,Y+15+1
000367 9509      	ICALL
000368 9508      	RET
                 
                 ;OPTIMIZER ADDED SUBROUTINE, CALLED 2 TIMES, CODE SIZE REDUCTION:4 WORDS
                 SUBOPT_0x5:
000369 89a8      	LDD  R26,Y+16
00036a 89b9      	LDD  R27,Y+16+1
00036b 9614      	ADIW R26,4
00036c 940e 03a2 	CALL __GETW1P
00036e 83ee      	STD  Y+6,R30
00036f 83ff      	STD  Y+6+1,R31
000370 81ae      	LDD  R26,Y+6
000371 81bf      	LDD  R27,Y+6+1
000372 9508      	RET
                 
                 ;OPTIMIZER ADDED SUBROUTINE, CALLED 2 TIMES, CODE SIZE REDUCTION:2 WORDS
                 SUBOPT_0x6:
000373 89a8      	LDD  R26,Y+16
000374 89b9      	LDD  R27,Y+16+1
000375 9614      	ADIW R26,4
000376 940e 03a2 	CALL __GETW1P
000378 87ea      	STD  Y+10,R30
000379 87fb      	STD  Y+10+1,R31
00037a 9508      	RET
                 
                 ;OPTIMIZER ADDED SUBROUTINE, CALLED 2 TIMES, CODE SIZE REDUCTION:1 WORDS
                 SUBOPT_0x7:
00037b 01de      	MOVW R26,R28
00037c 961c      	ADIW R26,12
00037d 940e 039a 	CALL __ADDW2R15
00037f 940e 03a2 	CALL __GETW1P
000381 9508      	RET
                 
                 ;OPTIMIZER ADDED SUBROUTINE, CALLED 2 TIMES, CODE SIZE REDUCTION:3 WORDS
                 SUBOPT_0x8:
000382 940e 02b2 	CALL __lcd_write_data
000384 e0a3      	LDI  R26,LOW(3)
000385 e0b0      	LDI  R27,0
000386 940c 0390 	JMP  _delay_ms
                 
                 ;OPTIMIZER ADDED SUBROUTINE, CALLED 3 TIMES, CODE SIZE REDUCTION:7 WORDS
                 SUBOPT_0x9:
000388 e3a0      	LDI  R26,LOW(48)
000389 940e 029e 	CALL __lcd_write_nibble_G101
                +
00038b e184     +LDI R24 , LOW ( 276 )
00038c e091     +LDI R25 , HIGH ( 276 )
                +__DELAY_USW_LOOP :
00038d 9701     +SBIW R24 , 1
00038e f7f1     +BRNE __DELAY_USW_LOOP
                 	__DELAY_USW 276
00038f 9508      	RET
                 
                 
                 	.CSEG
                 _delay_ms:
000390 9610      	adiw r26,0
000391 f039      	breq __delay_ms1
                 __delay_ms0:
                +
000392 ec8d     +LDI R24 , LOW ( 0xACD )
000393 e09a     +LDI R25 , HIGH ( 0xACD )
                +__DELAY_USW_LOOP :
000394 9701     +SBIW R24 , 1
000395 f7f1     +BRNE __DELAY_USW_LOOP
                 	__DELAY_USW 0xACD
000396 95a8      	wdr
000397 9711      	sbiw r26,1
000398 f7c9      	brne __delay_ms0
                 __delay_ms1:
000399 9508      	ret
                 
                 __ADDW2R15:
00039a 2400      	CLR  R0
00039b 0daf      	ADD  R26,R15
00039c 1db0      	ADC  R27,R0
00039d 9508      	RET
                 
                 __ANEGW1:
00039e 95f1      	NEG  R31
00039f 95e1      	NEG  R30
0003a0 40f0      	SBCI R31,0
0003a1 9508      	RET
                 
                 __GETW1P:
0003a2 91ed      	LD   R30,X+
0003a3 91fc      	LD   R31,X
0003a4 9711      	SBIW R26,1
0003a5 9508      	RET
                 
                 __GETW1PF:
0003a6 9005      	LPM  R0,Z+
0003a7 91f4      	LPM  R31,Z
0003a8 2de0      	MOV  R30,R0
0003a9 9508      	RET
                 
                 __PUTPARD1:
0003aa 937a      	ST   -Y,R23
0003ab 936a      	ST   -Y,R22
0003ac 93fa      	ST   -Y,R31
0003ad 93ea      	ST   -Y,R30
0003ae 9508      	RET
                 
                 __SAVELOCR6:
0003af 935a      	ST   -Y,R21
                 __SAVELOCR5:
0003b0 934a      	ST   -Y,R20
                 __SAVELOCR4:
0003b1 933a      	ST   -Y,R19
                 __SAVELOCR3:
0003b2 932a      	ST   -Y,R18
                 __SAVELOCR2:
0003b3 931a      	ST   -Y,R17
0003b4 930a      	ST   -Y,R16
0003b5 9508      	RET
                 
                 __LOADLOCR6:
0003b6 815d      	LDD  R21,Y+5
                 __LOADLOCR5:
0003b7 814c      	LDD  R20,Y+4
                 __LOADLOCR4:
0003b8 813b      	LDD  R19,Y+3
                 __LOADLOCR3:
0003b9 812a      	LDD  R18,Y+2
                 __LOADLOCR2:
0003ba 8119      	LDD  R17,Y+1
0003bb 8108      	LD   R16,Y
0003bc 9508      	RET
                 
                 ;END OF CODE MARKER
                 __END_OF_CODE:


RESOURCE USE INFORMATION
------------------------

Notice:
The register and instruction counts are symbol table hit counts,
and hence implicitly used resources are not counted, eg, the
'lpm' instruction without operands implicitly uses r0 and z,
none of which are counted.

x,y,z are separate entities in the symbol table and are
counted separately from r26..r31 here.

.dseg memory usage only counts static data declared with .byte

ATmega16 register use summary:
r0 :  11 r1 :   1 r2 :   0 r3 :   0 r4 :   5 r5 :   6 r6 :   4 r7 :   2 
r8 :   2 r9 :   4 r10:   0 r11:   0 r12:   0 r13:   0 r14:   0 r15:   4 
r16:  34 r17:  24 r18:  29 r19:   8 r20:   9 r21:  17 r22:   6 r23:   2 
r24:  25 r25:   5 r26: 103 r27:  37 r28:  14 r29:   1 r30: 219 r31:  65 
x  :  23 y  : 174 z  :  15 
Registers used: 28 out of 35 (80.0%)

ATmega16 instruction use summary:
.lds  :   0 .lds.l:   0 .sts  :   0 .sts.l:   0 adc   :   1 add   :   3 
adiw  :  24 and   :   0 andi  :   6 asr   :   0 bclr  :   0 bld   :   0 
brbc  :   0 brbs  :   0 brcc  :   0 brcs  :   0 break :   0 breq  :  17 
brge  :   0 brhc  :   0 brhs  :   0 brid  :   0 brie  :   0 brlo  :  11 
brlt  :   0 brmi  :   1 brne  :  31 brpl  :   1 brsh  :   2 brtc  :   0 
brts  :   0 brvc  :   0 brvs  :   0 bset  :   0 bst   :   0 call  :  54 
cbi   :   7 cbr   :   0 clc   :   0 clh   :   0 cli   :   1 cln   :   0 
clr   :  11 cls   :   0 clt   :   0 clv   :   0 clz   :   0 com   :   0 
cp    :   7 cpc   :   2 cpi   :  33 cpse  :   0 dec   :   6 des   :   0 
eor   :   0 fmul  :   0 fmuls :   0 fmulsu:   0 icall :   2 ijmp  :   0 
in    :   5 inc   :   3 jmp   :  28 ld    :  27 ldd   :  77 ldi   : 107 
lds   :   0 lpm   :  14 lsl   :   2 lsr   :   0 mov   :  24 movw  :  14 
mul   :   1 muls  :   0 mulsu :   0 neg   :   2 nop   :   0 or    :   1 
ori   :   7 out   :  47 pop   :   1 push  :   1 rcall :  15 ret   :  25 
reti  :   1 rjmp  :  60 rol   :   0 ror   :   0 sbc   :   1 sbci  :   2 
sbi   :   9 sbic  :   0 sbis  :   1 sbiw  :  19 sbr   :   0 sbrc  :   2 
sbrs  :  10 sec   :   0 seh   :   0 sei   :   1 sen   :   0 ser   :   0 
ses   :   0 set   :   0 sev   :   0 sez   :   0 sleep :   0 spm   :   0 
st    :  65 std   :  31 sts   :   2 sub   :   2 subi  :  18 swap  :   1 
tst   :   4 wdr   :   1 
Instructions used: 56 out of 116 (48.3%)

ATmega16 memory use summary [bytes]:
Segment   Begin    End      Code   Data   Used    Size   Use%
---------------------------------------------------------------
[.cseg] 0x000000 0x00077a   1866     48   1914   16384  11.7%
[.dseg] 0x000060 0x000174      0     20     20    1119   1.8%
[.eseg] 0x000000 0x000000      0      0      0     512   0.0%

Assembly complete, 0 errors, 6 warnings
