
AVRASM ver. 2.1.30  E:\aaaaaaa\CahRahAr\Praktikum5BKPM\percobaan2\List\percobaan1.asm Wed Apr 11 10:04:29 2018

E:\aaaaaaa\CahRahAr\Praktikum5BKPM\percobaan2\List\percobaan1.asm(1072): warning: Register r4 already defined by the .DEF directive
E:\aaaaaaa\CahRahAr\Praktikum5BKPM\percobaan2\List\percobaan1.asm(1073): warning: Register r6 already defined by the .DEF directive
E:\aaaaaaa\CahRahAr\Praktikum5BKPM\percobaan2\List\percobaan1.asm(1074): warning: Register r9 already defined by the .DEF directive
E:\aaaaaaa\CahRahAr\Praktikum5BKPM\percobaan2\List\percobaan1.asm(1075): warning: Register r8 already defined by the .DEF directive
E:\aaaaaaa\CahRahAr\Praktikum5BKPM\percobaan2\List\percobaan1.asm(1076): warning: Register r11 already defined by the .DEF directive
                 
                 
                 ;CodeVisionAVR C Compiler V2.05.3 Standard
                 ;(C) Copyright 1998-2011 Pavel Haiduc, HP InfoTech s.r.l.
                 ;http://www.hpinfotech.com
                 
                 ;Chip type                : ATmega16
                 ;Program type             : Application
                 ;Clock frequency          : 11,059200 MHz
                 ;Memory model             : Small
                 ;Optimize for             : Size
                 ;(s)printf features       : int, width
                 ;(s)scanf features        : int, width
                 ;External RAM size        : 0
                 ;Data Stack size          : 256 byte(s)
                 ;Heap size                : 0 byte(s)
                 ;Promote 'char' to 'int'  : Yes
                 ;'char' is unsigned       : Yes
                 ;8 bit enums              : Yes
                 ;Global 'const' stored in FLASH     : No
                 ;Enhanced function parameter passing: Yes
                 ;Enhanced core instructions         : On
                 ;Smart register allocation          : On
                 ;Automatic register allocation      : On
                 
                 	#pragma AVRPART ADMIN PART_NAME ATmega16
                 	#pragma AVRPART MEMORY PROG_FLASH 16384
                 	#pragma AVRPART MEMORY EEPROM 512
                 	#pragma AVRPART MEMORY INT_SRAM SIZE 1119
                 	#pragma AVRPART MEMORY INT_SRAM START_ADDR 0x60
                 
                 	#define CALL_SUPPORTED 1
                 
                 	.LISTMAC
                 	.EQU UDRE=0x5
                 	.EQU RXC=0x7
                 	.EQU USR=0xB
                 	.EQU UDR=0xC
                 	.EQU SPSR=0xE
                 	.EQU SPDR=0xF
                 	.EQU EERE=0x0
                 	.EQU EEWE=0x1
                 	.EQU EEMWE=0x2
                 	.EQU EECR=0x1C
                 	.EQU EEDR=0x1D
                 	.EQU EEARL=0x1E
                 	.EQU EEARH=0x1F
                 	.EQU WDTCR=0x21
                 	.EQU MCUCR=0x35
                 	.EQU GICR=0x3B
                 	.EQU SPL=0x3D
                 	.EQU SPH=0x3E
                 	.EQU SREG=0x3F
                 
                 	.DEF R0X0=R0
                 	.DEF R0X1=R1
                 	.DEF R0X2=R2
                 	.DEF R0X3=R3
                 	.DEF R0X4=R4
                 	.DEF R0X5=R5
                 	.DEF R0X6=R6
                 	.DEF R0X7=R7
                 	.DEF R0X8=R8
                 	.DEF R0X9=R9
                 	.DEF R0XA=R10
                 	.DEF R0XB=R11
                 	.DEF R0XC=R12
                 	.DEF R0XD=R13
                 	.DEF R0XE=R14
                 	.DEF R0XF=R15
                 	.DEF R0X10=R16
                 	.DEF R0X11=R17
                 	.DEF R0X12=R18
                 	.DEF R0X13=R19
                 	.DEF R0X14=R20
                 	.DEF R0X15=R21
                 	.DEF R0X16=R22
                 	.DEF R0X17=R23
                 	.DEF R0X18=R24
                 	.DEF R0X19=R25
                 	.DEF R0X1A=R26
                 	.DEF R0X1B=R27
                 	.DEF R0X1C=R28
                 	.DEF R0X1D=R29
                 	.DEF R0X1E=R30
                 	.DEF R0X1F=R31
                 
                 	.EQU __SRAM_START=0x0060
                 	.EQU __SRAM_END=0x045F
                 	.EQU __DSTACK_SIZE=0x0100
                 	.EQU __HEAP_SIZE=0x0000
                 	.EQU __CLEAR_SRAM_SIZE=__SRAM_END-__SRAM_START+1
                 
                 	.MACRO __CPD1N
                 	CPI  R30,LOW(@0)
                 	LDI  R26,HIGH(@0)
                 	CPC  R31,R26
                 	LDI  R26,BYTE3(@0)
                 	CPC  R22,R26
                 	LDI  R26,BYTE4(@0)
                 	CPC  R23,R26
                 	.ENDM
                 
                 	.MACRO __CPD2N
                 	CPI  R26,LOW(@0)
                 	LDI  R30,HIGH(@0)
                 	CPC  R27,R30
                 	LDI  R30,BYTE3(@0)
                 	CPC  R24,R30
                 	LDI  R30,BYTE4(@0)
                 	CPC  R25,R30
                 	.ENDM
                 
                 	.MACRO __CPWRR
                 	CP   R@0,R@2
                 	CPC  R@1,R@3
                 	.ENDM
                 
                 	.MACRO __CPWRN
                 	CPI  R@0,LOW(@2)
                 	LDI  R30,HIGH(@2)
                 	CPC  R@1,R30
                 	.ENDM
                 
                 	.MACRO __ADDB1MN
                 	SUBI R30,LOW(-@0-(@1))
                 	.ENDM
                 
                 	.MACRO __ADDB2MN
                 	SUBI R26,LOW(-@0-(@1))
                 	.ENDM
                 
                 	.MACRO __ADDW1MN
                 	SUBI R30,LOW(-@0-(@1))
                 	SBCI R31,HIGH(-@0-(@1))
                 	.ENDM
                 
                 	.MACRO __ADDW2MN
                 	SUBI R26,LOW(-@0-(@1))
                 	SBCI R27,HIGH(-@0-(@1))
                 	.ENDM
                 
                 	.MACRO __ADDW1FN
                 	SUBI R30,LOW(-2*@0-(@1))
                 	SBCI R31,HIGH(-2*@0-(@1))
                 	.ENDM
                 
                 	.MACRO __ADDD1FN
                 	SUBI R30,LOW(-2*@0-(@1))
                 	SBCI R31,HIGH(-2*@0-(@1))
                 	SBCI R22,BYTE3(-2*@0-(@1))
                 	.ENDM
                 
                 	.MACRO __ADDD1N
                 	SUBI R30,LOW(-@0)
                 	SBCI R31,HIGH(-@0)
                 	SBCI R22,BYTE3(-@0)
                 	SBCI R23,BYTE4(-@0)
                 	.ENDM
                 
                 	.MACRO __ADDD2N
                 	SUBI R26,LOW(-@0)
                 	SBCI R27,HIGH(-@0)
                 	SBCI R24,BYTE3(-@0)
                 	SBCI R25,BYTE4(-@0)
                 	.ENDM
                 
                 	.MACRO __SUBD1N
                 	SUBI R30,LOW(@0)
                 	SBCI R31,HIGH(@0)
                 	SBCI R22,BYTE3(@0)
                 	SBCI R23,BYTE4(@0)
                 	.ENDM
                 
                 	.MACRO __SUBD2N
                 	SUBI R26,LOW(@0)
                 	SBCI R27,HIGH(@0)
                 	SBCI R24,BYTE3(@0)
                 	SBCI R25,BYTE4(@0)
                 	.ENDM
                 
                 	.MACRO __ANDBMNN
                 	LDS  R30,@0+(@1)
                 	ANDI R30,LOW(@2)
                 	STS  @0+(@1),R30
                 	.ENDM
                 
                 	.MACRO __ANDWMNN
                 	LDS  R30,@0+(@1)
                 	ANDI R30,LOW(@2)
                 	STS  @0+(@1),R30
                 	LDS  R30,@0+(@1)+1
                 	ANDI R30,HIGH(@2)
                 	STS  @0+(@1)+1,R30
                 	.ENDM
                 
                 	.MACRO __ANDD1N
                 	ANDI R30,LOW(@0)
                 	ANDI R31,HIGH(@0)
                 	ANDI R22,BYTE3(@0)
                 	ANDI R23,BYTE4(@0)
                 	.ENDM
                 
                 	.MACRO __ANDD2N
                 	ANDI R26,LOW(@0)
                 	ANDI R27,HIGH(@0)
                 	ANDI R24,BYTE3(@0)
                 	ANDI R25,BYTE4(@0)
                 	.ENDM
                 
                 	.MACRO __ORBMNN
                 	LDS  R30,@0+(@1)
                 	ORI  R30,LOW(@2)
                 	STS  @0+(@1),R30
                 	.ENDM
                 
                 	.MACRO __ORWMNN
                 	LDS  R30,@0+(@1)
                 	ORI  R30,LOW(@2)
                 	STS  @0+(@1),R30
                 	LDS  R30,@0+(@1)+1
                 	ORI  R30,HIGH(@2)
                 	STS  @0+(@1)+1,R30
                 	.ENDM
                 
                 	.MACRO __ORD1N
                 	ORI  R30,LOW(@0)
                 	ORI  R31,HIGH(@0)
                 	ORI  R22,BYTE3(@0)
                 	ORI  R23,BYTE4(@0)
                 	.ENDM
                 
                 	.MACRO __ORD2N
                 	ORI  R26,LOW(@0)
                 	ORI  R27,HIGH(@0)
                 	ORI  R24,BYTE3(@0)
                 	ORI  R25,BYTE4(@0)
                 	.ENDM
                 
                 	.MACRO __DELAY_USB
                 	LDI  R24,LOW(@0)
                 __DELAY_USB_LOOP:
                 	DEC  R24
                 	BRNE __DELAY_USB_LOOP
                 	.ENDM
                 
                 	.MACRO __DELAY_USW
                 	LDI  R24,LOW(@0)
                 	LDI  R25,HIGH(@0)
                 __DELAY_USW_LOOP:
                 	SBIW R24,1
                 	BRNE __DELAY_USW_LOOP
                 	.ENDM
                 
                 	.MACRO __GETD1S
                 	LDD  R30,Y+@0
                 	LDD  R31,Y+@0+1
                 	LDD  R22,Y+@0+2
                 	LDD  R23,Y+@0+3
                 	.ENDM
                 
                 	.MACRO __GETD2S
                 	LDD  R26,Y+@0
                 	LDD  R27,Y+@0+1
                 	LDD  R24,Y+@0+2
                 	LDD  R25,Y+@0+3
                 	.ENDM
                 
                 	.MACRO __PUTD1S
                 	STD  Y+@0,R30
                 	STD  Y+@0+1,R31
                 	STD  Y+@0+2,R22
                 	STD  Y+@0+3,R23
                 	.ENDM
                 
                 	.MACRO __PUTD2S
                 	STD  Y+@0,R26
                 	STD  Y+@0+1,R27
                 	STD  Y+@0+2,R24
                 	STD  Y+@0+3,R25
                 	.ENDM
                 
                 	.MACRO __PUTDZ2
                 	STD  Z+@0,R26
                 	STD  Z+@0+1,R27
                 	STD  Z+@0+2,R24
                 	STD  Z+@0+3,R25
                 	.ENDM
                 
                 	.MACRO __CLRD1S
                 	STD  Y+@0,R30
                 	STD  Y+@0+1,R30
                 	STD  Y+@0+2,R30
                 	STD  Y+@0+3,R30
                 	.ENDM
                 
                 	.MACRO __POINTB1MN
                 	LDI  R30,LOW(@0+(@1))
                 	.ENDM
                 
                 	.MACRO __POINTW1MN
                 	LDI  R30,LOW(@0+(@1))
                 	LDI  R31,HIGH(@0+(@1))
                 	.ENDM
                 
                 	.MACRO __POINTD1M
                 	LDI  R30,LOW(@0)
                 	LDI  R31,HIGH(@0)
                 	LDI  R22,BYTE3(@0)
                 	LDI  R23,BYTE4(@0)
                 	.ENDM
                 
                 	.MACRO __POINTW1FN
                 	LDI  R30,LOW(2*@0+(@1))
                 	LDI  R31,HIGH(2*@0+(@1))
                 	.ENDM
                 
                 	.MACRO __POINTD1FN
                 	LDI  R30,LOW(2*@0+(@1))
                 	LDI  R31,HIGH(2*@0+(@1))
                 	LDI  R22,BYTE3(2*@0+(@1))
                 	LDI  R23,BYTE4(2*@0+(@1))
                 	.ENDM
                 
                 	.MACRO __POINTB2MN
                 	LDI  R26,LOW(@0+(@1))
                 	.ENDM
                 
                 	.MACRO __POINTW2MN
                 	LDI  R26,LOW(@0+(@1))
                 	LDI  R27,HIGH(@0+(@1))
                 	.ENDM
                 
                 	.MACRO __POINTW2FN
                 	LDI  R26,LOW(2*@0+(@1))
                 	LDI  R27,HIGH(2*@0+(@1))
                 	.ENDM
                 
                 	.MACRO __POINTD2FN
                 	LDI  R26,LOW(2*@0+(@1))
                 	LDI  R27,HIGH(2*@0+(@1))
                 	LDI  R24,BYTE3(2*@0+(@1))
                 	LDI  R25,BYTE4(2*@0+(@1))
                 	.ENDM
                 
                 	.MACRO __POINTBRM
                 	LDI  R@0,LOW(@1)
                 	.ENDM
                 
                 	.MACRO __POINTWRM
                 	LDI  R@0,LOW(@2)
                 	LDI  R@1,HIGH(@2)
                 	.ENDM
                 
                 	.MACRO __POINTBRMN
                 	LDI  R@0,LOW(@1+(@2))
                 	.ENDM
                 
                 	.MACRO __POINTWRMN
                 	LDI  R@0,LOW(@2+(@3))
                 	LDI  R@1,HIGH(@2+(@3))
                 	.ENDM
                 
                 	.MACRO __POINTWRFN
                 	LDI  R@0,LOW(@2*2+(@3))
                 	LDI  R@1,HIGH(@2*2+(@3))
                 	.ENDM
                 
                 	.MACRO __GETD1N
                 	LDI  R30,LOW(@0)
                 	LDI  R31,HIGH(@0)
                 	LDI  R22,BYTE3(@0)
                 	LDI  R23,BYTE4(@0)
                 	.ENDM
                 
                 	.MACRO __GETD2N
                 	LDI  R26,LOW(@0)
                 	LDI  R27,HIGH(@0)
                 	LDI  R24,BYTE3(@0)
                 	LDI  R25,BYTE4(@0)
                 	.ENDM
                 
                 	.MACRO __GETB1MN
                 	LDS  R30,@0+(@1)
                 	.ENDM
                 
                 	.MACRO __GETB1HMN
                 	LDS  R31,@0+(@1)
                 	.ENDM
                 
                 	.MACRO __GETW1MN
                 	LDS  R30,@0+(@1)
                 	LDS  R31,@0+(@1)+1
                 	.ENDM
                 
                 	.MACRO __GETD1MN
                 	LDS  R30,@0+(@1)
                 	LDS  R31,@0+(@1)+1
                 	LDS  R22,@0+(@1)+2
                 	LDS  R23,@0+(@1)+3
                 	.ENDM
                 
                 	.MACRO __GETBRMN
                 	LDS  R@0,@1+(@2)
                 	.ENDM
                 
                 	.MACRO __GETWRMN
                 	LDS  R@0,@2+(@3)
                 	LDS  R@1,@2+(@3)+1
                 	.ENDM
                 
                 	.MACRO __GETWRZ
                 	LDD  R@0,Z+@2
                 	LDD  R@1,Z+@2+1
                 	.ENDM
                 
                 	.MACRO __GETD2Z
                 	LDD  R26,Z+@0
                 	LDD  R27,Z+@0+1
                 	LDD  R24,Z+@0+2
                 	LDD  R25,Z+@0+3
                 	.ENDM
                 
                 	.MACRO __GETB2MN
                 	LDS  R26,@0+(@1)
                 	.ENDM
                 
                 	.MACRO __GETW2MN
                 	LDS  R26,@0+(@1)
                 	LDS  R27,@0+(@1)+1
                 	.ENDM
                 
                 	.MACRO __GETD2MN
                 	LDS  R26,@0+(@1)
                 	LDS  R27,@0+(@1)+1
                 	LDS  R24,@0+(@1)+2
                 	LDS  R25,@0+(@1)+3
                 	.ENDM
                 
                 	.MACRO __PUTB1MN
                 	STS  @0+(@1),R30
                 	.ENDM
                 
                 	.MACRO __PUTW1MN
                 	STS  @0+(@1),R30
                 	STS  @0+(@1)+1,R31
                 	.ENDM
                 
                 	.MACRO __PUTD1MN
                 	STS  @0+(@1),R30
                 	STS  @0+(@1)+1,R31
                 	STS  @0+(@1)+2,R22
                 	STS  @0+(@1)+3,R23
                 	.ENDM
                 
                 	.MACRO __PUTB1EN
                 	LDI  R26,LOW(@0+(@1))
                 	LDI  R27,HIGH(@0+(@1))
                 	CALL __EEPROMWRB
                 	.ENDM
                 
                 	.MACRO __PUTW1EN
                 	LDI  R26,LOW(@0+(@1))
                 	LDI  R27,HIGH(@0+(@1))
                 	CALL __EEPROMWRW
                 	.ENDM
                 
                 	.MACRO __PUTD1EN
                 	LDI  R26,LOW(@0+(@1))
                 	LDI  R27,HIGH(@0+(@1))
                 	CALL __EEPROMWRD
                 	.ENDM
                 
                 	.MACRO __PUTBR0MN
                 	STS  @0+(@1),R0
                 	.ENDM
                 
                 	.MACRO __PUTBMRN
                 	STS  @0+(@1),R@2
                 	.ENDM
                 
                 	.MACRO __PUTWMRN
                 	STS  @0+(@1),R@2
                 	STS  @0+(@1)+1,R@3
                 	.ENDM
                 
                 	.MACRO __PUTBZR
                 	STD  Z+@1,R@0
                 	.ENDM
                 
                 	.MACRO __PUTWZR
                 	STD  Z+@2,R@0
                 	STD  Z+@2+1,R@1
                 	.ENDM
                 
                 	.MACRO __GETW1R
                 	MOV  R30,R@0
                 	MOV  R31,R@1
                 	.ENDM
                 
                 	.MACRO __GETW2R
                 	MOV  R26,R@0
                 	MOV  R27,R@1
                 	.ENDM
                 
                 	.MACRO __GETWRN
                 	LDI  R@0,LOW(@2)
                 	LDI  R@1,HIGH(@2)
                 	.ENDM
                 
                 	.MACRO __PUTW1R
                 	MOV  R@0,R30
                 	MOV  R@1,R31
                 	.ENDM
                 
                 	.MACRO __PUTW2R
                 	MOV  R@0,R26
                 	MOV  R@1,R27
                 	.ENDM
                 
                 	.MACRO __ADDWRN
                 	SUBI R@0,LOW(-@2)
                 	SBCI R@1,HIGH(-@2)
                 	.ENDM
                 
                 	.MACRO __ADDWRR
                 	ADD  R@0,R@2
                 	ADC  R@1,R@3
                 	.ENDM
                 
                 	.MACRO __SUBWRN
                 	SUBI R@0,LOW(@2)
                 	SBCI R@1,HIGH(@2)
                 	.ENDM
                 
                 	.MACRO __SUBWRR
                 	SUB  R@0,R@2
                 	SBC  R@1,R@3
                 	.ENDM
                 
                 	.MACRO __ANDWRN
                 	ANDI R@0,LOW(@2)
                 	ANDI R@1,HIGH(@2)
                 	.ENDM
                 
                 	.MACRO __ANDWRR
                 	AND  R@0,R@2
                 	AND  R@1,R@3
                 	.ENDM
                 
                 	.MACRO __ORWRN
                 	ORI  R@0,LOW(@2)
                 	ORI  R@1,HIGH(@2)
                 	.ENDM
                 
                 	.MACRO __ORWRR
                 	OR   R@0,R@2
                 	OR   R@1,R@3
                 	.ENDM
                 
                 	.MACRO __EORWRR
                 	EOR  R@0,R@2
                 	EOR  R@1,R@3
                 	.ENDM
                 
                 	.MACRO __GETWRS
                 	LDD  R@0,Y+@2
                 	LDD  R@1,Y+@2+1
                 	.ENDM
                 
                 	.MACRO __PUTBSR
                 	STD  Y+@1,R@0
                 	.ENDM
                 
                 	.MACRO __PUTWSR
                 	STD  Y+@2,R@0
                 	STD  Y+@2+1,R@1
                 	.ENDM
                 
                 	.MACRO __MOVEWRR
                 	MOV  R@0,R@2
                 	MOV  R@1,R@3
                 	.ENDM
                 
                 	.MACRO __INWR
                 	IN   R@0,@2
                 	IN   R@1,@2+1
                 	.ENDM
                 
                 	.MACRO __OUTWR
                 	OUT  @2+1,R@1
                 	OUT  @2,R@0
                 	.ENDM
                 
                 	.MACRO __CALL1MN
                 	LDS  R30,@0+(@1)
                 	LDS  R31,@0+(@1)+1
                 	ICALL
                 	.ENDM
                 
                 	.MACRO __CALL1FN
                 	LDI  R30,LOW(2*@0+(@1))
                 	LDI  R31,HIGH(2*@0+(@1))
                 	CALL __GETW1PF
                 	ICALL
                 	.ENDM
                 
                 	.MACRO __CALL2EN
                 	LDI  R26,LOW(@0+(@1))
                 	LDI  R27,HIGH(@0+(@1))
                 	CALL __EEPROMRDW
                 	ICALL
                 	.ENDM
                 
                 	.MACRO __GETW1STACK
                 	IN   R26,SPL
                 	IN   R27,SPH
                 	ADIW R26,@0+1
                 	LD   R30,X+
                 	LD   R31,X
                 	.ENDM
                 
                 	.MACRO __GETD1STACK
                 	IN   R26,SPL
                 	IN   R27,SPH
                 	ADIW R26,@0+1
                 	LD   R30,X+
                 	LD   R31,X+
                 	LD   R22,X
                 	.ENDM
                 
                 	.MACRO __NBST
                 	BST  R@0,@1
                 	IN   R30,SREG
                 	LDI  R31,0x40
                 	EOR  R30,R31
                 	OUT  SREG,R30
                 	.ENDM
                 
                 
                 	.MACRO __PUTB1SN
                 	LDD  R26,Y+@0
                 	LDD  R27,Y+@0+1
                 	SUBI R26,LOW(-@1)
                 	SBCI R27,HIGH(-@1)
                 	ST   X,R30
                 	.ENDM
                 
                 	.MACRO __PUTW1SN
                 	LDD  R26,Y+@0
                 	LDD  R27,Y+@0+1
                 	SUBI R26,LOW(-@1)
                 	SBCI R27,HIGH(-@1)
                 	ST   X+,R30
                 	ST   X,R31
                 	.ENDM
                 
                 	.MACRO __PUTD1SN
                 	LDD  R26,Y+@0
                 	LDD  R27,Y+@0+1
                 	SUBI R26,LOW(-@1)
                 	SBCI R27,HIGH(-@1)
                 	CALL __PUTDP1
                 	.ENDM
                 
                 	.MACRO __PUTB1SNS
                 	LDD  R26,Y+@0
                 	LDD  R27,Y+@0+1
                 	ADIW R26,@1
                 	ST   X,R30
                 	.ENDM
                 
                 	.MACRO __PUTW1SNS
                 	LDD  R26,Y+@0
                 	LDD  R27,Y+@0+1
                 	ADIW R26,@1
                 	ST   X+,R30
                 	ST   X,R31
                 	.ENDM
                 
                 	.MACRO __PUTD1SNS
                 	LDD  R26,Y+@0
                 	LDD  R27,Y+@0+1
                 	ADIW R26,@1
                 	CALL __PUTDP1
                 	.ENDM
                 
                 	.MACRO __PUTB1PMN
                 	LDS  R26,@0
                 	LDS  R27,@0+1
                 	SUBI R26,LOW(-@1)
                 	SBCI R27,HIGH(-@1)
                 	ST   X,R30
                 	.ENDM
                 
                 	.MACRO __PUTW1PMN
                 	LDS  R26,@0
                 	LDS  R27,@0+1
                 	SUBI R26,LOW(-@1)
                 	SBCI R27,HIGH(-@1)
                 	ST   X+,R30
                 	ST   X,R31
                 	.ENDM
                 
                 	.MACRO __PUTD1PMN
                 	LDS  R26,@0
                 	LDS  R27,@0+1
                 	SUBI R26,LOW(-@1)
                 	SBCI R27,HIGH(-@1)
                 	CALL __PUTDP1
                 	.ENDM
                 
                 	.MACRO __PUTB1PMNS
                 	LDS  R26,@0
                 	LDS  R27,@0+1
                 	ADIW R26,@1
                 	ST   X,R30
                 	.ENDM
                 
                 	.MACRO __PUTW1PMNS
                 	LDS  R26,@0
                 	LDS  R27,@0+1
                 	ADIW R26,@1
                 	ST   X+,R30
                 	ST   X,R31
                 	.ENDM
                 
                 	.MACRO __PUTD1PMNS
                 	LDS  R26,@0
                 	LDS  R27,@0+1
                 	ADIW R26,@1
                 	CALL __PUTDP1
                 	.ENDM
                 
                 	.MACRO __PUTB1RN
                 	MOVW R26,R@0
                 	SUBI R26,LOW(-@1)
                 	SBCI R27,HIGH(-@1)
                 	ST   X,R30
                 	.ENDM
                 
                 	.MACRO __PUTW1RN
                 	MOVW R26,R@0
                 	SUBI R26,LOW(-@1)
                 	SBCI R27,HIGH(-@1)
                 	ST   X+,R30
                 	ST   X,R31
                 	.ENDM
                 
                 	.MACRO __PUTD1RN
                 	MOVW R26,R@0
                 	SUBI R26,LOW(-@1)
                 	SBCI R27,HIGH(-@1)
                 	CALL __PUTDP1
                 	.ENDM
                 
                 	.MACRO __PUTB1RNS
                 	MOVW R26,R@0
                 	ADIW R26,@1
                 	ST   X,R30
                 	.ENDM
                 
                 	.MACRO __PUTW1RNS
                 	MOVW R26,R@0
                 	ADIW R26,@1
                 	ST   X+,R30
                 	ST   X,R31
                 	.ENDM
                 
                 	.MACRO __PUTD1RNS
                 	MOVW R26,R@0
                 	ADIW R26,@1
                 	CALL __PUTDP1
                 	.ENDM
                 
                 	.MACRO __PUTB1RON
                 	MOV  R26,R@0
                 	MOV  R27,R@1
                 	SUBI R26,LOW(-@2)
                 	SBCI R27,HIGH(-@2)
                 	ST   X,R30
                 	.ENDM
                 
                 	.MACRO __PUTW1RON
                 	MOV  R26,R@0
                 	MOV  R27,R@1
                 	SUBI R26,LOW(-@2)
                 	SBCI R27,HIGH(-@2)
                 	ST   X+,R30
                 	ST   X,R31
                 	.ENDM
                 
                 	.MACRO __PUTD1RON
                 	MOV  R26,R@0
                 	MOV  R27,R@1
                 	SUBI R26,LOW(-@2)
                 	SBCI R27,HIGH(-@2)
                 	CALL __PUTDP1
                 	.ENDM
                 
                 	.MACRO __PUTB1RONS
                 	MOV  R26,R@0
                 	MOV  R27,R@1
                 	ADIW R26,@2
                 	ST   X,R30
                 	.ENDM
                 
                 	.MACRO __PUTW1RONS
                 	MOV  R26,R@0
                 	MOV  R27,R@1
                 	ADIW R26,@2
                 	ST   X+,R30
                 	ST   X,R31
                 	.ENDM
                 
                 	.MACRO __PUTD1RONS
                 	MOV  R26,R@0
                 	MOV  R27,R@1
                 	ADIW R26,@2
                 	CALL __PUTDP1
                 	.ENDM
                 
                 
                 	.MACRO __GETB1SX
                 	MOVW R30,R28
                 	SUBI R30,LOW(-@0)
                 	SBCI R31,HIGH(-@0)
                 	LD   R30,Z
                 	.ENDM
                 
                 	.MACRO __GETB1HSX
                 	MOVW R30,R28
                 	SUBI R30,LOW(-@0)
                 	SBCI R31,HIGH(-@0)
                 	LD   R31,Z
                 	.ENDM
                 
                 	.MACRO __GETW1SX
                 	MOVW R30,R28
                 	SUBI R30,LOW(-@0)
                 	SBCI R31,HIGH(-@0)
                 	LD   R0,Z+
                 	LD   R31,Z
                 	MOV  R30,R0
                 	.ENDM
                 
                 	.MACRO __GETD1SX
                 	MOVW R30,R28
                 	SUBI R30,LOW(-@0)
                 	SBCI R31,HIGH(-@0)
                 	LD   R0,Z+
                 	LD   R1,Z+
                 	LD   R22,Z+
                 	LD   R23,Z
                 	MOVW R30,R0
                 	.ENDM
                 
                 	.MACRO __GETB2SX
                 	MOVW R26,R28
                 	SUBI R26,LOW(-@0)
                 	SBCI R27,HIGH(-@0)
                 	LD   R26,X
                 	.ENDM
                 
                 	.MACRO __GETW2SX
                 	MOVW R26,R28
                 	SUBI R26,LOW(-@0)
                 	SBCI R27,HIGH(-@0)
                 	LD   R0,X+
                 	LD   R27,X
                 	MOV  R26,R0
                 	.ENDM
                 
                 	.MACRO __GETD2SX
                 	MOVW R26,R28
                 	SUBI R26,LOW(-@0)
                 	SBCI R27,HIGH(-@0)
                 	LD   R0,X+
                 	LD   R1,X+
                 	LD   R24,X+
                 	LD   R25,X
                 	MOVW R26,R0
                 	.ENDM
                 
                 	.MACRO __GETBRSX
                 	MOVW R30,R28
                 	SUBI R30,LOW(-@1)
                 	SBCI R31,HIGH(-@1)
                 	LD   R@0,Z
                 	.ENDM
                 
                 	.MACRO __GETWRSX
                 	MOVW R30,R28
                 	SUBI R30,LOW(-@2)
                 	SBCI R31,HIGH(-@2)
                 	LD   R@0,Z+
                 	LD   R@1,Z
                 	.ENDM
                 
                 	.MACRO __GETBRSX2
                 	MOVW R26,R28
                 	SUBI R26,LOW(-@1)
                 	SBCI R27,HIGH(-@1)
                 	LD   R@0,X
                 	.ENDM
                 
                 	.MACRO __GETWRSX2
                 	MOVW R26,R28
                 	SUBI R26,LOW(-@2)
                 	SBCI R27,HIGH(-@2)
                 	LD   R@0,X+
                 	LD   R@1,X
                 	.ENDM
                 
                 	.MACRO __LSLW8SX
                 	MOVW R30,R28
                 	SUBI R30,LOW(-@0)
                 	SBCI R31,HIGH(-@0)
                 	LD   R31,Z
                 	CLR  R30
                 	.ENDM
                 
                 	.MACRO __PUTB1SX
                 	MOVW R26,R28
                 	SUBI R26,LOW(-@0)
                 	SBCI R27,HIGH(-@0)
                 	ST   X,R30
                 	.ENDM
                 
                 	.MACRO __PUTW1SX
                 	MOVW R26,R28
                 	SUBI R26,LOW(-@0)
                 	SBCI R27,HIGH(-@0)
                 	ST   X+,R30
                 	ST   X,R31
                 	.ENDM
                 
                 	.MACRO __PUTD1SX
                 	MOVW R26,R28
                 	SUBI R26,LOW(-@0)
                 	SBCI R27,HIGH(-@0)
                 	ST   X+,R30
                 	ST   X+,R31
                 	ST   X+,R22
                 	ST   X,R23
                 	.ENDM
                 
                 	.MACRO __CLRW1SX
                 	MOVW R26,R28
                 	SUBI R26,LOW(-@0)
                 	SBCI R27,HIGH(-@0)
                 	ST   X+,R30
                 	ST   X,R30
                 	.ENDM
                 
                 	.MACRO __CLRD1SX
                 	MOVW R26,R28
                 	SUBI R26,LOW(-@0)
                 	SBCI R27,HIGH(-@0)
                 	ST   X+,R30
                 	ST   X+,R30
                 	ST   X+,R30
                 	ST   X,R30
                 	.ENDM
                 
                 	.MACRO __PUTB2SX
                 	MOVW R30,R28
                 	SUBI R30,LOW(-@0)
                 	SBCI R31,HIGH(-@0)
                 	ST   Z,R26
                 	.ENDM
                 
                 	.MACRO __PUTW2SX
                 	MOVW R30,R28
                 	SUBI R30,LOW(-@0)
                 	SBCI R31,HIGH(-@0)
                 	ST   Z+,R26
                 	ST   Z,R27
                 	.ENDM
                 
                 	.MACRO __PUTD2SX
                 	MOVW R30,R28
                 	SUBI R30,LOW(-@0)
                 	SBCI R31,HIGH(-@0)
                 	ST   Z+,R26
                 	ST   Z+,R27
                 	ST   Z+,R24
                 	ST   Z,R25
                 	.ENDM
                 
                 	.MACRO __PUTBSRX
                 	MOVW R30,R28
                 	SUBI R30,LOW(-@1)
                 	SBCI R31,HIGH(-@1)
                 	ST   Z,R@0
                 	.ENDM
                 
                 	.MACRO __PUTWSRX
                 	MOVW R30,R28
                 	SUBI R30,LOW(-@2)
                 	SBCI R31,HIGH(-@2)
                 	ST   Z+,R@0
                 	ST   Z,R@1
                 	.ENDM
                 
                 	.MACRO __PUTB1SNX
                 	MOVW R26,R28
                 	SUBI R26,LOW(-@0)
                 	SBCI R27,HIGH(-@0)
                 	LD   R0,X+
                 	LD   R27,X
                 	MOV  R26,R0
                 	SUBI R26,LOW(-@1)
                 	SBCI R27,HIGH(-@1)
                 	ST   X,R30
                 	.ENDM
                 
                 	.MACRO __PUTW1SNX
                 	MOVW R26,R28
                 	SUBI R26,LOW(-@0)
                 	SBCI R27,HIGH(-@0)
                 	LD   R0,X+
                 	LD   R27,X
                 	MOV  R26,R0
                 	SUBI R26,LOW(-@1)
                 	SBCI R27,HIGH(-@1)
                 	ST   X+,R30
                 	ST   X,R31
                 	.ENDM
                 
                 	.MACRO __PUTD1SNX
                 	MOVW R26,R28
                 	SUBI R26,LOW(-@0)
                 	SBCI R27,HIGH(-@0)
                 	LD   R0,X+
                 	LD   R27,X
                 	MOV  R26,R0
                 	SUBI R26,LOW(-@1)
                 	SBCI R27,HIGH(-@1)
                 	ST   X+,R30
                 	ST   X+,R31
                 	ST   X+,R22
                 	ST   X,R23
                 	.ENDM
                 
                 	.MACRO __MULBRR
                 	MULS R@0,R@1
                 	MOVW R30,R0
                 	.ENDM
                 
                 	.MACRO __MULBRRU
                 	MUL  R@0,R@1
                 	MOVW R30,R0
                 	.ENDM
                 
                 	.MACRO __MULBRR0
                 	MULS R@0,R@1
                 	.ENDM
                 
                 	.MACRO __MULBRRU0
                 	MUL  R@0,R@1
                 	.ENDM
                 
                 	.MACRO __MULBNWRU
                 	LDI  R26,@2
                 	MUL  R26,R@0
                 	MOVW R30,R0
                 	MUL  R26,R@1
                 	ADD  R31,R0
                 	.ENDM
                 
                 ;NAME DEFINITIONS FOR GLOBAL VARIABLES ALLOCATED TO REGISTERS
                 	.DEF _data=R4
                 	.DEF _nilai=R6
                 	.DEF __lcd_x=R9
                 	.DEF __lcd_y=R8
                 	.DEF __lcd_maxx=R11
                 
                 	.CSEG
                 	.ORG 0x00
                 
                 ;START OF CODE MARKER
                 __START_OF_CODE:
                 
                 ;INTERRUPT VECTORS
000000 940c 003e 	JMP  __RESET
000002 940c 0000 	JMP  0x00
000004 940c 0000 	JMP  0x00
000006 940c 0000 	JMP  0x00
000008 940c 0000 	JMP  0x00
00000a 940c 0000 	JMP  0x00
00000c 940c 0000 	JMP  0x00
00000e 940c 0000 	JMP  0x00
000010 940c 006e 	JMP  _timer1_ovf_isr
000012 940c 0000 	JMP  0x00
000014 940c 0000 	JMP  0x00
000016 940c 0000 	JMP  0x00
000018 940c 0000 	JMP  0x00
00001a 940c 0000 	JMP  0x00
00001c 940c 0000 	JMP  0x00
00001e 940c 0000 	JMP  0x00
000020 940c 0000 	JMP  0x00
000022 940c 0000 	JMP  0x00
000024 940c 0000 	JMP  0x00
000026 940c 0000 	JMP  0x00
000028 940c 0000 	JMP  0x00
                 
                 _tbl10_G100:
00002a 2710
00002b 03e8
00002c 0064
00002d 000a      	.DB  0x10,0x27,0xE8,0x3,0x64,0x0,0xA,0x0
00002e 0001      	.DB  0x1,0x0
                 _tbl16_G100:
00002f 1000
000030 0100
000031 0010
000032 0001      	.DB  0x0,0x10,0x0,0x1,0x10,0x0,0x1,0x0
                 
                 _0x0:
000033 6954
000034 656d
000035 3172
000036 2500      	.DB  0x54,0x69,0x6D,0x65,0x72,0x31,0x0,0x25
000037 6433
E:\aaaaaaa\CahRahAr\Praktikum5BKPM\percobaan2\List\percobaan1.asm(1115): warning: .cseg .db misalignment - padding zero byte
000038 0000      	.DB  0x33,0x64,0x0
                 _0x2020003:
000039 c080      	.DB  0x80,0xC0
                 
                 __GLOBAL_INI_TBL:
00003a 0002      	.DW  0x02
00003b 0170      	.DW  __base_y_G101
00003c 0072      	.DW  _0x2020003*2
                 
                 _0xFFFFFFFF:
00003d 0000      	.DW  0
                 
                 __RESET:
00003e 94f8      	CLI
00003f 27ee      	CLR  R30
000040 bbec      	OUT  EECR,R30
                 
                 ;INTERRUPT VECTORS ARE PLACED
                 ;AT THE START OF FLASH
000041 e0f1      	LDI  R31,1
000042 bffb      	OUT  GICR,R31
000043 bfeb      	OUT  GICR,R30
000044 bfe5      	OUT  MCUCR,R30
                 
                 ;DISABLE WATCHDOG
000045 e1f8      	LDI  R31,0x18
000046 bdf1      	OUT  WDTCR,R31
000047 bde1      	OUT  WDTCR,R30
                 
                 ;CLEAR R2-R14
000048 e08d      	LDI  R24,(14-2)+1
000049 e0a2      	LDI  R26,2
00004a 27bb      	CLR  R27
                 __CLEAR_REG:
00004b 93ed      	ST   X+,R30
00004c 958a      	DEC  R24
00004d f7e9      	BRNE __CLEAR_REG
                 
                 ;CLEAR SRAM
00004e e080      	LDI  R24,LOW(__CLEAR_SRAM_SIZE)
00004f e094      	LDI  R25,HIGH(__CLEAR_SRAM_SIZE)
000050 e6a0      	LDI  R26,__SRAM_START
                 __CLEAR_SRAM:
000051 93ed      	ST   X+,R30
000052 9701      	SBIW R24,1
000053 f7e9      	BRNE __CLEAR_SRAM
                 
                 ;GLOBAL VARIABLES INITIALIZATION
000054 e7e4      	LDI  R30,LOW(__GLOBAL_INI_TBL*2)
000055 e0f0      	LDI  R31,HIGH(__GLOBAL_INI_TBL*2)
                 __GLOBAL_INI_NEXT:
000056 9185      	LPM  R24,Z+
000057 9195      	LPM  R25,Z+
000058 9700      	SBIW R24,0
000059 f061      	BREQ __GLOBAL_INI_END
00005a 91a5      	LPM  R26,Z+
00005b 91b5      	LPM  R27,Z+
00005c 9005      	LPM  R0,Z+
00005d 9015      	LPM  R1,Z+
00005e 01bf      	MOVW R22,R30
00005f 01f0      	MOVW R30,R0
                 __GLOBAL_INI_LOOP:
000060 9005      	LPM  R0,Z+
000061 920d      	ST   X+,R0
000062 9701      	SBIW R24,1
000063 f7e1      	BRNE __GLOBAL_INI_LOOP
000064 01fb      	MOVW R30,R22
000065 cff0      	RJMP __GLOBAL_INI_NEXT
                 __GLOBAL_INI_END:
                 
                 ;HARDWARE STACK POINTER INITIALIZATION
000066 e5ef      	LDI  R30,LOW(__SRAM_END-__HEAP_SIZE)
000067 bfed      	OUT  SPL,R30
000068 e0e4      	LDI  R30,HIGH(__SRAM_END-__HEAP_SIZE)
000069 bfee      	OUT  SPH,R30
                 
                 ;DATA STACK POINTER INITIALIZATION
00006a e6c0      	LDI  R28,LOW(__SRAM_START+__DSTACK_SIZE)
00006b e0d1      	LDI  R29,HIGH(__SRAM_START+__DSTACK_SIZE)
                 
00006c 940c 007e 	JMP  _main
                 
                 	.ESEG
                 	.ORG 0
                 
                 	.DSEG
                 	.ORG 0x160
                 
                 	.CSEG
                 ;/*****************************************************
                 ;This program was produced by the
                 ;CodeWizardAVR V2.05.3 Standard
                 ;Automatic Program Generator
                 ;© Copyright 1998-2011 Pavel Haiduc, HP InfoTech s.r.l.
                 ;http://www.hpinfotech.com
                 ;
                 ;Project :
                 ;Version :
                 ;Date    : 11/04/2018
                 ;Author  : Windows User
                 ;Company :
                 ;Comments:
                 ;
                 ;
                 ;Chip type               : ATmega16
                 ;Program type            : Application
                 ;AVR Core Clock frequency: 11,059200 MHz
                 ;Memory model            : Small
                 ;External RAM size       : 0
                 ;Data Stack size         : 256
                 ;*****************************************************/
                 ;
                 ;#include <mega16.h>
                 	#ifndef __SLEEP_DEFINED__
                 	#define __SLEEP_DEFINED__
                 	.EQU __se_bit=0x40
                 	.EQU __sm_mask=0xB0
                 	.EQU __sm_powerdown=0x20
                 	.EQU __sm_powersave=0x30
                 	.EQU __sm_standby=0xA0
                 	.EQU __sm_ext_standby=0xB0
                 	.EQU __sm_adc_noise_red=0x10
                 	.SET power_ctrl_reg=mcucr
                 	#endif
                 ;#include <stdio.h>
                 ;
                 ;int data, nilai;
                 ;unsigned char lcd[16];
                 ;
                 ;// Alphanumeric LCD functions
                 ;#include <alcd.h>
                 ;
                 ;// Timer1 overflow interrupt service routine
                 ;interrupt [TIM1_OVF] void timer1_ovf_isr(void)
                 ; 0000 0023 {
                 
                 	.CSEG
                 _timer1_ovf_isr:
00006e 93ea      	ST   -Y,R30
00006f 93fa      	ST   -Y,R31
000070 b7ef      	IN   R30,SREG
000071 93ea      	ST   -Y,R30
                 ; 0000 0024 // Reinitialize Timer1 value
                 ; 0000 0025 TCNT1H=0xD5D0 >> 8;
000072 ede5      	LDI  R30,LOW(213)
000073 bded      	OUT  0x2D,R30
                 ; 0000 0026 TCNT1L=0xD5D0 & 0xff;
000074 ede0      	LDI  R30,LOW(208)
000075 bdec      	OUT  0x2C,R30
                 ; 0000 0027 // Place your code here
                 ; 0000 0028 data++;
000076 01f2      	MOVW R30,R4
000077 9631      	ADIW R30,1
000078 012f      	MOVW R4,R30
                 ; 0000 0029 }
000079 91e9      	LD   R30,Y+
00007a bfef      	OUT  SREG,R30
00007b 91f9      	LD   R31,Y+
00007c 91e9      	LD   R30,Y+
00007d 9518      	RETI
                 ;
                 ;// Declare your global variables here
                 ;
                 ;void main(void)
                 ; 0000 002E {
                 _main:
                 ; 0000 002F // Declare your local variables here
                 ; 0000 0030 
                 ; 0000 0031 // Input/Output Ports initialization
                 ; 0000 0032 // Port A initialization
                 ; 0000 0033 // Func7=In Func6=In Func5=In Func4=In Func3=In Func2=In Func1=In Func0=In
                 ; 0000 0034 // State7=T State6=T State5=T State4=T State3=T State2=T State1=T State0=T
                 ; 0000 0035 PORTA=0x00;
00007e e0e0      	LDI  R30,LOW(0)
00007f bbeb      	OUT  0x1B,R30
                 ; 0000 0036 DDRA=0x00;
000080 bbea      	OUT  0x1A,R30
                 ; 0000 0037 
                 ; 0000 0038 // Port B initialization
                 ; 0000 0039 // Func7=In Func6=Out Func5=Out Func4=Out Func3=Out Func2=Out Func1=In Func0=In
                 ; 0000 003A // State7=T State6=0 State5=0 State4=0 State3=0 State2=0 State1=T State0=T
                 ; 0000 003B PORTB=0x00;
000081 bbe8      	OUT  0x18,R30
                 ; 0000 003C DDRB=0x7C;
000082 e7ec      	LDI  R30,LOW(124)
000083 bbe7      	OUT  0x17,R30
                 ; 0000 003D 
                 ; 0000 003E // Port C initialization
                 ; 0000 003F // Func7=In Func6=In Func5=In Func4=In Func3=In Func2=In Func1=In Func0=In
                 ; 0000 0040 // State7=T State6=T State5=T State4=T State3=T State2=T State1=T State0=T
                 ; 0000 0041 PORTC=0x00;
000084 e0e0      	LDI  R30,LOW(0)
000085 bbe5      	OUT  0x15,R30
                 ; 0000 0042 DDRC=0x00;
000086 bbe4      	OUT  0x14,R30
                 ; 0000 0043 
                 ; 0000 0044 // Port D initialization
                 ; 0000 0045 // Func7=In Func6=In Func5=In Func4=In Func3=In Func2=In Func1=In Func0=In
                 ; 0000 0046 // State7=T State6=T State5=T State4=T State3=T State2=T State1=T State0=T
                 ; 0000 0047 PORTD=0x00;
000087 bbe2      	OUT  0x12,R30
                 ; 0000 0048 DDRD=0x00;
000088 bbe1      	OUT  0x11,R30
                 ; 0000 0049 
                 ; 0000 004A // Timer/Counter 0 initialization
                 ; 0000 004B // Clock source: System Clock
                 ; 0000 004C // Clock value: Timer 0 Stopped
                 ; 0000 004D // Mode: Normal top=0xFF
                 ; 0000 004E // OC0 output: Disconnected
                 ; 0000 004F TCCR0=0x00;
000089 bfe3      	OUT  0x33,R30
                 ; 0000 0050 TCNT0=0x00;
00008a bfe2      	OUT  0x32,R30
                 ; 0000 0051 OCR0=0x00;
00008b bfec      	OUT  0x3C,R30
                 ; 0000 0052 
                 ; 0000 0053 // Timer/Counter 1 initialization
                 ; 0000 0054 // Clock source: System Clock
                 ; 0000 0055 // Clock value: 11059,200 kHz
                 ; 0000 0056 // Mode: Normal top=0xFFFF
                 ; 0000 0057 // OC1A output: Discon.
                 ; 0000 0058 // OC1B output: Discon.
                 ; 0000 0059 // Noise Canceler: Off
                 ; 0000 005A // Input Capture on Falling Edge
                 ; 0000 005B // Timer1 Overflow Interrupt: On
                 ; 0000 005C // Input Capture Interrupt: Off
                 ; 0000 005D // Compare A Match Interrupt: Off
                 ; 0000 005E // Compare B Match Interrupt: Off
                 ; 0000 005F TCCR1A=0x00;
00008c bdef      	OUT  0x2F,R30
                 ; 0000 0060 TCCR1B=0x01;
00008d e0e1      	LDI  R30,LOW(1)
00008e bdee      	OUT  0x2E,R30
                 ; 0000 0061 TCNT1H=0xD5;
00008f ede5      	LDI  R30,LOW(213)
000090 bded      	OUT  0x2D,R30
                 ; 0000 0062 TCNT1L=0xD0;
000091 ede0      	LDI  R30,LOW(208)
000092 bdec      	OUT  0x2C,R30
                 ; 0000 0063 ICR1H=0x00;
000093 e0e0      	LDI  R30,LOW(0)
000094 bde7      	OUT  0x27,R30
                 ; 0000 0064 ICR1L=0x00;
000095 bde6      	OUT  0x26,R30
                 ; 0000 0065 OCR1AH=0x00;
000096 bdeb      	OUT  0x2B,R30
                 ; 0000 0066 OCR1AL=0x00;
000097 bdea      	OUT  0x2A,R30
                 ; 0000 0067 OCR1BH=0x00;
000098 bde9      	OUT  0x29,R30
                 ; 0000 0068 OCR1BL=0x00;
000099 bde8      	OUT  0x28,R30
                 ; 0000 0069 
                 ; 0000 006A // Timer/Counter 2 initialization
                 ; 0000 006B // Clock source: System Clock
                 ; 0000 006C // Clock value: Timer2 Stopped
                 ; 0000 006D // Mode: Normal top=0xFF
                 ; 0000 006E // OC2 output: Disconnected
                 ; 0000 006F ASSR=0x00;
00009a bde2      	OUT  0x22,R30
                 ; 0000 0070 TCCR2=0x00;
00009b bde5      	OUT  0x25,R30
                 ; 0000 0071 TCNT2=0x00;
00009c bde4      	OUT  0x24,R30
                 ; 0000 0072 OCR2=0x00;
00009d bde3      	OUT  0x23,R30
                 ; 0000 0073 
                 ; 0000 0074 // External Interrupt(s) initialization
                 ; 0000 0075 // INT0: Off
                 ; 0000 0076 // INT1: Off
                 ; 0000 0077 // INT2: Off
                 ; 0000 0078 MCUCR=0x00;
00009e bfe5      	OUT  0x35,R30
                 ; 0000 0079 MCUCSR=0x00;
00009f bfe4      	OUT  0x34,R30
                 ; 0000 007A 
                 ; 0000 007B // Timer(s)/Counter(s) Interrupt(s) initialization
                 ; 0000 007C TIMSK=0x04;
0000a0 e0e4      	LDI  R30,LOW(4)
0000a1 bfe9      	OUT  0x39,R30
                 ; 0000 007D 
                 ; 0000 007E // USART initialization
                 ; 0000 007F // USART disabled
                 ; 0000 0080 UCSRB=0x00;
0000a2 e0e0      	LDI  R30,LOW(0)
0000a3 b9ea      	OUT  0xA,R30
                 ; 0000 0081 
                 ; 0000 0082 // Analog Comparator initialization
                 ; 0000 0083 // Analog Comparator: Off
                 ; 0000 0084 // Analog Comparator Input Capture by Timer/Counter 1: Off
                 ; 0000 0085 ACSR=0x80;
0000a4 e8e0      	LDI  R30,LOW(128)
0000a5 b9e8      	OUT  0x8,R30
                 ; 0000 0086 SFIOR=0x00;
0000a6 e0e0      	LDI  R30,LOW(0)
0000a7 bfe0      	OUT  0x30,R30
                 ; 0000 0087 
                 ; 0000 0088 // ADC initialization
                 ; 0000 0089 // ADC disabled
                 ; 0000 008A ADCSRA=0x00;
0000a8 b9e6      	OUT  0x6,R30
                 ; 0000 008B 
                 ; 0000 008C // SPI initialization
                 ; 0000 008D // SPI disabled
                 ; 0000 008E SPCR=0x00;
0000a9 b9ed      	OUT  0xD,R30
                 ; 0000 008F 
                 ; 0000 0090 // TWI initialization
                 ; 0000 0091 // TWI disabled
                 ; 0000 0092 TWCR=0x00;
0000aa bfe6      	OUT  0x36,R30
                 ; 0000 0093 
                 ; 0000 0094 // Alphanumeric LCD initialization
                 ; 0000 0095 // Connections are specified in the
                 ; 0000 0096 // Project|Configure|C Compiler|Libraries|Alphanumeric LCD menu:
                 ; 0000 0097 // RS - PORTD Bit 0
                 ; 0000 0098 // RD - PORTD Bit 1
                 ; 0000 0099 // EN - PORTD Bit 2
                 ; 0000 009A // D4 - PORTD Bit 4
                 ; 0000 009B // D5 - PORTD Bit 5
                 ; 0000 009C // D6 - PORTD Bit 6
                 ; 0000 009D // D7 - PORTD Bit 7
                 ; 0000 009E // Characters/line: 16
                 ; 0000 009F lcd_init(16);
0000ab e1a0      	LDI  R26,LOW(16)
0000ac 940e 02ef 	CALL _lcd_init
                 ; 0000 00A0 
                 ; 0000 00A1 // Global enable interrupts
                 ; 0000 00A2 #asm("sei")
0000ae 9478      	sei
                 ; 0000 00A3 
                 ; 0000 00A4 while (1)
                 _0x3:
                 ; 0000 00A5       {
                 ; 0000 00A6       // Place your code here
                 ; 0000 00A7       lcd_gotoxy(0,0);
0000af e0e0      	LDI  R30,LOW(0)
0000b0 93ea      	ST   -Y,R30
0000b1 e0a0      	LDI  R26,LOW(0)
0000b2 940e 029f 	CALL _lcd_gotoxy
                 ; 0000 00A8 lcd_putsf("Timer1");
                +
0000b4 e6a6     +LDI R26 , LOW ( 2 * _0x0 + ( 0 ) )
0000b5 e0b0     +LDI R27 , HIGH ( 2 * _0x0 + ( 0 ) )
                 	__POINTW2FN _0x0,0
0000b6 940e 02dc 	CALL _lcd_putsf
                 ; 0000 00A9 sprintf(lcd,"%3d",data);
0000b8 e6e0      	LDI  R30,LOW(_lcd)
0000b9 e0f1      	LDI  R31,HIGH(_lcd)
0000ba 93fa      	ST   -Y,R31
0000bb 93ea      	ST   -Y,R30
                +
0000bc e6ed     +LDI R30 , LOW ( 2 * _0x0 + ( 7 ) )
0000bd e0f0     +LDI R31 , HIGH ( 2 * _0x0 + ( 7 ) )
                 	__POINTW1FN _0x0,7
0000be 93fa      	ST   -Y,R31
0000bf 93ea      	ST   -Y,R30
0000c0 01f2      	MOVW R30,R4
0000c1 940e 0382 	CALL __CWD1
0000c3 940e 038f 	CALL __PUTPARD1
0000c5 e084      	LDI  R24,4
0000c6 940e 024b 	CALL _sprintf
0000c8 9628      	ADIW R28,8
                 ; 0000 00AA lcd_gotoxy(0,1);
0000c9 e0e0      	LDI  R30,LOW(0)
0000ca 93ea      	ST   -Y,R30
0000cb e0a1      	LDI  R26,LOW(1)
0000cc 940e 029f 	CALL _lcd_gotoxy
                 ; 0000 00AB lcd_puts(lcd);
0000ce e6a0      	LDI  R26,LOW(_lcd)
0000cf e0b1      	LDI  R27,HIGH(_lcd)
0000d0 940e 02cd 	CALL _lcd_puts
                 ; 0000 00AC 
                 ; 0000 00AD       }
0000d2 cfdc      	RJMP _0x3
                 ; 0000 00AE }
                 _0x6:
0000d3 cfff      	RJMP _0x6
                 	#ifndef __SLEEP_DEFINED__
                 	#endif
                 
                 	.CSEG
                 _put_buff_G100:
0000d4 93ba      	ST   -Y,R27
0000d5 93aa      	ST   -Y,R26
0000d6 931a      	ST   -Y,R17
0000d7 930a      	ST   -Y,R16
0000d8 81aa      	LDD  R26,Y+2
0000d9 81bb      	LDD  R27,Y+2+1
0000da 9612      	ADIW R26,2
0000db 940e 0387 	CALL __GETW1P
0000dd 9730      	SBIW R30,0
0000de f159      	BREQ _0x2000010
0000df 81aa      	LDD  R26,Y+2
0000e0 81bb      	LDD  R27,Y+2+1
0000e1 9614      	ADIW R26,4
0000e2 940e 0387 	CALL __GETW1P
0000e4 018f      	MOVW R16,R30
0000e5 9730      	SBIW R30,0
0000e6 f061      	BREQ _0x2000012
                +
0000e7 3002     +CPI R16 , LOW ( 2 )
0000e8 e0e0     +LDI R30 , HIGH ( 2 )
0000e9 071e     +CPC R17 , R30
                 	__CPWRN 16,17,2
0000ea f0f0      	BRLO _0x2000013
0000eb 01f8      	MOVW R30,R16
0000ec 9731      	SBIW R30,1
0000ed 018f      	MOVW R16,R30
                +
0000ee 81aa     +LDD R26 , Y + 2
0000ef 81bb     +LDD R27 , Y + 2 + 1
0000f0 9614     +ADIW R26 , 4
0000f1 93ed     +ST X + , R30
0000f2 93fc     +ST X , R31
                 	__PUTW1SNS 2,4
                 _0x2000012:
0000f3 81aa      	LDD  R26,Y+2
0000f4 81bb      	LDD  R27,Y+2+1
0000f5 9612      	ADIW R26,2
0000f6 91ed      	LD   R30,X+
0000f7 91fd      	LD   R31,X+
0000f8 9631      	ADIW R30,1
0000f9 93fe      	ST   -X,R31
0000fa 93ee      	ST   -X,R30
0000fb 9731      	SBIW R30,1
0000fc 81ac      	LDD  R26,Y+4
0000fd 83a0      	STD  Z+0,R26
0000fe 81aa      	LDD  R26,Y+2
0000ff 81bb      	LDD  R27,Y+2+1
000100 940e 0387 	CALL __GETW1P
000102 23ff      	TST  R31
000103 f02a      	BRMI _0x2000014
000104 91ed      	LD   R30,X+
000105 91fd      	LD   R31,X+
000106 9631      	ADIW R30,1
000107 93fe      	ST   -X,R31
000108 93ee      	ST   -X,R30
                 _0x2000014:
                 _0x2000013:
000109 c006      	RJMP _0x2000015
                 _0x2000010:
00010a 81aa      	LDD  R26,Y+2
00010b 81bb      	LDD  R27,Y+2+1
00010c efef      	LDI  R30,LOW(65535)
00010d efff      	LDI  R31,HIGH(65535)
00010e 93ed      	ST   X+,R30
00010f 93fc      	ST   X,R31
                 _0x2000015:
000110 8119      	LDD  R17,Y+1
000111 8108      	LDD  R16,Y+0
000112 9625      	ADIW R28,5
000113 9508      	RET
                 __print_G100:
000114 93ba      	ST   -Y,R27
000115 93aa      	ST   -Y,R26
000116 9726      	SBIW R28,6
000117 940e 0394 	CALL __SAVELOCR6
000119 e010      	LDI  R17,0
00011a 85ac      	LDD  R26,Y+12
00011b 85bd      	LDD  R27,Y+12+1
00011c e0e0      	LDI  R30,LOW(0)
00011d e0f0      	LDI  R31,HIGH(0)
00011e 93ed      	ST   X+,R30
00011f 93fc      	ST   X,R31
                 _0x2000016:
000120 89ea      	LDD  R30,Y+18
000121 89fb      	LDD  R31,Y+18+1
000122 9631      	ADIW R30,1
000123 8bea      	STD  Y+18,R30
000124 8bfb      	STD  Y+18+1,R31
000125 9731      	SBIW R30,1
000126 91e4      	LPM  R30,Z
000127 2f2e      	MOV  R18,R30
000128 30e0      	CPI  R30,0
000129 f411      	BRNE PC+3
00012a 940c 0243 	JMP _0x2000018
00012c 2fe1      	MOV  R30,R17
00012d 30e0      	CPI  R30,0
00012e f439      	BRNE _0x200001C
00012f 3225      	CPI  R18,37
000130 f411      	BRNE _0x200001D
000131 e011      	LDI  R17,LOW(1)
000132 c002      	RJMP _0x200001E
                 _0x200001D:
000133 940e 0336 	CALL SUBOPT_0x0
                 _0x200001E:
000135 c10c      	RJMP _0x200001B
                 _0x200001C:
000136 30e1      	CPI  R30,LOW(0x1)
000137 f4a9      	BRNE _0x200001F
000138 3225      	CPI  R18,37
000139 f419      	BRNE _0x2000020
00013a 940e 0336 	CALL SUBOPT_0x0
00013c c104      	RJMP _0x20000C9
                 _0x2000020:
00013d e012      	LDI  R17,LOW(2)
00013e e040      	LDI  R20,LOW(0)
00013f e000      	LDI  R16,LOW(0)
000140 322d      	CPI  R18,45
000141 f411      	BRNE _0x2000021
000142 e001      	LDI  R16,LOW(1)
000143 c0fe      	RJMP _0x200001B
                 _0x2000021:
000144 322b      	CPI  R18,43
000145 f411      	BRNE _0x2000022
000146 e24b      	LDI  R20,LOW(43)
000147 c0fa      	RJMP _0x200001B
                 _0x2000022:
000148 3220      	CPI  R18,32
000149 f411      	BRNE _0x2000023
00014a e240      	LDI  R20,LOW(32)
00014b c0f6      	RJMP _0x200001B
                 _0x2000023:
00014c c002      	RJMP _0x2000024
                 _0x200001F:
00014d 30e2      	CPI  R30,LOW(0x2)
00014e f439      	BRNE _0x2000025
                 _0x2000024:
00014f e050      	LDI  R21,LOW(0)
000150 e013      	LDI  R17,LOW(3)
000151 3320      	CPI  R18,48
000152 f411      	BRNE _0x2000026
000153 6800      	ORI  R16,LOW(128)
000154 c0ed      	RJMP _0x200001B
                 _0x2000026:
000155 c004      	RJMP _0x2000027
                 _0x2000025:
000156 30e3      	CPI  R30,LOW(0x3)
000157 f011      	BREQ PC+3
000158 940c 0242 	JMP _0x200001B
                 _0x2000027:
00015a 3320      	CPI  R18,48
00015b f010      	BRLO _0x200002A
00015c 332a      	CPI  R18,58
00015d f008      	BRLO _0x200002B
                 _0x200002A:
00015e c007      	RJMP _0x2000029
                 _0x200002B:
00015f e0aa      	LDI  R26,LOW(10)
000160 9f5a      	MUL  R21,R26
000161 2d50      	MOV  R21,R0
000162 2fe2      	MOV  R30,R18
000163 53e0      	SUBI R30,LOW(48)
000164 0f5e      	ADD  R21,R30
000165 c0dc      	RJMP _0x200001B
                 _0x2000029:
000166 2fe2      	MOV  R30,R18
000167 36e3      	CPI  R30,LOW(0x63)
000168 f449      	BRNE _0x200002F
000169 940e 033d 	CALL SUBOPT_0x1
00016b 89e8      	LDD  R30,Y+16
00016c 89f9      	LDD  R31,Y+16+1
00016d 81a4      	LDD  R26,Z+4
00016e 93aa      	ST   -Y,R26
00016f 940e 0343 	CALL SUBOPT_0x2
000171 c0cf      	RJMP _0x2000030
                 _0x200002F:
000172 37e3      	CPI  R30,LOW(0x73)
000173 f441      	BRNE _0x2000032
000174 940e 033d 	CALL SUBOPT_0x1
000176 940e 0349 	CALL SUBOPT_0x3
000178 940e 031d 	CALL _strlen
00017a 2f1e      	MOV  R17,R30
00017b c00a      	RJMP _0x2000033
                 _0x2000032:
00017c 37e0      	CPI  R30,LOW(0x70)
00017d f461      	BRNE _0x2000035
00017e 940e 033d 	CALL SUBOPT_0x1
000180 940e 0349 	CALL SUBOPT_0x3
000182 940e 0329 	CALL _strlenf
000184 2f1e      	MOV  R17,R30
000185 6008      	ORI  R16,LOW(8)
                 _0x2000033:
000186 6002      	ORI  R16,LOW(2)
000187 770f      	ANDI R16,LOW(127)
000188 e030      	LDI  R19,LOW(0)
000189 c035      	RJMP _0x2000036
                 _0x2000035:
00018a 36e4      	CPI  R30,LOW(0x64)
00018b f011      	BREQ _0x2000039
00018c 36e9      	CPI  R30,LOW(0x69)
00018d f411      	BRNE _0x200003A
                 _0x2000039:
00018e 6004      	ORI  R16,LOW(4)
00018f c002      	RJMP _0x200003B
                 _0x200003A:
000190 37e5      	CPI  R30,LOW(0x75)
000191 f431      	BRNE _0x200003C
                 _0x200003B:
000192 e5e4      	LDI  R30,LOW(_tbl10_G100*2)
000193 e0f0      	LDI  R31,HIGH(_tbl10_G100*2)
000194 83ee      	STD  Y+6,R30
000195 83ff      	STD  Y+6+1,R31
000196 e015      	LDI  R17,LOW(5)
000197 c00d      	RJMP _0x200003D
                 _0x200003C:
000198 35e8      	CPI  R30,LOW(0x58)
000199 f411      	BRNE _0x200003F
00019a 6008      	ORI  R16,LOW(8)
00019b c004      	RJMP _0x2000040
                 _0x200003F:
00019c 37e8      	CPI  R30,LOW(0x78)
00019d f011      	BREQ PC+3
00019e 940c 0241 	JMP _0x2000071
                 _0x2000040:
0001a0 e5ee      	LDI  R30,LOW(_tbl16_G100*2)
0001a1 e0f0      	LDI  R31,HIGH(_tbl16_G100*2)
0001a2 83ee      	STD  Y+6,R30
0001a3 83ff      	STD  Y+6+1,R31
0001a4 e014      	LDI  R17,LOW(4)
                 _0x200003D:
0001a5 ff02      	SBRS R16,2
0001a6 c014      	RJMP _0x2000042
0001a7 940e 033d 	CALL SUBOPT_0x1
0001a9 940e 0353 	CALL SUBOPT_0x4
0001ab 85ab      	LDD  R26,Y+11
0001ac 23aa      	TST  R26
0001ad f43a      	BRPL _0x2000043
0001ae 85ea      	LDD  R30,Y+10
0001af 85fb      	LDD  R31,Y+10+1
0001b0 940e 037e 	CALL __ANEGW1
0001b2 87ea      	STD  Y+10,R30
0001b3 87fb      	STD  Y+10+1,R31
0001b4 e24d      	LDI  R20,LOW(45)
                 _0x2000043:
0001b5 3040      	CPI  R20,0
0001b6 f011      	BREQ _0x2000044
0001b7 5f1f      	SUBI R17,-LOW(1)
0001b8 c001      	RJMP _0x2000045
                 _0x2000044:
0001b9 7f0b      	ANDI R16,LOW(251)
                 _0x2000045:
0001ba c004      	RJMP _0x2000046
                 _0x2000042:
0001bb 940e 033d 	CALL SUBOPT_0x1
0001bd 940e 0353 	CALL SUBOPT_0x4
                 _0x2000046:
                 _0x2000036:
0001bf fd00      	SBRC R16,0
0001c0 c011      	RJMP _0x2000047
                 _0x2000048:
0001c1 1715      	CP   R17,R21
0001c2 f478      	BRSH _0x200004A
0001c3 ff07      	SBRS R16,7
0001c4 c008      	RJMP _0x200004B
0001c5 ff02      	SBRS R16,2
0001c6 c004      	RJMP _0x200004C
0001c7 7f0b      	ANDI R16,LOW(251)
0001c8 2f24      	MOV  R18,R20
0001c9 5011      	SUBI R17,LOW(1)
0001ca c001      	RJMP _0x200004D
                 _0x200004C:
0001cb e320      	LDI  R18,LOW(48)
                 _0x200004D:
0001cc c001      	RJMP _0x200004E
                 _0x200004B:
0001cd e220      	LDI  R18,LOW(32)
                 _0x200004E:
0001ce 940e 0336 	CALL SUBOPT_0x0
0001d0 5051      	SUBI R21,LOW(1)
0001d1 cfef      	RJMP _0x2000048
                 _0x200004A:
                 _0x2000047:
0001d2 2f31      	MOV  R19,R17
0001d3 ff01      	SBRS R16,1
0001d4 c017      	RJMP _0x200004F
                 _0x2000050:
0001d5 3030      	CPI  R19,0
0001d6 f0a1      	BREQ _0x2000052
0001d7 ff03      	SBRS R16,3
0001d8 c006      	RJMP _0x2000053
0001d9 81ee      	LDD  R30,Y+6
0001da 81ff      	LDD  R31,Y+6+1
0001db 9125      	LPM  R18,Z+
0001dc 83ee      	STD  Y+6,R30
0001dd 83ff      	STD  Y+6+1,R31
0001de c005      	RJMP _0x2000054
                 _0x2000053:
0001df 81ae      	LDD  R26,Y+6
0001e0 81bf      	LDD  R27,Y+6+1
0001e1 912d      	LD   R18,X+
0001e2 83ae      	STD  Y+6,R26
0001e3 83bf      	STD  Y+6+1,R27
                 _0x2000054:
0001e4 940e 0336 	CALL SUBOPT_0x0
0001e6 3050      	CPI  R21,0
0001e7 f009      	BREQ _0x2000055
0001e8 5051      	SUBI R21,LOW(1)
                 _0x2000055:
0001e9 5031      	SUBI R19,LOW(1)
0001ea cfea      	RJMP _0x2000050
                 _0x2000052:
0001eb c04b      	RJMP _0x2000056
                 _0x200004F:
                 _0x2000058:
0001ec e320      	LDI  R18,LOW(48)
0001ed 81ee      	LDD  R30,Y+6
0001ee 81ff      	LDD  R31,Y+6+1
0001ef 940e 038b 	CALL __GETW1PF
0001f1 87e8      	STD  Y+8,R30
0001f2 87f9      	STD  Y+8+1,R31
0001f3 81ee      	LDD  R30,Y+6
0001f4 81ff      	LDD  R31,Y+6+1
0001f5 9632      	ADIW R30,2
0001f6 83ee      	STD  Y+6,R30
0001f7 83ff      	STD  Y+6+1,R31
                 _0x200005A:
0001f8 85e8      	LDD  R30,Y+8
0001f9 85f9      	LDD  R31,Y+8+1
0001fa 85aa      	LDD  R26,Y+10
0001fb 85bb      	LDD  R27,Y+10+1
0001fc 17ae      	CP   R26,R30
0001fd 07bf      	CPC  R27,R31
0001fe f050      	BRLO _0x200005C
0001ff 5f2f      	SUBI R18,-LOW(1)
000200 85a8      	LDD  R26,Y+8
000201 85b9      	LDD  R27,Y+8+1
000202 85ea      	LDD  R30,Y+10
000203 85fb      	LDD  R31,Y+10+1
000204 1bea      	SUB  R30,R26
000205 0bfb      	SBC  R31,R27
000206 87ea      	STD  Y+10,R30
000207 87fb      	STD  Y+10+1,R31
000208 cfef      	RJMP _0x200005A
                 _0x200005C:
000209 332a      	CPI  R18,58
00020a f028      	BRLO _0x200005D
00020b ff03      	SBRS R16,3
00020c c002      	RJMP _0x200005E
00020d 5f29      	SUBI R18,-LOW(7)
00020e c001      	RJMP _0x200005F
                 _0x200005E:
00020f 5d29      	SUBI R18,-LOW(39)
                 _0x200005F:
                 _0x200005D:
000210 fd04      	SBRC R16,4
000211 c01a      	RJMP _0x2000061
000212 3321      	CPI  R18,49
000213 f420      	BRSH _0x2000063
000214 85a8      	LDD  R26,Y+8
000215 85b9      	LDD  R27,Y+8+1
000216 9711      	SBIW R26,1
000217 f409      	BRNE _0x2000062
                 _0x2000063:
000218 c009      	RJMP _0x20000CA
                 _0x2000062:
000219 1753      	CP   R21,R19
00021a f010      	BRLO _0x2000067
00021b ff00      	SBRS R16,0
00021c c001      	RJMP _0x2000068
                 _0x2000067:
00021d c013      	RJMP _0x2000066
                 _0x2000068:
00021e e220      	LDI  R18,LOW(32)
00021f ff07      	SBRS R16,7
000220 c00b      	RJMP _0x2000069
000221 e320      	LDI  R18,LOW(48)
                 _0x20000CA:
000222 6100      	ORI  R16,LOW(16)
000223 ff02      	SBRS R16,2
000224 c007      	RJMP _0x200006A
000225 7f0b      	ANDI R16,LOW(251)
000226 934a      	ST   -Y,R20
000227 940e 0343 	CALL SUBOPT_0x2
000229 3050      	CPI  R21,0
00022a f009      	BREQ _0x200006B
00022b 5051      	SUBI R21,LOW(1)
                 _0x200006B:
                 _0x200006A:
                 _0x2000069:
                 _0x2000061:
00022c 940e 0336 	CALL SUBOPT_0x0
00022e 3050      	CPI  R21,0
00022f f009      	BREQ _0x200006C
000230 5051      	SUBI R21,LOW(1)
                 _0x200006C:
                 _0x2000066:
000231 5031      	SUBI R19,LOW(1)
000232 85a8      	LDD  R26,Y+8
000233 85b9      	LDD  R27,Y+8+1
000234 9712      	SBIW R26,2
000235 f008      	BRLO _0x2000059
000236 cfb5      	RJMP _0x2000058
                 _0x2000059:
                 _0x2000056:
000237 ff00      	SBRS R16,0
000238 c008      	RJMP _0x200006D
                 _0x200006E:
000239 3050      	CPI  R21,0
00023a f031      	BREQ _0x2000070
00023b 5051      	SUBI R21,LOW(1)
00023c e2e0      	LDI  R30,LOW(32)
00023d 93ea      	ST   -Y,R30
00023e 940e 0343 	CALL SUBOPT_0x2
000240 cff8      	RJMP _0x200006E
                 _0x2000070:
                 _0x200006D:
                 _0x2000071:
                 _0x2000030:
                 _0x20000C9:
000241 e010      	LDI  R17,LOW(0)
                 _0x200001B:
000242 cedd      	RJMP _0x2000016
                 _0x2000018:
000243 85ac      	LDD  R26,Y+12
000244 85bd      	LDD  R27,Y+12+1
000245 940e 0387 	CALL __GETW1P
000247 940e 039b 	CALL __LOADLOCR6
000249 9664      	ADIW R28,20
00024a 9508      	RET
                 _sprintf:
00024b 92ff      	PUSH R15
00024c 2ef8      	MOV  R15,R24
00024d 9726      	SBIW R28,6
00024e 940e 0396 	CALL __SAVELOCR4
000250 940e 035b 	CALL SUBOPT_0x5
000252 9730      	SBIW R30,0
000253 f419      	BRNE _0x2000072
000254 efef      	LDI  R30,LOW(65535)
000255 efff      	LDI  R31,HIGH(65535)
000256 c023      	RJMP _0x2080003
                 _0x2000072:
000257 01de      	MOVW R26,R28
000258 9616      	ADIW R26,6
000259 940e 037a 	CALL __ADDW2R15
00025b 018d      	MOVW R16,R26
00025c 940e 035b 	CALL SUBOPT_0x5
00025e 83ee      	STD  Y+6,R30
00025f 83ff      	STD  Y+6+1,R31
000260 e0e0      	LDI  R30,LOW(0)
000261 87e8      	STD  Y+8,R30
000262 87e9      	STD  Y+8+1,R30
000263 01de      	MOVW R26,R28
000264 961a      	ADIW R26,10
000265 940e 037a 	CALL __ADDW2R15
000267 940e 0387 	CALL __GETW1P
000269 93fa      	ST   -Y,R31
00026a 93ea      	ST   -Y,R30
00026b 931a      	ST   -Y,R17
00026c 930a      	ST   -Y,R16
00026d ede4      	LDI  R30,LOW(_put_buff_G100)
00026e e0f0      	LDI  R31,HIGH(_put_buff_G100)
00026f 93fa      	ST   -Y,R31
000270 93ea      	ST   -Y,R30
000271 01de      	MOVW R26,R28
000272 961a      	ADIW R26,10
000273 dea0      	RCALL __print_G100
000274 019f      	MOVW R18,R30
000275 81ae      	LDD  R26,Y+6
000276 81bf      	LDD  R27,Y+6+1
000277 e0e0      	LDI  R30,LOW(0)
000278 93ec      	ST   X,R30
000279 01f9      	MOVW R30,R18
                 _0x2080003:
00027a 940e 039d 	CALL __LOADLOCR4
00027c 962a      	ADIW R28,10
00027d 90ff      	POP  R15
00027e 9508      	RET
                 	#ifndef __SLEEP_DEFINED__
                 	#endif
                 
                 	.DSEG
                 
                 	.CSEG
                 __lcd_write_nibble_G101:
00027f 93aa      	ST   -Y,R26
000280 b3e2      	IN   R30,0x12
000281 70ef      	ANDI R30,LOW(0xF)
000282 2fae      	MOV  R26,R30
000283 81e8      	LD   R30,Y
000284 7fe0      	ANDI R30,LOW(0xF0)
000285 2bea      	OR   R30,R26
000286 bbe2      	OUT  0x12,R30
                +
000287 e087     +LDI R24 , LOW ( 7 )
                +__DELAY_USB_LOOP :
000288 958a     +DEC R24
000289 f7f1     +BRNE __DELAY_USB_LOOP
                 	__DELAY_USB 7
00028a 9a92      	SBI  0x12,2
                +
00028b e182     +LDI R24 , LOW ( 18 )
                +__DELAY_USB_LOOP :
00028c 958a     +DEC R24
00028d f7f1     +BRNE __DELAY_USB_LOOP
                 	__DELAY_USB 18
00028e 9892      	CBI  0x12,2
                +
00028f e182     +LDI R24 , LOW ( 18 )
                +__DELAY_USB_LOOP :
000290 958a     +DEC R24
000291 f7f1     +BRNE __DELAY_USB_LOOP
                 	__DELAY_USB 18
000292 c088      	RJMP _0x2080001
                 __lcd_write_data:
000293 93aa      	ST   -Y,R26
000294 81a8      	LD   R26,Y
000295 dfe9      	RCALL __lcd_write_nibble_G101
000296 81e8          ld    r30,y
000297 95e2          swap  r30
000298 83e8          st    y,r30
000299 81a8      	LD   R26,Y
00029a dfe4      	RCALL __lcd_write_nibble_G101
                +
00029b eb88     +LDI R24 , LOW ( 184 )
                +__DELAY_USB_LOOP :
00029c 958a     +DEC R24
00029d f7f1     +BRNE __DELAY_USB_LOOP
                 	__DELAY_USB 184
00029e c07c      	RJMP _0x2080001
                 _lcd_gotoxy:
00029f 93aa      	ST   -Y,R26
0002a0 81e8      	LD   R30,Y
0002a1 e0f0      	LDI  R31,0
0002a2 59e0      	SUBI R30,LOW(-__base_y_G101)
0002a3 4ffe      	SBCI R31,HIGH(-__base_y_G101)
0002a4 81e0      	LD   R30,Z
0002a5 81a9      	LDD  R26,Y+1
0002a6 0fae      	ADD  R26,R30
0002a7 dfeb      	RCALL __lcd_write_data
0002a8 8099      	LDD  R9,Y+1
0002a9 8088      	LDD  R8,Y+0
0002aa 9622      	ADIW R28,2
0002ab 9508      	RET
                 _lcd_clear:
0002ac e0a2      	LDI  R26,LOW(2)
0002ad 940e 0362 	CALL SUBOPT_0x6
0002af e0ac      	LDI  R26,LOW(12)
0002b0 dfe2      	RCALL __lcd_write_data
0002b1 e0a1      	LDI  R26,LOW(1)
0002b2 940e 0362 	CALL SUBOPT_0x6
0002b4 e0e0      	LDI  R30,LOW(0)
0002b5 2e8e      	MOV  R8,R30
0002b6 2e9e      	MOV  R9,R30
0002b7 9508      	RET
                 _lcd_putchar:
0002b8 93aa      	ST   -Y,R26
0002b9 81a8      	LD   R26,Y
0002ba 30aa      	CPI  R26,LOW(0xA)
0002bb f011      	BREQ _0x2020005
0002bc 149b      	CP   R9,R11
0002bd f048      	BRLO _0x2020004
                 _0x2020005:
0002be e0e0      	LDI  R30,LOW(0)
0002bf 93ea      	ST   -Y,R30
0002c0 9483      	INC  R8
0002c1 2da8      	MOV  R26,R8
0002c2 dfdc      	RCALL _lcd_gotoxy
0002c3 81a8      	LD   R26,Y
0002c4 30aa      	CPI  R26,LOW(0xA)
0002c5 f409      	BRNE _0x2020007
0002c6 c054      	RJMP _0x2080001
                 _0x2020007:
                 _0x2020004:
0002c7 9493      	INC  R9
0002c8 9a90      	SBI  0x12,0
0002c9 81a8      	LD   R26,Y
0002ca dfc8      	RCALL __lcd_write_data
0002cb 9890      	CBI  0x12,0
0002cc c04e      	RJMP _0x2080001
                 _lcd_puts:
0002cd 93ba      	ST   -Y,R27
0002ce 93aa      	ST   -Y,R26
0002cf 931a      	ST   -Y,R17
                 _0x2020008:
0002d0 81a9      	LDD  R26,Y+1
0002d1 81ba      	LDD  R27,Y+1+1
0002d2 91ed      	LD   R30,X+
0002d3 83a9      	STD  Y+1,R26
0002d4 83ba      	STD  Y+1+1,R27
0002d5 2f1e      	MOV  R17,R30
0002d6 30e0      	CPI  R30,0
0002d7 f019      	BREQ _0x202000A
0002d8 2fa1      	MOV  R26,R17
0002d9 dfde      	RCALL _lcd_putchar
0002da cff5      	RJMP _0x2020008
                 _0x202000A:
0002db c010      	RJMP _0x2080002
                 _lcd_putsf:
0002dc 93ba      	ST   -Y,R27
0002dd 93aa      	ST   -Y,R26
0002de 931a      	ST   -Y,R17
                 _0x202000B:
0002df 81e9      	LDD  R30,Y+1
0002e0 81fa      	LDD  R31,Y+1+1
0002e1 9631      	ADIW R30,1
0002e2 83e9      	STD  Y+1,R30
0002e3 83fa      	STD  Y+1+1,R31
0002e4 9731      	SBIW R30,1
0002e5 91e4      	LPM  R30,Z
0002e6 2f1e      	MOV  R17,R30
0002e7 30e0      	CPI  R30,0
0002e8 f019      	BREQ _0x202000D
0002e9 2fa1      	MOV  R26,R17
0002ea dfcd      	RCALL _lcd_putchar
0002eb cff3      	RJMP _0x202000B
                 _0x202000D:
                 _0x2080002:
0002ec 8118      	LDD  R17,Y+0
0002ed 9623      	ADIW R28,3
0002ee 9508      	RET
                 _lcd_init:
0002ef 93aa      	ST   -Y,R26
0002f0 b3e1      	IN   R30,0x11
0002f1 6fe0      	ORI  R30,LOW(0xF0)
0002f2 bbe1      	OUT  0x11,R30
0002f3 9a8a      	SBI  0x11,2
0002f4 9a88      	SBI  0x11,0
0002f5 9a89      	SBI  0x11,1
0002f6 9892      	CBI  0x12,2
0002f7 9890      	CBI  0x12,0
0002f8 9891      	CBI  0x12,1
0002f9 80b8      	LDD  R11,Y+0
0002fa 81e8      	LD   R30,Y
0002fb 58e0      	SUBI R30,-LOW(128)
                +
0002fc 93e0 0172+STS __base_y_G101 + ( 2 ) , R30
                 	__PUTB1MN __base_y_G101,2
0002fe 81e8      	LD   R30,Y
0002ff 54e0      	SUBI R30,-LOW(192)
                +
000300 93e0 0173+STS __base_y_G101 + ( 3 ) , R30
                 	__PUTB1MN __base_y_G101,3
000302 e1a4      	LDI  R26,LOW(20)
000303 e0b0      	LDI  R27,0
000304 940e 0370 	CALL _delay_ms
000306 940e 0368 	CALL SUBOPT_0x7
000308 940e 0368 	CALL SUBOPT_0x7
00030a 940e 0368 	CALL SUBOPT_0x7
00030c e2a0      	LDI  R26,LOW(32)
00030d df71      	RCALL __lcd_write_nibble_G101
                +
00030e e184     +LDI R24 , LOW ( 276 )
00030f e091     +LDI R25 , HIGH ( 276 )
                +__DELAY_USW_LOOP :
000310 9701     +SBIW R24 , 1
000311 f7f1     +BRNE __DELAY_USW_LOOP
                 	__DELAY_USW 276
000312 e2a8      	LDI  R26,LOW(40)
000313 df7f      	RCALL __lcd_write_data
000314 e0a4      	LDI  R26,LOW(4)
000315 df7d      	RCALL __lcd_write_data
000316 e8a5      	LDI  R26,LOW(133)
000317 df7b      	RCALL __lcd_write_data
000318 e0a6      	LDI  R26,LOW(6)
000319 df79      	RCALL __lcd_write_data
00031a df91      	RCALL _lcd_clear
                 _0x2080001:
00031b 9621      	ADIW R28,1
00031c 9508      	RET
                 
                 	.CSEG
                 
                 	.CSEG
                 _strlen:
00031d 93ba      	ST   -Y,R27
00031e 93aa      	ST   -Y,R26
00031f 91a9          ld   r26,y+
000320 91b9          ld   r27,y+
000321 27ee          clr  r30
000322 27ff          clr  r31
                 strlen0:
000323 916d          ld   r22,x+
000324 2366          tst  r22
000325 f011          breq strlen1
000326 9631          adiw r30,1
000327 cffb          rjmp strlen0
                 strlen1:
000328 9508          ret
                 _strlenf:
000329 93ba      	ST   -Y,R27
00032a 93aa      	ST   -Y,R26
00032b 27aa          clr  r26
00032c 27bb          clr  r27
00032d 91e9          ld   r30,y+
00032e 91f9          ld   r31,y+
                 strlenf0:
00032f 9005      	lpm  r0,z+
000330 2000          tst  r0
000331 f011          breq strlenf1
000332 9611          adiw r26,1
000333 cffb          rjmp strlenf0
                 strlenf1:
000334 01fd          movw r30,r26
000335 9508          ret
                 
                 	.DSEG
                 _lcd:
000160           	.BYTE 0x10
                 __base_y_G101:
000170           	.BYTE 0x4
                 
                 	.CSEG
                 ;OPTIMIZER ADDED SUBROUTINE, CALLED 5 TIMES, CODE SIZE REDUCTION:13 WORDS
                 SUBOPT_0x0:
000336 932a      	ST   -Y,R18
000337 85ad      	LDD  R26,Y+13
000338 85be      	LDD  R27,Y+13+1
000339 85ef      	LDD  R30,Y+15
00033a 89f8      	LDD  R31,Y+15+1
00033b 9509      	ICALL
00033c 9508      	RET
                 
                 ;OPTIMIZER ADDED SUBROUTINE, CALLED 5 TIMES, CODE SIZE REDUCTION:9 WORDS
                 SUBOPT_0x1:
00033d 89e8      	LDD  R30,Y+16
00033e 89f9      	LDD  R31,Y+16+1
00033f 9734      	SBIW R30,4
000340 8be8      	STD  Y+16,R30
000341 8bf9      	STD  Y+16+1,R31
000342 9508      	RET
                 
                 ;OPTIMIZER ADDED SUBROUTINE, CALLED 3 TIMES, CODE SIZE REDUCTION:3 WORDS
                 SUBOPT_0x2:
000343 85ad      	LDD  R26,Y+13
000344 85be      	LDD  R27,Y+13+1
000345 85ef      	LDD  R30,Y+15
000346 89f8      	LDD  R31,Y+15+1
000347 9509      	ICALL
000348 9508      	RET
                 
                 ;OPTIMIZER ADDED SUBROUTINE, CALLED 2 TIMES, CODE SIZE REDUCTION:4 WORDS
                 SUBOPT_0x3:
000349 89a8      	LDD  R26,Y+16
00034a 89b9      	LDD  R27,Y+16+1
00034b 9614      	ADIW R26,4
00034c 940e 0387 	CALL __GETW1P
00034e 83ee      	STD  Y+6,R30
00034f 83ff      	STD  Y+6+1,R31
000350 81ae      	LDD  R26,Y+6
000351 81bf      	LDD  R27,Y+6+1
000352 9508      	RET
                 
                 ;OPTIMIZER ADDED SUBROUTINE, CALLED 2 TIMES, CODE SIZE REDUCTION:2 WORDS
                 SUBOPT_0x4:
000353 89a8      	LDD  R26,Y+16
000354 89b9      	LDD  R27,Y+16+1
000355 9614      	ADIW R26,4
000356 940e 0387 	CALL __GETW1P
000358 87ea      	STD  Y+10,R30
000359 87fb      	STD  Y+10+1,R31
00035a 9508      	RET
                 
                 ;OPTIMIZER ADDED SUBROUTINE, CALLED 2 TIMES, CODE SIZE REDUCTION:1 WORDS
                 SUBOPT_0x5:
00035b 01de      	MOVW R26,R28
00035c 961c      	ADIW R26,12
00035d 940e 037a 	CALL __ADDW2R15
00035f 940e 0387 	CALL __GETW1P
000361 9508      	RET
                 
                 ;OPTIMIZER ADDED SUBROUTINE, CALLED 2 TIMES, CODE SIZE REDUCTION:3 WORDS
                 SUBOPT_0x6:
000362 940e 0293 	CALL __lcd_write_data
000364 e0a3      	LDI  R26,LOW(3)
000365 e0b0      	LDI  R27,0
000366 940c 0370 	JMP  _delay_ms
                 
                 ;OPTIMIZER ADDED SUBROUTINE, CALLED 3 TIMES, CODE SIZE REDUCTION:7 WORDS
                 SUBOPT_0x7:
000368 e3a0      	LDI  R26,LOW(48)
000369 940e 027f 	CALL __lcd_write_nibble_G101
                +
00036b e184     +LDI R24 , LOW ( 276 )
00036c e091     +LDI R25 , HIGH ( 276 )
                +__DELAY_USW_LOOP :
00036d 9701     +SBIW R24 , 1
00036e f7f1     +BRNE __DELAY_USW_LOOP
                 	__DELAY_USW 276
00036f 9508      	RET
                 
                 
                 	.CSEG
                 _delay_ms:
000370 9610      	adiw r26,0
000371 f039      	breq __delay_ms1
                 __delay_ms0:
                +
000372 ec8d     +LDI R24 , LOW ( 0xACD )
000373 e09a     +LDI R25 , HIGH ( 0xACD )
                +__DELAY_USW_LOOP :
000374 9701     +SBIW R24 , 1
000375 f7f1     +BRNE __DELAY_USW_LOOP
                 	__DELAY_USW 0xACD
000376 95a8      	wdr
000377 9711      	sbiw r26,1
000378 f7c9      	brne __delay_ms0
                 __delay_ms1:
000379 9508      	ret
                 
                 __ADDW2R15:
00037a 2400      	CLR  R0
00037b 0daf      	ADD  R26,R15
00037c 1db0      	ADC  R27,R0
00037d 9508      	RET
                 
                 __ANEGW1:
00037e 95f1      	NEG  R31
00037f 95e1      	NEG  R30
000380 40f0      	SBCI R31,0
000381 9508      	RET
                 
                 __CWD1:
000382 2f6f      	MOV  R22,R31
000383 0f66      	ADD  R22,R22
000384 0b66      	SBC  R22,R22
000385 2f76      	MOV  R23,R22
000386 9508      	RET
                 
                 __GETW1P:
000387 91ed      	LD   R30,X+
000388 91fc      	LD   R31,X
000389 9711      	SBIW R26,1
00038a 9508      	RET
                 
                 __GETW1PF:
00038b 9005      	LPM  R0,Z+
00038c 91f4      	LPM  R31,Z
00038d 2de0      	MOV  R30,R0
00038e 9508      	RET
                 
                 __PUTPARD1:
00038f 937a      	ST   -Y,R23
000390 936a      	ST   -Y,R22
000391 93fa      	ST   -Y,R31
000392 93ea      	ST   -Y,R30
000393 9508      	RET
                 
                 __SAVELOCR6:
000394 935a      	ST   -Y,R21
                 __SAVELOCR5:
000395 934a      	ST   -Y,R20
                 __SAVELOCR4:
000396 933a      	ST   -Y,R19
                 __SAVELOCR3:
000397 932a      	ST   -Y,R18
                 __SAVELOCR2:
000398 931a      	ST   -Y,R17
000399 930a      	ST   -Y,R16
00039a 9508      	RET
                 
                 __LOADLOCR6:
00039b 815d      	LDD  R21,Y+5
                 __LOADLOCR5:
00039c 814c      	LDD  R20,Y+4
                 __LOADLOCR4:
00039d 813b      	LDD  R19,Y+3
                 __LOADLOCR3:
00039e 812a      	LDD  R18,Y+2
                 __LOADLOCR2:
00039f 8119      	LDD  R17,Y+1
0003a0 8108      	LD   R16,Y
0003a1 9508      	RET
                 
                 ;END OF CODE MARKER
                 __END_OF_CODE:


RESOURCE USE INFORMATION
------------------------

Notice:
The register and instruction counts are symbol table hit counts,
and hence implicitly used resources are not counted, eg, the
'lpm' instruction without operands implicitly uses r0 and z,
none of which are counted.

x,y,z are separate entities in the symbol table and are
counted separately from r26..r31 here.

.dseg memory usage only counts static data declared with .byte

ATmega16 register use summary:
r0 :  11 r1 :   1 r2 :   0 r3 :   0 r4 :   3 r5 :   0 r6 :   0 r7 :   0 
r8 :   4 r9 :   4 r10:   0 r11:   2 r12:   0 r13:   0 r14:   0 r15:   4 
r16:  34 r17:  27 r18:  29 r19:   8 r20:   9 r21:  17 r22:  11 r23:   2 
r24:  23 r25:   5 r26: 101 r27:  39 r28:  14 r29:   1 r30: 215 r31:  64 
x  :  23 y  : 180 z  :  16 
Registers used: 26 out of 35 (74.3%)

ATmega16 instruction use summary:
.lds  :   0 .lds.l:   0 .sts  :   0 .sts.l:   0 adc   :   1 add   :   4 
adiw  :  26 and   :   0 andi  :   6 asr   :   0 bclr  :   0 bld   :   0 
brbc  :   0 brbs  :   0 brcc  :   0 brcs  :   0 break :   0 breq  :  18 
brge  :   0 brhc  :   0 brhs  :   0 brid  :   0 brie  :   0 brlo  :   8 
brlt  :   0 brmi  :   1 brne  :  30 brpl  :   1 brsh  :   2 brtc  :   0 
brts  :   0 brvc  :   0 brvs  :   0 bset  :   0 bst   :   0 call  :  54 
cbi   :   5 cbr   :   0 clc   :   0 clh   :   0 cli   :   1 cln   :   0 
clr   :   7 cls   :   0 clt   :   0 clv   :   0 clz   :   0 com   :   0 
cp    :   4 cpc   :   2 cpi   :  34 cpse  :   0 dec   :   5 des   :   0 
eor   :   0 fmul  :   0 fmuls :   0 fmulsu:   0 icall :   2 ijmp  :   0 
in    :   3 inc   :   2 jmp   :  26 ld    :  28 ldd   :  79 ldi   : 103 
lds   :   0 lpm   :  16 lsl   :   0 lsr   :   0 mov   :  21 movw  :  17 
mul   :   1 muls  :   0 mulsu :   0 neg   :   2 nop   :   0 or    :   1 
ori   :   7 out   :  47 pop   :   1 push  :   1 rcall :  15 ret   :  25 
reti  :   1 rjmp  :  58 rol   :   0 ror   :   0 sbc   :   2 sbci  :   2 
sbi   :   5 sbic  :   0 sbis  :   0 sbiw  :  20 sbr   :   0 sbrc  :   2 
sbrs  :  10 sec   :   0 seh   :   0 sei   :   1 sen   :   0 ser   :   0 
ses   :   0 set   :   0 sev   :   0 sez   :   0 sleep :   0 spm   :   0 
st    :  66 std   :  33 sts   :   2 sub   :   1 subi  :  16 swap  :   1 
tst   :   4 wdr   :   1 
Instructions used: 54 out of 116 (46.6%)

ATmega16 memory use summary [bytes]:
Segment   Begin    End      Code   Data   Used    Size   Use%
---------------------------------------------------------------
[.cseg] 0x000000 0x000744   1820     40   1860   16384  11.4%
[.dseg] 0x000060 0x000174      0     20     20    1119   1.8%
[.eseg] 0x000000 0x000000      0      0      0     512   0.0%

Assembly complete, 0 errors, 6 warnings
