
AVRASM ver. 2.1.30  E:\aaaaaaa\CahRahAr\Praktikum9BKPM\percobaan\List\percobaan.asm Mon Apr 23 10:35:09 2018

E:\aaaaaaa\CahRahAr\Praktikum9BKPM\percobaan\List\percobaan.asm(1072): warning: Register r4 already defined by the .DEF directive
E:\aaaaaaa\CahRahAr\Praktikum9BKPM\percobaan\List\percobaan.asm(1073): warning: Register r6 already defined by the .DEF directive
E:\aaaaaaa\CahRahAr\Praktikum9BKPM\percobaan\List\percobaan.asm(1074): warning: Register r9 already defined by the .DEF directive
E:\aaaaaaa\CahRahAr\Praktikum9BKPM\percobaan\List\percobaan.asm(1075): warning: Register r8 already defined by the .DEF directive
E:\aaaaaaa\CahRahAr\Praktikum9BKPM\percobaan\List\percobaan.asm(1076): warning: Register r11 already defined by the .DEF directive
                 
                 
                 ;CodeVisionAVR C Compiler V2.05.3 Standard
                 ;(C) Copyright 1998-2011 Pavel Haiduc, HP InfoTech s.r.l.
                 ;http://www.hpinfotech.com
                 
                 ;Chip type                : ATmega16
                 ;Program type             : Application
                 ;Clock frequency          : 11,059200 MHz
                 ;Memory model             : Small
                 ;Optimize for             : Size
                 ;(s)printf features       : int, width
                 ;(s)scanf features        : int, width
                 ;External RAM size        : 0
                 ;Data Stack size          : 256 byte(s)
                 ;Heap size                : 0 byte(s)
                 ;Promote 'char' to 'int'  : Yes
                 ;'char' is unsigned       : Yes
                 ;8 bit enums              : Yes
                 ;Global 'const' stored in FLASH     : No
                 ;Enhanced function parameter passing: Yes
                 ;Enhanced core instructions         : On
                 ;Smart register allocation          : On
                 ;Automatic register allocation      : On
                 
                 	#pragma AVRPART ADMIN PART_NAME ATmega16
                 	#pragma AVRPART MEMORY PROG_FLASH 16384
                 	#pragma AVRPART MEMORY EEPROM 512
                 	#pragma AVRPART MEMORY INT_SRAM SIZE 1119
                 	#pragma AVRPART MEMORY INT_SRAM START_ADDR 0x60
                 
                 	#define CALL_SUPPORTED 1
                 
                 	.LISTMAC
                 	.EQU UDRE=0x5
                 	.EQU RXC=0x7
                 	.EQU USR=0xB
                 	.EQU UDR=0xC
                 	.EQU SPSR=0xE
                 	.EQU SPDR=0xF
                 	.EQU EERE=0x0
                 	.EQU EEWE=0x1
                 	.EQU EEMWE=0x2
                 	.EQU EECR=0x1C
                 	.EQU EEDR=0x1D
                 	.EQU EEARL=0x1E
                 	.EQU EEARH=0x1F
                 	.EQU WDTCR=0x21
                 	.EQU MCUCR=0x35
                 	.EQU GICR=0x3B
                 	.EQU SPL=0x3D
                 	.EQU SPH=0x3E
                 	.EQU SREG=0x3F
                 
                 	.DEF R0X0=R0
                 	.DEF R0X1=R1
                 	.DEF R0X2=R2
                 	.DEF R0X3=R3
                 	.DEF R0X4=R4
                 	.DEF R0X5=R5
                 	.DEF R0X6=R6
                 	.DEF R0X7=R7
                 	.DEF R0X8=R8
                 	.DEF R0X9=R9
                 	.DEF R0XA=R10
                 	.DEF R0XB=R11
                 	.DEF R0XC=R12
                 	.DEF R0XD=R13
                 	.DEF R0XE=R14
                 	.DEF R0XF=R15
                 	.DEF R0X10=R16
                 	.DEF R0X11=R17
                 	.DEF R0X12=R18
                 	.DEF R0X13=R19
                 	.DEF R0X14=R20
                 	.DEF R0X15=R21
                 	.DEF R0X16=R22
                 	.DEF R0X17=R23
                 	.DEF R0X18=R24
                 	.DEF R0X19=R25
                 	.DEF R0X1A=R26
                 	.DEF R0X1B=R27
                 	.DEF R0X1C=R28
                 	.DEF R0X1D=R29
                 	.DEF R0X1E=R30
                 	.DEF R0X1F=R31
                 
                 	.EQU __SRAM_START=0x0060
                 	.EQU __SRAM_END=0x045F
                 	.EQU __DSTACK_SIZE=0x0100
                 	.EQU __HEAP_SIZE=0x0000
                 	.EQU __CLEAR_SRAM_SIZE=__SRAM_END-__SRAM_START+1
                 
                 	.MACRO __CPD1N
                 	CPI  R30,LOW(@0)
                 	LDI  R26,HIGH(@0)
                 	CPC  R31,R26
                 	LDI  R26,BYTE3(@0)
                 	CPC  R22,R26
                 	LDI  R26,BYTE4(@0)
                 	CPC  R23,R26
                 	.ENDM
                 
                 	.MACRO __CPD2N
                 	CPI  R26,LOW(@0)
                 	LDI  R30,HIGH(@0)
                 	CPC  R27,R30
                 	LDI  R30,BYTE3(@0)
                 	CPC  R24,R30
                 	LDI  R30,BYTE4(@0)
                 	CPC  R25,R30
                 	.ENDM
                 
                 	.MACRO __CPWRR
                 	CP   R@0,R@2
                 	CPC  R@1,R@3
                 	.ENDM
                 
                 	.MACRO __CPWRN
                 	CPI  R@0,LOW(@2)
                 	LDI  R30,HIGH(@2)
                 	CPC  R@1,R30
                 	.ENDM
                 
                 	.MACRO __ADDB1MN
                 	SUBI R30,LOW(-@0-(@1))
                 	.ENDM
                 
                 	.MACRO __ADDB2MN
                 	SUBI R26,LOW(-@0-(@1))
                 	.ENDM
                 
                 	.MACRO __ADDW1MN
                 	SUBI R30,LOW(-@0-(@1))
                 	SBCI R31,HIGH(-@0-(@1))
                 	.ENDM
                 
                 	.MACRO __ADDW2MN
                 	SUBI R26,LOW(-@0-(@1))
                 	SBCI R27,HIGH(-@0-(@1))
                 	.ENDM
                 
                 	.MACRO __ADDW1FN
                 	SUBI R30,LOW(-2*@0-(@1))
                 	SBCI R31,HIGH(-2*@0-(@1))
                 	.ENDM
                 
                 	.MACRO __ADDD1FN
                 	SUBI R30,LOW(-2*@0-(@1))
                 	SBCI R31,HIGH(-2*@0-(@1))
                 	SBCI R22,BYTE3(-2*@0-(@1))
                 	.ENDM
                 
                 	.MACRO __ADDD1N
                 	SUBI R30,LOW(-@0)
                 	SBCI R31,HIGH(-@0)
                 	SBCI R22,BYTE3(-@0)
                 	SBCI R23,BYTE4(-@0)
                 	.ENDM
                 
                 	.MACRO __ADDD2N
                 	SUBI R26,LOW(-@0)
                 	SBCI R27,HIGH(-@0)
                 	SBCI R24,BYTE3(-@0)
                 	SBCI R25,BYTE4(-@0)
                 	.ENDM
                 
                 	.MACRO __SUBD1N
                 	SUBI R30,LOW(@0)
                 	SBCI R31,HIGH(@0)
                 	SBCI R22,BYTE3(@0)
                 	SBCI R23,BYTE4(@0)
                 	.ENDM
                 
                 	.MACRO __SUBD2N
                 	SUBI R26,LOW(@0)
                 	SBCI R27,HIGH(@0)
                 	SBCI R24,BYTE3(@0)
                 	SBCI R25,BYTE4(@0)
                 	.ENDM
                 
                 	.MACRO __ANDBMNN
                 	LDS  R30,@0+(@1)
                 	ANDI R30,LOW(@2)
                 	STS  @0+(@1),R30
                 	.ENDM
                 
                 	.MACRO __ANDWMNN
                 	LDS  R30,@0+(@1)
                 	ANDI R30,LOW(@2)
                 	STS  @0+(@1),R30
                 	LDS  R30,@0+(@1)+1
                 	ANDI R30,HIGH(@2)
                 	STS  @0+(@1)+1,R30
                 	.ENDM
                 
                 	.MACRO __ANDD1N
                 	ANDI R30,LOW(@0)
                 	ANDI R31,HIGH(@0)
                 	ANDI R22,BYTE3(@0)
                 	ANDI R23,BYTE4(@0)
                 	.ENDM
                 
                 	.MACRO __ANDD2N
                 	ANDI R26,LOW(@0)
                 	ANDI R27,HIGH(@0)
                 	ANDI R24,BYTE3(@0)
                 	ANDI R25,BYTE4(@0)
                 	.ENDM
                 
                 	.MACRO __ORBMNN
                 	LDS  R30,@0+(@1)
                 	ORI  R30,LOW(@2)
                 	STS  @0+(@1),R30
                 	.ENDM
                 
                 	.MACRO __ORWMNN
                 	LDS  R30,@0+(@1)
                 	ORI  R30,LOW(@2)
                 	STS  @0+(@1),R30
                 	LDS  R30,@0+(@1)+1
                 	ORI  R30,HIGH(@2)
                 	STS  @0+(@1)+1,R30
                 	.ENDM
                 
                 	.MACRO __ORD1N
                 	ORI  R30,LOW(@0)
                 	ORI  R31,HIGH(@0)
                 	ORI  R22,BYTE3(@0)
                 	ORI  R23,BYTE4(@0)
                 	.ENDM
                 
                 	.MACRO __ORD2N
                 	ORI  R26,LOW(@0)
                 	ORI  R27,HIGH(@0)
                 	ORI  R24,BYTE3(@0)
                 	ORI  R25,BYTE4(@0)
                 	.ENDM
                 
                 	.MACRO __DELAY_USB
                 	LDI  R24,LOW(@0)
                 __DELAY_USB_LOOP:
                 	DEC  R24
                 	BRNE __DELAY_USB_LOOP
                 	.ENDM
                 
                 	.MACRO __DELAY_USW
                 	LDI  R24,LOW(@0)
                 	LDI  R25,HIGH(@0)
                 __DELAY_USW_LOOP:
                 	SBIW R24,1
                 	BRNE __DELAY_USW_LOOP
                 	.ENDM
                 
                 	.MACRO __GETD1S
                 	LDD  R30,Y+@0
                 	LDD  R31,Y+@0+1
                 	LDD  R22,Y+@0+2
                 	LDD  R23,Y+@0+3
                 	.ENDM
                 
                 	.MACRO __GETD2S
                 	LDD  R26,Y+@0
                 	LDD  R27,Y+@0+1
                 	LDD  R24,Y+@0+2
                 	LDD  R25,Y+@0+3
                 	.ENDM
                 
                 	.MACRO __PUTD1S
                 	STD  Y+@0,R30
                 	STD  Y+@0+1,R31
                 	STD  Y+@0+2,R22
                 	STD  Y+@0+3,R23
                 	.ENDM
                 
                 	.MACRO __PUTD2S
                 	STD  Y+@0,R26
                 	STD  Y+@0+1,R27
                 	STD  Y+@0+2,R24
                 	STD  Y+@0+3,R25
                 	.ENDM
                 
                 	.MACRO __PUTDZ2
                 	STD  Z+@0,R26
                 	STD  Z+@0+1,R27
                 	STD  Z+@0+2,R24
                 	STD  Z+@0+3,R25
                 	.ENDM
                 
                 	.MACRO __CLRD1S
                 	STD  Y+@0,R30
                 	STD  Y+@0+1,R30
                 	STD  Y+@0+2,R30
                 	STD  Y+@0+3,R30
                 	.ENDM
                 
                 	.MACRO __POINTB1MN
                 	LDI  R30,LOW(@0+(@1))
                 	.ENDM
                 
                 	.MACRO __POINTW1MN
                 	LDI  R30,LOW(@0+(@1))
                 	LDI  R31,HIGH(@0+(@1))
                 	.ENDM
                 
                 	.MACRO __POINTD1M
                 	LDI  R30,LOW(@0)
                 	LDI  R31,HIGH(@0)
                 	LDI  R22,BYTE3(@0)
                 	LDI  R23,BYTE4(@0)
                 	.ENDM
                 
                 	.MACRO __POINTW1FN
                 	LDI  R30,LOW(2*@0+(@1))
                 	LDI  R31,HIGH(2*@0+(@1))
                 	.ENDM
                 
                 	.MACRO __POINTD1FN
                 	LDI  R30,LOW(2*@0+(@1))
                 	LDI  R31,HIGH(2*@0+(@1))
                 	LDI  R22,BYTE3(2*@0+(@1))
                 	LDI  R23,BYTE4(2*@0+(@1))
                 	.ENDM
                 
                 	.MACRO __POINTB2MN
                 	LDI  R26,LOW(@0+(@1))
                 	.ENDM
                 
                 	.MACRO __POINTW2MN
                 	LDI  R26,LOW(@0+(@1))
                 	LDI  R27,HIGH(@0+(@1))
                 	.ENDM
                 
                 	.MACRO __POINTW2FN
                 	LDI  R26,LOW(2*@0+(@1))
                 	LDI  R27,HIGH(2*@0+(@1))
                 	.ENDM
                 
                 	.MACRO __POINTD2FN
                 	LDI  R26,LOW(2*@0+(@1))
                 	LDI  R27,HIGH(2*@0+(@1))
                 	LDI  R24,BYTE3(2*@0+(@1))
                 	LDI  R25,BYTE4(2*@0+(@1))
                 	.ENDM
                 
                 	.MACRO __POINTBRM
                 	LDI  R@0,LOW(@1)
                 	.ENDM
                 
                 	.MACRO __POINTWRM
                 	LDI  R@0,LOW(@2)
                 	LDI  R@1,HIGH(@2)
                 	.ENDM
                 
                 	.MACRO __POINTBRMN
                 	LDI  R@0,LOW(@1+(@2))
                 	.ENDM
                 
                 	.MACRO __POINTWRMN
                 	LDI  R@0,LOW(@2+(@3))
                 	LDI  R@1,HIGH(@2+(@3))
                 	.ENDM
                 
                 	.MACRO __POINTWRFN
                 	LDI  R@0,LOW(@2*2+(@3))
                 	LDI  R@1,HIGH(@2*2+(@3))
                 	.ENDM
                 
                 	.MACRO __GETD1N
                 	LDI  R30,LOW(@0)
                 	LDI  R31,HIGH(@0)
                 	LDI  R22,BYTE3(@0)
                 	LDI  R23,BYTE4(@0)
                 	.ENDM
                 
                 	.MACRO __GETD2N
                 	LDI  R26,LOW(@0)
                 	LDI  R27,HIGH(@0)
                 	LDI  R24,BYTE3(@0)
                 	LDI  R25,BYTE4(@0)
                 	.ENDM
                 
                 	.MACRO __GETB1MN
                 	LDS  R30,@0+(@1)
                 	.ENDM
                 
                 	.MACRO __GETB1HMN
                 	LDS  R31,@0+(@1)
                 	.ENDM
                 
                 	.MACRO __GETW1MN
                 	LDS  R30,@0+(@1)
                 	LDS  R31,@0+(@1)+1
                 	.ENDM
                 
                 	.MACRO __GETD1MN
                 	LDS  R30,@0+(@1)
                 	LDS  R31,@0+(@1)+1
                 	LDS  R22,@0+(@1)+2
                 	LDS  R23,@0+(@1)+3
                 	.ENDM
                 
                 	.MACRO __GETBRMN
                 	LDS  R@0,@1+(@2)
                 	.ENDM
                 
                 	.MACRO __GETWRMN
                 	LDS  R@0,@2+(@3)
                 	LDS  R@1,@2+(@3)+1
                 	.ENDM
                 
                 	.MACRO __GETWRZ
                 	LDD  R@0,Z+@2
                 	LDD  R@1,Z+@2+1
                 	.ENDM
                 
                 	.MACRO __GETD2Z
                 	LDD  R26,Z+@0
                 	LDD  R27,Z+@0+1
                 	LDD  R24,Z+@0+2
                 	LDD  R25,Z+@0+3
                 	.ENDM
                 
                 	.MACRO __GETB2MN
                 	LDS  R26,@0+(@1)
                 	.ENDM
                 
                 	.MACRO __GETW2MN
                 	LDS  R26,@0+(@1)
                 	LDS  R27,@0+(@1)+1
                 	.ENDM
                 
                 	.MACRO __GETD2MN
                 	LDS  R26,@0+(@1)
                 	LDS  R27,@0+(@1)+1
                 	LDS  R24,@0+(@1)+2
                 	LDS  R25,@0+(@1)+3
                 	.ENDM
                 
                 	.MACRO __PUTB1MN
                 	STS  @0+(@1),R30
                 	.ENDM
                 
                 	.MACRO __PUTW1MN
                 	STS  @0+(@1),R30
                 	STS  @0+(@1)+1,R31
                 	.ENDM
                 
                 	.MACRO __PUTD1MN
                 	STS  @0+(@1),R30
                 	STS  @0+(@1)+1,R31
                 	STS  @0+(@1)+2,R22
                 	STS  @0+(@1)+3,R23
                 	.ENDM
                 
                 	.MACRO __PUTB1EN
                 	LDI  R26,LOW(@0+(@1))
                 	LDI  R27,HIGH(@0+(@1))
                 	CALL __EEPROMWRB
                 	.ENDM
                 
                 	.MACRO __PUTW1EN
                 	LDI  R26,LOW(@0+(@1))
                 	LDI  R27,HIGH(@0+(@1))
                 	CALL __EEPROMWRW
                 	.ENDM
                 
                 	.MACRO __PUTD1EN
                 	LDI  R26,LOW(@0+(@1))
                 	LDI  R27,HIGH(@0+(@1))
                 	CALL __EEPROMWRD
                 	.ENDM
                 
                 	.MACRO __PUTBR0MN
                 	STS  @0+(@1),R0
                 	.ENDM
                 
                 	.MACRO __PUTBMRN
                 	STS  @0+(@1),R@2
                 	.ENDM
                 
                 	.MACRO __PUTWMRN
                 	STS  @0+(@1),R@2
                 	STS  @0+(@1)+1,R@3
                 	.ENDM
                 
                 	.MACRO __PUTBZR
                 	STD  Z+@1,R@0
                 	.ENDM
                 
                 	.MACRO __PUTWZR
                 	STD  Z+@2,R@0
                 	STD  Z+@2+1,R@1
                 	.ENDM
                 
                 	.MACRO __GETW1R
                 	MOV  R30,R@0
                 	MOV  R31,R@1
                 	.ENDM
                 
                 	.MACRO __GETW2R
                 	MOV  R26,R@0
                 	MOV  R27,R@1
                 	.ENDM
                 
                 	.MACRO __GETWRN
                 	LDI  R@0,LOW(@2)
                 	LDI  R@1,HIGH(@2)
                 	.ENDM
                 
                 	.MACRO __PUTW1R
                 	MOV  R@0,R30
                 	MOV  R@1,R31
                 	.ENDM
                 
                 	.MACRO __PUTW2R
                 	MOV  R@0,R26
                 	MOV  R@1,R27
                 	.ENDM
                 
                 	.MACRO __ADDWRN
                 	SUBI R@0,LOW(-@2)
                 	SBCI R@1,HIGH(-@2)
                 	.ENDM
                 
                 	.MACRO __ADDWRR
                 	ADD  R@0,R@2
                 	ADC  R@1,R@3
                 	.ENDM
                 
                 	.MACRO __SUBWRN
                 	SUBI R@0,LOW(@2)
                 	SBCI R@1,HIGH(@2)
                 	.ENDM
                 
                 	.MACRO __SUBWRR
                 	SUB  R@0,R@2
                 	SBC  R@1,R@3
                 	.ENDM
                 
                 	.MACRO __ANDWRN
                 	ANDI R@0,LOW(@2)
                 	ANDI R@1,HIGH(@2)
                 	.ENDM
                 
                 	.MACRO __ANDWRR
                 	AND  R@0,R@2
                 	AND  R@1,R@3
                 	.ENDM
                 
                 	.MACRO __ORWRN
                 	ORI  R@0,LOW(@2)
                 	ORI  R@1,HIGH(@2)
                 	.ENDM
                 
                 	.MACRO __ORWRR
                 	OR   R@0,R@2
                 	OR   R@1,R@3
                 	.ENDM
                 
                 	.MACRO __EORWRR
                 	EOR  R@0,R@2
                 	EOR  R@1,R@3
                 	.ENDM
                 
                 	.MACRO __GETWRS
                 	LDD  R@0,Y+@2
                 	LDD  R@1,Y+@2+1
                 	.ENDM
                 
                 	.MACRO __PUTBSR
                 	STD  Y+@1,R@0
                 	.ENDM
                 
                 	.MACRO __PUTWSR
                 	STD  Y+@2,R@0
                 	STD  Y+@2+1,R@1
                 	.ENDM
                 
                 	.MACRO __MOVEWRR
                 	MOV  R@0,R@2
                 	MOV  R@1,R@3
                 	.ENDM
                 
                 	.MACRO __INWR
                 	IN   R@0,@2
                 	IN   R@1,@2+1
                 	.ENDM
                 
                 	.MACRO __OUTWR
                 	OUT  @2+1,R@1
                 	OUT  @2,R@0
                 	.ENDM
                 
                 	.MACRO __CALL1MN
                 	LDS  R30,@0+(@1)
                 	LDS  R31,@0+(@1)+1
                 	ICALL
                 	.ENDM
                 
                 	.MACRO __CALL1FN
                 	LDI  R30,LOW(2*@0+(@1))
                 	LDI  R31,HIGH(2*@0+(@1))
                 	CALL __GETW1PF
                 	ICALL
                 	.ENDM
                 
                 	.MACRO __CALL2EN
                 	LDI  R26,LOW(@0+(@1))
                 	LDI  R27,HIGH(@0+(@1))
                 	CALL __EEPROMRDW
                 	ICALL
                 	.ENDM
                 
                 	.MACRO __GETW1STACK
                 	IN   R26,SPL
                 	IN   R27,SPH
                 	ADIW R26,@0+1
                 	LD   R30,X+
                 	LD   R31,X
                 	.ENDM
                 
                 	.MACRO __GETD1STACK
                 	IN   R26,SPL
                 	IN   R27,SPH
                 	ADIW R26,@0+1
                 	LD   R30,X+
                 	LD   R31,X+
                 	LD   R22,X
                 	.ENDM
                 
                 	.MACRO __NBST
                 	BST  R@0,@1
                 	IN   R30,SREG
                 	LDI  R31,0x40
                 	EOR  R30,R31
                 	OUT  SREG,R30
                 	.ENDM
                 
                 
                 	.MACRO __PUTB1SN
                 	LDD  R26,Y+@0
                 	LDD  R27,Y+@0+1
                 	SUBI R26,LOW(-@1)
                 	SBCI R27,HIGH(-@1)
                 	ST   X,R30
                 	.ENDM
                 
                 	.MACRO __PUTW1SN
                 	LDD  R26,Y+@0
                 	LDD  R27,Y+@0+1
                 	SUBI R26,LOW(-@1)
                 	SBCI R27,HIGH(-@1)
                 	ST   X+,R30
                 	ST   X,R31
                 	.ENDM
                 
                 	.MACRO __PUTD1SN
                 	LDD  R26,Y+@0
                 	LDD  R27,Y+@0+1
                 	SUBI R26,LOW(-@1)
                 	SBCI R27,HIGH(-@1)
                 	CALL __PUTDP1
                 	.ENDM
                 
                 	.MACRO __PUTB1SNS
                 	LDD  R26,Y+@0
                 	LDD  R27,Y+@0+1
                 	ADIW R26,@1
                 	ST   X,R30
                 	.ENDM
                 
                 	.MACRO __PUTW1SNS
                 	LDD  R26,Y+@0
                 	LDD  R27,Y+@0+1
                 	ADIW R26,@1
                 	ST   X+,R30
                 	ST   X,R31
                 	.ENDM
                 
                 	.MACRO __PUTD1SNS
                 	LDD  R26,Y+@0
                 	LDD  R27,Y+@0+1
                 	ADIW R26,@1
                 	CALL __PUTDP1
                 	.ENDM
                 
                 	.MACRO __PUTB1PMN
                 	LDS  R26,@0
                 	LDS  R27,@0+1
                 	SUBI R26,LOW(-@1)
                 	SBCI R27,HIGH(-@1)
                 	ST   X,R30
                 	.ENDM
                 
                 	.MACRO __PUTW1PMN
                 	LDS  R26,@0
                 	LDS  R27,@0+1
                 	SUBI R26,LOW(-@1)
                 	SBCI R27,HIGH(-@1)
                 	ST   X+,R30
                 	ST   X,R31
                 	.ENDM
                 
                 	.MACRO __PUTD1PMN
                 	LDS  R26,@0
                 	LDS  R27,@0+1
                 	SUBI R26,LOW(-@1)
                 	SBCI R27,HIGH(-@1)
                 	CALL __PUTDP1
                 	.ENDM
                 
                 	.MACRO __PUTB1PMNS
                 	LDS  R26,@0
                 	LDS  R27,@0+1
                 	ADIW R26,@1
                 	ST   X,R30
                 	.ENDM
                 
                 	.MACRO __PUTW1PMNS
                 	LDS  R26,@0
                 	LDS  R27,@0+1
                 	ADIW R26,@1
                 	ST   X+,R30
                 	ST   X,R31
                 	.ENDM
                 
                 	.MACRO __PUTD1PMNS
                 	LDS  R26,@0
                 	LDS  R27,@0+1
                 	ADIW R26,@1
                 	CALL __PUTDP1
                 	.ENDM
                 
                 	.MACRO __PUTB1RN
                 	MOVW R26,R@0
                 	SUBI R26,LOW(-@1)
                 	SBCI R27,HIGH(-@1)
                 	ST   X,R30
                 	.ENDM
                 
                 	.MACRO __PUTW1RN
                 	MOVW R26,R@0
                 	SUBI R26,LOW(-@1)
                 	SBCI R27,HIGH(-@1)
                 	ST   X+,R30
                 	ST   X,R31
                 	.ENDM
                 
                 	.MACRO __PUTD1RN
                 	MOVW R26,R@0
                 	SUBI R26,LOW(-@1)
                 	SBCI R27,HIGH(-@1)
                 	CALL __PUTDP1
                 	.ENDM
                 
                 	.MACRO __PUTB1RNS
                 	MOVW R26,R@0
                 	ADIW R26,@1
                 	ST   X,R30
                 	.ENDM
                 
                 	.MACRO __PUTW1RNS
                 	MOVW R26,R@0
                 	ADIW R26,@1
                 	ST   X+,R30
                 	ST   X,R31
                 	.ENDM
                 
                 	.MACRO __PUTD1RNS
                 	MOVW R26,R@0
                 	ADIW R26,@1
                 	CALL __PUTDP1
                 	.ENDM
                 
                 	.MACRO __PUTB1RON
                 	MOV  R26,R@0
                 	MOV  R27,R@1
                 	SUBI R26,LOW(-@2)
                 	SBCI R27,HIGH(-@2)
                 	ST   X,R30
                 	.ENDM
                 
                 	.MACRO __PUTW1RON
                 	MOV  R26,R@0
                 	MOV  R27,R@1
                 	SUBI R26,LOW(-@2)
                 	SBCI R27,HIGH(-@2)
                 	ST   X+,R30
                 	ST   X,R31
                 	.ENDM
                 
                 	.MACRO __PUTD1RON
                 	MOV  R26,R@0
                 	MOV  R27,R@1
                 	SUBI R26,LOW(-@2)
                 	SBCI R27,HIGH(-@2)
                 	CALL __PUTDP1
                 	.ENDM
                 
                 	.MACRO __PUTB1RONS
                 	MOV  R26,R@0
                 	MOV  R27,R@1
                 	ADIW R26,@2
                 	ST   X,R30
                 	.ENDM
                 
                 	.MACRO __PUTW1RONS
                 	MOV  R26,R@0
                 	MOV  R27,R@1
                 	ADIW R26,@2
                 	ST   X+,R30
                 	ST   X,R31
                 	.ENDM
                 
                 	.MACRO __PUTD1RONS
                 	MOV  R26,R@0
                 	MOV  R27,R@1
                 	ADIW R26,@2
                 	CALL __PUTDP1
                 	.ENDM
                 
                 
                 	.MACRO __GETB1SX
                 	MOVW R30,R28
                 	SUBI R30,LOW(-@0)
                 	SBCI R31,HIGH(-@0)
                 	LD   R30,Z
                 	.ENDM
                 
                 	.MACRO __GETB1HSX
                 	MOVW R30,R28
                 	SUBI R30,LOW(-@0)
                 	SBCI R31,HIGH(-@0)
                 	LD   R31,Z
                 	.ENDM
                 
                 	.MACRO __GETW1SX
                 	MOVW R30,R28
                 	SUBI R30,LOW(-@0)
                 	SBCI R31,HIGH(-@0)
                 	LD   R0,Z+
                 	LD   R31,Z
                 	MOV  R30,R0
                 	.ENDM
                 
                 	.MACRO __GETD1SX
                 	MOVW R30,R28
                 	SUBI R30,LOW(-@0)
                 	SBCI R31,HIGH(-@0)
                 	LD   R0,Z+
                 	LD   R1,Z+
                 	LD   R22,Z+
                 	LD   R23,Z
                 	MOVW R30,R0
                 	.ENDM
                 
                 	.MACRO __GETB2SX
                 	MOVW R26,R28
                 	SUBI R26,LOW(-@0)
                 	SBCI R27,HIGH(-@0)
                 	LD   R26,X
                 	.ENDM
                 
                 	.MACRO __GETW2SX
                 	MOVW R26,R28
                 	SUBI R26,LOW(-@0)
                 	SBCI R27,HIGH(-@0)
                 	LD   R0,X+
                 	LD   R27,X
                 	MOV  R26,R0
                 	.ENDM
                 
                 	.MACRO __GETD2SX
                 	MOVW R26,R28
                 	SUBI R26,LOW(-@0)
                 	SBCI R27,HIGH(-@0)
                 	LD   R0,X+
                 	LD   R1,X+
                 	LD   R24,X+
                 	LD   R25,X
                 	MOVW R26,R0
                 	.ENDM
                 
                 	.MACRO __GETBRSX
                 	MOVW R30,R28
                 	SUBI R30,LOW(-@1)
                 	SBCI R31,HIGH(-@1)
                 	LD   R@0,Z
                 	.ENDM
                 
                 	.MACRO __GETWRSX
                 	MOVW R30,R28
                 	SUBI R30,LOW(-@2)
                 	SBCI R31,HIGH(-@2)
                 	LD   R@0,Z+
                 	LD   R@1,Z
                 	.ENDM
                 
                 	.MACRO __GETBRSX2
                 	MOVW R26,R28
                 	SUBI R26,LOW(-@1)
                 	SBCI R27,HIGH(-@1)
                 	LD   R@0,X
                 	.ENDM
                 
                 	.MACRO __GETWRSX2
                 	MOVW R26,R28
                 	SUBI R26,LOW(-@2)
                 	SBCI R27,HIGH(-@2)
                 	LD   R@0,X+
                 	LD   R@1,X
                 	.ENDM
                 
                 	.MACRO __LSLW8SX
                 	MOVW R30,R28
                 	SUBI R30,LOW(-@0)
                 	SBCI R31,HIGH(-@0)
                 	LD   R31,Z
                 	CLR  R30
                 	.ENDM
                 
                 	.MACRO __PUTB1SX
                 	MOVW R26,R28
                 	SUBI R26,LOW(-@0)
                 	SBCI R27,HIGH(-@0)
                 	ST   X,R30
                 	.ENDM
                 
                 	.MACRO __PUTW1SX
                 	MOVW R26,R28
                 	SUBI R26,LOW(-@0)
                 	SBCI R27,HIGH(-@0)
                 	ST   X+,R30
                 	ST   X,R31
                 	.ENDM
                 
                 	.MACRO __PUTD1SX
                 	MOVW R26,R28
                 	SUBI R26,LOW(-@0)
                 	SBCI R27,HIGH(-@0)
                 	ST   X+,R30
                 	ST   X+,R31
                 	ST   X+,R22
                 	ST   X,R23
                 	.ENDM
                 
                 	.MACRO __CLRW1SX
                 	MOVW R26,R28
                 	SUBI R26,LOW(-@0)
                 	SBCI R27,HIGH(-@0)
                 	ST   X+,R30
                 	ST   X,R30
                 	.ENDM
                 
                 	.MACRO __CLRD1SX
                 	MOVW R26,R28
                 	SUBI R26,LOW(-@0)
                 	SBCI R27,HIGH(-@0)
                 	ST   X+,R30
                 	ST   X+,R30
                 	ST   X+,R30
                 	ST   X,R30
                 	.ENDM
                 
                 	.MACRO __PUTB2SX
                 	MOVW R30,R28
                 	SUBI R30,LOW(-@0)
                 	SBCI R31,HIGH(-@0)
                 	ST   Z,R26
                 	.ENDM
                 
                 	.MACRO __PUTW2SX
                 	MOVW R30,R28
                 	SUBI R30,LOW(-@0)
                 	SBCI R31,HIGH(-@0)
                 	ST   Z+,R26
                 	ST   Z,R27
                 	.ENDM
                 
                 	.MACRO __PUTD2SX
                 	MOVW R30,R28
                 	SUBI R30,LOW(-@0)
                 	SBCI R31,HIGH(-@0)
                 	ST   Z+,R26
                 	ST   Z+,R27
                 	ST   Z+,R24
                 	ST   Z,R25
                 	.ENDM
                 
                 	.MACRO __PUTBSRX
                 	MOVW R30,R28
                 	SUBI R30,LOW(-@1)
                 	SBCI R31,HIGH(-@1)
                 	ST   Z,R@0
                 	.ENDM
                 
                 	.MACRO __PUTWSRX
                 	MOVW R30,R28
                 	SUBI R30,LOW(-@2)
                 	SBCI R31,HIGH(-@2)
                 	ST   Z+,R@0
                 	ST   Z,R@1
                 	.ENDM
                 
                 	.MACRO __PUTB1SNX
                 	MOVW R26,R28
                 	SUBI R26,LOW(-@0)
                 	SBCI R27,HIGH(-@0)
                 	LD   R0,X+
                 	LD   R27,X
                 	MOV  R26,R0
                 	SUBI R26,LOW(-@1)
                 	SBCI R27,HIGH(-@1)
                 	ST   X,R30
                 	.ENDM
                 
                 	.MACRO __PUTW1SNX
                 	MOVW R26,R28
                 	SUBI R26,LOW(-@0)
                 	SBCI R27,HIGH(-@0)
                 	LD   R0,X+
                 	LD   R27,X
                 	MOV  R26,R0
                 	SUBI R26,LOW(-@1)
                 	SBCI R27,HIGH(-@1)
                 	ST   X+,R30
                 	ST   X,R31
                 	.ENDM
                 
                 	.MACRO __PUTD1SNX
                 	MOVW R26,R28
                 	SUBI R26,LOW(-@0)
                 	SBCI R27,HIGH(-@0)
                 	LD   R0,X+
                 	LD   R27,X
                 	MOV  R26,R0
                 	SUBI R26,LOW(-@1)
                 	SBCI R27,HIGH(-@1)
                 	ST   X+,R30
                 	ST   X+,R31
                 	ST   X+,R22
                 	ST   X,R23
                 	.ENDM
                 
                 	.MACRO __MULBRR
                 	MULS R@0,R@1
                 	MOVW R30,R0
                 	.ENDM
                 
                 	.MACRO __MULBRRU
                 	MUL  R@0,R@1
                 	MOVW R30,R0
                 	.ENDM
                 
                 	.MACRO __MULBRR0
                 	MULS R@0,R@1
                 	.ENDM
                 
                 	.MACRO __MULBRRU0
                 	MUL  R@0,R@1
                 	.ENDM
                 
                 	.MACRO __MULBNWRU
                 	LDI  R26,@2
                 	MUL  R26,R@0
                 	MOVW R30,R0
                 	MUL  R26,R@1
                 	ADD  R31,R0
                 	.ENDM
                 
                 ;NAME DEFINITIONS FOR GLOBAL VARIABLES ALLOCATED TO REGISTERS
                 	.DEF _data=R4
                 	.DEF _jumlah=R6
                 	.DEF __lcd_x=R9
                 	.DEF __lcd_y=R8
                 	.DEF __lcd_maxx=R11
                 
                 	.CSEG
                 	.ORG 0x00
                 
                 ;START OF CODE MARKER
                 __START_OF_CODE:
                 
                 ;INTERRUPT VECTORS
000000 940c 003b 	JMP  __RESET
000002 940c 0000 	JMP  0x00
000004 940c 0000 	JMP  0x00
000006 940c 0000 	JMP  0x00
000008 940c 0000 	JMP  0x00
00000a 940c 0000 	JMP  0x00
00000c 940c 0000 	JMP  0x00
00000e 940c 0000 	JMP  0x00
000010 940c 0000 	JMP  0x00
000012 940c 006b 	JMP  _timer0_ovf_isr
000014 940c 0000 	JMP  0x00
000016 940c 0000 	JMP  0x00
000018 940c 0000 	JMP  0x00
00001a 940c 0000 	JMP  0x00
00001c 940c 0000 	JMP  0x00
00001e 940c 0000 	JMP  0x00
000020 940c 0000 	JMP  0x00
000022 940c 0000 	JMP  0x00
000024 940c 0000 	JMP  0x00
000026 940c 0000 	JMP  0x00
000028 940c 0000 	JMP  0x00
                 
                 _0x0:
00002a 6164
00002b 6174
00002c 003d      	.DB  0x64,0x61,0x74,0x61,0x3D,0x0
                 _0x2000060:
E:\aaaaaaa\CahRahAr\Praktikum9BKPM\percobaan\List\percobaan.asm(1110): warning: .cseg .db misalignment - padding zero byte
00002d 0001      	.DB  0x1
                 _0x2000000:
00002e 4e2d
00002f 4e41
000030 4900
000031 464e      	.DB  0x2D,0x4E,0x41,0x4E,0x0,0x49,0x4E,0x46
E:\aaaaaaa\CahRahAr\Praktikum9BKPM\percobaan\List\percobaan.asm(1113): warning: .cseg .db misalignment - padding zero byte
000032 0000      	.DB  0x0
                 _0x2020003:
000033 c080      	.DB  0x80,0xC0
                 
                 __GLOBAL_INI_TBL:
000034 0001      	.DW  0x01
000035 0170      	.DW  __seed_G100
000036 005a      	.DW  _0x2000060*2
                 
000037 0002      	.DW  0x02
000038 0174      	.DW  __base_y_G101
000039 0066      	.DW  _0x2020003*2
                 
                 _0xFFFFFFFF:
00003a 0000      	.DW  0
                 
                 __RESET:
00003b 94f8      	CLI
00003c 27ee      	CLR  R30
00003d bbec      	OUT  EECR,R30
                 
                 ;INTERRUPT VECTORS ARE PLACED
                 ;AT THE START OF FLASH
00003e e0f1      	LDI  R31,1
00003f bffb      	OUT  GICR,R31
000040 bfeb      	OUT  GICR,R30
000041 bfe5      	OUT  MCUCR,R30
                 
                 ;DISABLE WATCHDOG
000042 e1f8      	LDI  R31,0x18
000043 bdf1      	OUT  WDTCR,R31
000044 bde1      	OUT  WDTCR,R30
                 
                 ;CLEAR R2-R14
000045 e08d      	LDI  R24,(14-2)+1
000046 e0a2      	LDI  R26,2
000047 27bb      	CLR  R27
                 __CLEAR_REG:
000048 93ed      	ST   X+,R30
000049 958a      	DEC  R24
00004a f7e9      	BRNE __CLEAR_REG
                 
                 ;CLEAR SRAM
00004b e080      	LDI  R24,LOW(__CLEAR_SRAM_SIZE)
00004c e094      	LDI  R25,HIGH(__CLEAR_SRAM_SIZE)
00004d e6a0      	LDI  R26,__SRAM_START
                 __CLEAR_SRAM:
00004e 93ed      	ST   X+,R30
00004f 9701      	SBIW R24,1
000050 f7e9      	BRNE __CLEAR_SRAM
                 
                 ;GLOBAL VARIABLES INITIALIZATION
000051 e6e8      	LDI  R30,LOW(__GLOBAL_INI_TBL*2)
000052 e0f0      	LDI  R31,HIGH(__GLOBAL_INI_TBL*2)
                 __GLOBAL_INI_NEXT:
000053 9185      	LPM  R24,Z+
000054 9195      	LPM  R25,Z+
000055 9700      	SBIW R24,0
000056 f061      	BREQ __GLOBAL_INI_END
000057 91a5      	LPM  R26,Z+
000058 91b5      	LPM  R27,Z+
000059 9005      	LPM  R0,Z+
00005a 9015      	LPM  R1,Z+
00005b 01bf      	MOVW R22,R30
00005c 01f0      	MOVW R30,R0
                 __GLOBAL_INI_LOOP:
00005d 9005      	LPM  R0,Z+
00005e 920d      	ST   X+,R0
00005f 9701      	SBIW R24,1
000060 f7e1      	BRNE __GLOBAL_INI_LOOP
000061 01fb      	MOVW R30,R22
000062 cff0      	RJMP __GLOBAL_INI_NEXT
                 __GLOBAL_INI_END:
                 
                 ;HARDWARE STACK POINTER INITIALIZATION
000063 e5ef      	LDI  R30,LOW(__SRAM_END-__HEAP_SIZE)
000064 bfed      	OUT  SPL,R30
000065 e0e4      	LDI  R30,HIGH(__SRAM_END-__HEAP_SIZE)
000066 bfee      	OUT  SPH,R30
                 
                 ;DATA STACK POINTER INITIALIZATION
000067 e6c0      	LDI  R28,LOW(__SRAM_START+__DSTACK_SIZE)
000068 e0d1      	LDI  R29,HIGH(__SRAM_START+__DSTACK_SIZE)
                 
000069 940c 0093 	JMP  _main
                 
                 	.ESEG
                 	.ORG 0
                 
                 	.DSEG
                 	.ORG 0x160
                 
                 	.CSEG
                 ;/*****************************************************
                 ;This program was produced by the
                 ;CodeWizardAVR V2.05.3 Standard
                 ;Automatic Program Generator
                 ;© Copyright 1998-2011 Pavel Haiduc, HP InfoTech s.r.l.
                 ;http://www.hpinfotech.com
                 ;
                 ;Project :
                 ;Version :
                 ;Date    : 23/04/2018
                 ;Author  : Windows User
                 ;Company :
                 ;Comments:
                 ;
                 ;
                 ;Chip type               : ATmega16
                 ;Program type            : Application
                 ;AVR Core Clock frequency: 11,059200 MHz
                 ;Memory model            : Small
                 ;External RAM size       : 0
                 ;Data Stack size         : 256
                 ;*****************************************************/
                 ;
                 ;#include <mega16.h>
                 	#ifndef __SLEEP_DEFINED__
                 	#define __SLEEP_DEFINED__
                 	.EQU __se_bit=0x40
                 	.EQU __sm_mask=0xB0
                 	.EQU __sm_powerdown=0x20
                 	.EQU __sm_powersave=0x30
                 	.EQU __sm_standby=0xA0
                 	.EQU __sm_ext_standby=0xB0
                 	.EQU __sm_adc_noise_red=0x10
                 	.SET power_ctrl_reg=mcucr
                 	#endif
                 ;#include <delay.h>
                 ;#include <stdlib.h>
                 ;
                 ;// Alphanumeric LCD functions
                 ;#include <alcd.h>
                 ;
                 ;int eeprom *data;
                 ;int jumlah;
                 ;unsigned char lcd[16];
                 ;
                 ;// Timer 0 overflow interrupt service routine
                 ;interrupt [TIM0_OVF] void timer0_ovf_isr(void)
                 ; 0000 0025 {
                 
                 	.CSEG
                 _timer0_ovf_isr:
00006b 93ea      	ST   -Y,R30
                 ; 0000 0026 // Reinitialize Timer 0 value
                 ; 0000 0027 TCNT0=0x94;
00006c e9e4      	LDI  R30,LOW(148)
00006d bfe2      	OUT  0x32,R30
                 ; 0000 0028 // Place your code here
                 ; 0000 0029 
                 ; 0000 002A }
00006e 91e9      	LD   R30,Y+
00006f 9518      	RETI
                 ;
                 ;// Declare your global variables here
                 ;void tulis_data_ke_eeprom()
                 ; 0000 002E { *data=jumlah;
                 _tulis_data_ke_eeprom:
000070 01f3      	MOVW R30,R6
000071 01d2      	MOVW R26,R4
000072 940e 01d5 	CALL __EEPROMWRW
                 ; 0000 002F }
000074 9508      	RET
                 ;void baca_data_ke_eeprom()
                 ; 0000 0031 { jumlah=*data;
                 _baca_data_ke_eeprom:
000075 01d2      	MOVW R26,R4
000076 940e 01c5 	CALL __EEPROMRDW
000078 013f      	MOVW R6,R30
                 ; 0000 0032 }
000079 9508      	RET
                 ;void tampil_lcd()
                 ; 0000 0034 { lcd_gotoxy(0,0);
                 _tampil_lcd:
00007a e0e0      	LDI  R30,LOW(0)
00007b 93ea      	ST   -Y,R30
00007c e0a0      	LDI  R26,LOW(0)
00007d 940e 0129 	CALL _lcd_gotoxy
                 ; 0000 0035 lcd_putsf("data=");
                +
00007f e5a4     +LDI R26 , LOW ( 2 * _0x0 + ( 0 ) )
000080 e0b0     +LDI R27 , HIGH ( 2 * _0x0 + ( 0 ) )
                 	__POINTW2FN _0x0,0
000081 940e 0166 	CALL _lcd_putsf
                 ; 0000 0036 itoa(jumlah,lcd);
000083 927a      	ST   -Y,R7
000084 926a      	ST   -Y,R6
000085 e6a0      	LDI  R26,LOW(_lcd)
000086 e0b1      	LDI  R27,HIGH(_lcd)
000087 940e 00db 	CALL _itoa
                 ; 0000 0037 lcd_gotoxy(0,1);
000089 e0e0      	LDI  R30,LOW(0)
00008a 93ea      	ST   -Y,R30
00008b e0a1      	LDI  R26,LOW(1)
00008c 940e 0129 	CALL _lcd_gotoxy
                 ; 0000 0038 lcd_puts(lcd);
00008e e6a0      	LDI  R26,LOW(_lcd)
00008f e0b1      	LDI  R27,HIGH(_lcd)
000090 940e 0157 	CALL _lcd_puts
                 ; 0000 0039 }
000092 9508      	RET
                 ;
                 ;void main(void)
                 ; 0000 003C {
                 _main:
                 ; 0000 003D // Declare your local variables here
                 ; 0000 003E 
                 ; 0000 003F // Input/Output Ports initialization
                 ; 0000 0040 // Port A initialization
                 ; 0000 0041 // Func7=In Func6=In Func5=In Func4=In Func3=In Func2=In Func1=In Func0=In
                 ; 0000 0042 // State7=T State6=T State5=T State4=T State3=T State2=T State1=T State0=T
                 ; 0000 0043 PORTA=0x00;
000093 e0e0      	LDI  R30,LOW(0)
000094 bbeb      	OUT  0x1B,R30
                 ; 0000 0044 DDRA=0x00;
000095 bbea      	OUT  0x1A,R30
                 ; 0000 0045 
                 ; 0000 0046 // Port B initialization
                 ; 0000 0047 // Func7=In Func6=Out Func5=Out Func4=Out Func3=Out Func2=Out Func1=In Func0=In
                 ; 0000 0048 // State7=T State6=1 State5=1 State4=1 State3=1 State2=1 State1=T State0=T
                 ; 0000 0049 PORTB=0x00;
000096 bbe8      	OUT  0x18,R30
                 ; 0000 004A DDRB=0x00;
000097 bbe7      	OUT  0x17,R30
                 ; 0000 004B 
                 ; 0000 004C // Port C initialization
                 ; 0000 004D // Func7=In Func6=In Func5=In Func4=In Func3=In Func2=In Func1=In Func0=In
                 ; 0000 004E // State7=T State6=T State5=T State4=T State3=T State2=T State1=T State0=T
                 ; 0000 004F PORTC=0x00;
000098 bbe5      	OUT  0x15,R30
                 ; 0000 0050 DDRC=0x00;
000099 bbe4      	OUT  0x14,R30
                 ; 0000 0051 
                 ; 0000 0052 // Port D initialization
                 ; 0000 0053 // Func7=In Func6=In Func5=In Func4=In Func3=In Func2=In Func1=In Func0=In
                 ; 0000 0054 // State7=T State6=T State5=T State4=T State3=T State2=T State1=T State0=T
                 ; 0000 0055 PORTD=0x00;
00009a bbe2      	OUT  0x12,R30
                 ; 0000 0056 DDRD=0x00;
00009b bbe1      	OUT  0x11,R30
                 ; 0000 0057 
                 ; 0000 0058 // Timer/Counter 0 initialization
                 ; 0000 0059 // Clock source: System Clock
                 ; 0000 005A // Clock value: 11059,200 kHz
                 ; 0000 005B // Mode: Normal top=0xFF
                 ; 0000 005C // OC0 output: Disconnected
                 ; 0000 005D TCCR0=0x01;
00009c e0e1      	LDI  R30,LOW(1)
00009d bfe3      	OUT  0x33,R30
                 ; 0000 005E TCNT0=0x94;
00009e e9e4      	LDI  R30,LOW(148)
00009f bfe2      	OUT  0x32,R30
                 ; 0000 005F OCR0=0x00;
0000a0 e0e0      	LDI  R30,LOW(0)
0000a1 bfec      	OUT  0x3C,R30
                 ; 0000 0060 
                 ; 0000 0061 // Timer/Counter 1 initialization
                 ; 0000 0062 // Clock source: System Clock
                 ; 0000 0063 // Clock value: Timer1 Stopped
                 ; 0000 0064 // Mode: Normal top=0xFFFF
                 ; 0000 0065 // OC1A output: Discon.
                 ; 0000 0066 // OC1B output: Discon.
                 ; 0000 0067 // Noise Canceler: Off
                 ; 0000 0068 // Input Capture on Falling Edge
                 ; 0000 0069 // Timer1 Overflow Interrupt: Off
                 ; 0000 006A // Input Capture Interrupt: Off
                 ; 0000 006B // Compare A Match Interrupt: Off
                 ; 0000 006C // Compare B Match Interrupt: Off
                 ; 0000 006D TCCR1A=0x00;
0000a2 bdef      	OUT  0x2F,R30
                 ; 0000 006E TCCR1B=0x00;
0000a3 bdee      	OUT  0x2E,R30
                 ; 0000 006F TCNT1H=0x00;
0000a4 bded      	OUT  0x2D,R30
                 ; 0000 0070 TCNT1L=0x00;
0000a5 bdec      	OUT  0x2C,R30
                 ; 0000 0071 ICR1H=0x00;
0000a6 bde7      	OUT  0x27,R30
                 ; 0000 0072 ICR1L=0x00;
0000a7 bde6      	OUT  0x26,R30
                 ; 0000 0073 OCR1AH=0x00;
0000a8 bdeb      	OUT  0x2B,R30
                 ; 0000 0074 OCR1AL=0x00;
0000a9 bdea      	OUT  0x2A,R30
                 ; 0000 0075 OCR1BH=0x00;
0000aa bde9      	OUT  0x29,R30
                 ; 0000 0076 OCR1BL=0x00;
0000ab bde8      	OUT  0x28,R30
                 ; 0000 0077 
                 ; 0000 0078 // Timer/Counter 2 initialization
                 ; 0000 0079 // Clock source: System Clock
                 ; 0000 007A // Clock value: Timer2 Stopped
                 ; 0000 007B // Mode: Normal top=0xFF
                 ; 0000 007C // OC2 output: Disconnected
                 ; 0000 007D ASSR=0x00;
0000ac bde2      	OUT  0x22,R30
                 ; 0000 007E TCCR2=0x00;
0000ad bde5      	OUT  0x25,R30
                 ; 0000 007F TCNT2=0x00;
0000ae bde4      	OUT  0x24,R30
                 ; 0000 0080 OCR2=0x00;
0000af bde3      	OUT  0x23,R30
                 ; 0000 0081 
                 ; 0000 0082 // External Interrupt(s) initialization
                 ; 0000 0083 // INT0: Off
                 ; 0000 0084 // INT1: Off
                 ; 0000 0085 // INT2: Off
                 ; 0000 0086 MCUCR=0x00;
0000b0 bfe5      	OUT  0x35,R30
                 ; 0000 0087 MCUCSR=0x00;
0000b1 bfe4      	OUT  0x34,R30
                 ; 0000 0088 
                 ; 0000 0089 // Timer(s)/Counter(s) Interrupt(s) initialization
                 ; 0000 008A TIMSK=0x01;
0000b2 e0e1      	LDI  R30,LOW(1)
0000b3 bfe9      	OUT  0x39,R30
                 ; 0000 008B 
                 ; 0000 008C // USART initialization
                 ; 0000 008D // USART disabled
                 ; 0000 008E UCSRB=0x00;
0000b4 e0e0      	LDI  R30,LOW(0)
0000b5 b9ea      	OUT  0xA,R30
                 ; 0000 008F 
                 ; 0000 0090 // Analog Comparator initialization
                 ; 0000 0091 // Analog Comparator: Off
                 ; 0000 0092 // Analog Comparator Input Capture by Timer/Counter 1: Off
                 ; 0000 0093 ACSR=0x80;
0000b6 e8e0      	LDI  R30,LOW(128)
0000b7 b9e8      	OUT  0x8,R30
                 ; 0000 0094 SFIOR=0x00;
0000b8 e0e0      	LDI  R30,LOW(0)
0000b9 bfe0      	OUT  0x30,R30
                 ; 0000 0095 
                 ; 0000 0096 // ADC initialization
                 ; 0000 0097 // ADC disabled
                 ; 0000 0098 ADCSRA=0x00;
0000ba b9e6      	OUT  0x6,R30
                 ; 0000 0099 
                 ; 0000 009A // SPI initialization
                 ; 0000 009B // SPI disabled
                 ; 0000 009C SPCR=0x00;
0000bb b9ed      	OUT  0xD,R30
                 ; 0000 009D 
                 ; 0000 009E // TWI initialization
                 ; 0000 009F // TWI disabled
                 ; 0000 00A0 TWCR=0x00;
0000bc bfe6      	OUT  0x36,R30
                 ; 0000 00A1 
                 ; 0000 00A2 // Alphanumeric LCD initialization
                 ; 0000 00A3 // Connections are specified in the
                 ; 0000 00A4 // Project|Configure|C Compiler|Libraries|Alphanumeric LCD menu:
                 ; 0000 00A5 // RS - PORTD Bit 0
                 ; 0000 00A6 // RD - PORTD Bit 1
                 ; 0000 00A7 // EN - PORTD Bit 2
                 ; 0000 00A8 // D4 - PORTD Bit 4
                 ; 0000 00A9 // D5 - PORTD Bit 5
                 ; 0000 00AA // D6 - PORTD Bit 6
                 ; 0000 00AB // D7 - PORTD Bit 7
                 ; 0000 00AC // Characters/line: 16
                 ; 0000 00AD lcd_init(16);
0000bd e1a0      	LDI  R26,LOW(16)
0000be 940e 0179 	CALL _lcd_init
                 ; 0000 00AE 
                 ; 0000 00AF // Global enable interrupts
                 ; 0000 00B0 #asm("sei")
0000c0 9478      	sei
                 ; 0000 00B1 
                 ; 0000 00B2 while (1)
                 _0x3:
                 ; 0000 00B3       {
                 ; 0000 00B4       // Place your code here
                 ; 0000 00B5        if(PINC.0==1)
0000c1 9b98      	SBIS 0x13,0
0000c2 c007      	RJMP _0x6
                 ; 0000 00B6 {
                 ; 0000 00B7 jumlah++;
0000c3 01f3      	MOVW R30,R6
0000c4 9631      	ADIW R30,1
0000c5 013f      	MOVW R6,R30
0000c6 9731      	SBIW R30,1
                 ; 0000 00B8 delay_ms(200);
0000c7 940e 01a7 	CALL SUBOPT_0x0
                 ; 0000 00B9 tulis_data_ke_eeprom();
                 ; 0000 00BA }
                 ; 0000 00BB else { jumlah=jumlah; }
0000c9 c001      	RJMP _0x7
                 _0x6:
0000ca 0133      	MOVW R6,R6
                 _0x7:
                 ; 0000 00BC if(PINC.1==1)
0000cb 9b99      	SBIS 0x13,1
0000cc c007      	RJMP _0x8
                 ; 0000 00BD {
                 ; 0000 00BE jumlah--;
0000cd 01f3      	MOVW R30,R6
0000ce 9731      	SBIW R30,1
0000cf 013f      	MOVW R6,R30
0000d0 9631      	ADIW R30,1
                 ; 0000 00BF delay_ms(200);
0000d1 940e 01a7 	CALL SUBOPT_0x0
                 ; 0000 00C0 tulis_data_ke_eeprom();
                 ; 0000 00C1 }
                 ; 0000 00C2 else { jumlah=jumlah; }
0000d3 c001      	RJMP _0x9
                 _0x8:
0000d4 0133      	MOVW R6,R6
                 _0x9:
                 ; 0000 00C3 baca_data_ke_eeprom();
0000d5 df9f      	RCALL _baca_data_ke_eeprom
                 ; 0000 00C4 lcd_clear();
0000d6 940e 0136 	CALL _lcd_clear
                 ; 0000 00C5 tampil_lcd();
0000d8 dfa1      	RCALL _tampil_lcd
                 ; 0000 00C6       }
0000d9 cfe7      	RJMP _0x3
                 ; 0000 00C7 }
                 _0xA:
0000da cfff      	RJMP _0xA
                 
                 	.CSEG
                 _itoa:
0000db 93ba      	ST   -Y,R27
0000dc 93aa      	ST   -Y,R26
0000dd 91a9          ld   r26,y+
0000de 91b9          ld   r27,y+
0000df 91e9          ld   r30,y+
0000e0 91f9          ld   r31,y+
0000e1 9630          adiw r30,0
0000e2 f42a          brpl __itoa0
0000e3 95e0          com  r30
0000e4 95f0          com  r31
0000e5 9631          adiw r30,1
0000e6 e26d          ldi  r22,'-'
0000e7 936d          st   x+,r22
                 __itoa0:
0000e8 94e8          clt
0000e9 e180          ldi  r24,low(10000)
0000ea e297          ldi  r25,high(10000)
0000eb d00d          rcall __itoa1
0000ec ee88          ldi  r24,low(1000)
0000ed e093          ldi  r25,high(1000)
0000ee d00a          rcall __itoa1
0000ef e684          ldi  r24,100
0000f0 2799          clr  r25
0000f1 d007          rcall __itoa1
0000f2 e08a          ldi  r24,10
0000f3 d005          rcall __itoa1
0000f4 2f6e          mov  r22,r30
0000f5 d010          rcall __itoa5
0000f6 2766          clr  r22
0000f7 936c          st   x,r22
0000f8 9508          ret
                 
                 __itoa1:
0000f9 2766          clr	 r22
                 __itoa2:
0000fa 17e8          cp   r30,r24
0000fb 07f9          cpc  r31,r25
0000fc f020          brlo __itoa3
0000fd 9563          inc  r22
0000fe 1be8          sub  r30,r24
0000ff 0bf9          sbc  r31,r25
000100 f7c9          brne __itoa2
                 __itoa3:
000101 2366          tst  r22
000102 f411          brne __itoa4
000103 f016          brts __itoa5
000104 9508          ret
                 __itoa4:
000105 9468          set
                 __itoa5:
000106 5d60          subi r22,-0x30
000107 936d          st   x+,r22
000108 9508          ret
                 
                 	.DSEG
                 
                 	.CSEG
                 	#ifndef __SLEEP_DEFINED__
                 	#endif
                 
                 	.DSEG
                 
                 	.CSEG
                 __lcd_write_nibble_G101:
000109 93aa      	ST   -Y,R26
00010a b3e2      	IN   R30,0x12
00010b 70ef      	ANDI R30,LOW(0xF)
00010c 2fae      	MOV  R26,R30
00010d 81e8      	LD   R30,Y
00010e 7fe0      	ANDI R30,LOW(0xF0)
00010f 2bea      	OR   R30,R26
000110 bbe2      	OUT  0x12,R30
                +
000111 e087     +LDI R24 , LOW ( 7 )
                +__DELAY_USB_LOOP :
000112 958a     +DEC R24
000113 f7f1     +BRNE __DELAY_USB_LOOP
                 	__DELAY_USB 7
000114 9a92      	SBI  0x12,2
                +
000115 e182     +LDI R24 , LOW ( 18 )
                +__DELAY_USB_LOOP :
000116 958a     +DEC R24
000117 f7f1     +BRNE __DELAY_USB_LOOP
                 	__DELAY_USB 18
000118 9892      	CBI  0x12,2
                +
000119 e182     +LDI R24 , LOW ( 18 )
                +__DELAY_USB_LOOP :
00011a 958a     +DEC R24
00011b f7f1     +BRNE __DELAY_USB_LOOP
                 	__DELAY_USB 18
00011c c088      	RJMP _0x20A0001
                 __lcd_write_data:
00011d 93aa      	ST   -Y,R26
00011e 81a8      	LD   R26,Y
00011f dfe9      	RCALL __lcd_write_nibble_G101
000120 81e8          ld    r30,y
000121 95e2          swap  r30
000122 83e8          st    y,r30
000123 81a8      	LD   R26,Y
000124 dfe4      	RCALL __lcd_write_nibble_G101
                +
000125 eb88     +LDI R24 , LOW ( 184 )
                +__DELAY_USB_LOOP :
000126 958a     +DEC R24
000127 f7f1     +BRNE __DELAY_USB_LOOP
                 	__DELAY_USB 184
000128 c07c      	RJMP _0x20A0001
                 _lcd_gotoxy:
000129 93aa      	ST   -Y,R26
00012a 81e8      	LD   R30,Y
00012b e0f0      	LDI  R31,0
00012c 58ec      	SUBI R30,LOW(-__base_y_G101)
00012d 4ffe      	SBCI R31,HIGH(-__base_y_G101)
00012e 81e0      	LD   R30,Z
00012f 81a9      	LDD  R26,Y+1
000130 0fae      	ADD  R26,R30
000131 dfeb      	RCALL __lcd_write_data
000132 8099      	LDD  R9,Y+1
000133 8088      	LDD  R8,Y+0
000134 9622      	ADIW R28,2
000135 9508      	RET
                 _lcd_clear:
000136 e0a2      	LDI  R26,LOW(2)
000137 940e 01ad 	CALL SUBOPT_0x1
000139 e0ac      	LDI  R26,LOW(12)
00013a dfe2      	RCALL __lcd_write_data
00013b e0a1      	LDI  R26,LOW(1)
00013c 940e 01ad 	CALL SUBOPT_0x1
00013e e0e0      	LDI  R30,LOW(0)
00013f 2e8e      	MOV  R8,R30
000140 2e9e      	MOV  R9,R30
000141 9508      	RET
                 _lcd_putchar:
000142 93aa      	ST   -Y,R26
000143 81a8      	LD   R26,Y
000144 30aa      	CPI  R26,LOW(0xA)
000145 f011      	BREQ _0x2020005
000146 149b      	CP   R9,R11
000147 f048      	BRLO _0x2020004
                 _0x2020005:
000148 e0e0      	LDI  R30,LOW(0)
000149 93ea      	ST   -Y,R30
00014a 9483      	INC  R8
00014b 2da8      	MOV  R26,R8
00014c dfdc      	RCALL _lcd_gotoxy
00014d 81a8      	LD   R26,Y
00014e 30aa      	CPI  R26,LOW(0xA)
00014f f409      	BRNE _0x2020007
000150 c054      	RJMP _0x20A0001
                 _0x2020007:
                 _0x2020004:
000151 9493      	INC  R9
000152 9a90      	SBI  0x12,0
000153 81a8      	LD   R26,Y
000154 dfc8      	RCALL __lcd_write_data
000155 9890      	CBI  0x12,0
000156 c04e      	RJMP _0x20A0001
                 _lcd_puts:
000157 93ba      	ST   -Y,R27
000158 93aa      	ST   -Y,R26
000159 931a      	ST   -Y,R17
                 _0x2020008:
00015a 81a9      	LDD  R26,Y+1
00015b 81ba      	LDD  R27,Y+1+1
00015c 91ed      	LD   R30,X+
00015d 83a9      	STD  Y+1,R26
00015e 83ba      	STD  Y+1+1,R27
00015f 2f1e      	MOV  R17,R30
000160 30e0      	CPI  R30,0
000161 f019      	BREQ _0x202000A
000162 2fa1      	MOV  R26,R17
000163 dfde      	RCALL _lcd_putchar
000164 cff5      	RJMP _0x2020008
                 _0x202000A:
000165 c010      	RJMP _0x20A0002
                 _lcd_putsf:
000166 93ba      	ST   -Y,R27
000167 93aa      	ST   -Y,R26
000168 931a      	ST   -Y,R17
                 _0x202000B:
000169 81e9      	LDD  R30,Y+1
00016a 81fa      	LDD  R31,Y+1+1
00016b 9631      	ADIW R30,1
00016c 83e9      	STD  Y+1,R30
00016d 83fa      	STD  Y+1+1,R31
00016e 9731      	SBIW R30,1
00016f 91e4      	LPM  R30,Z
000170 2f1e      	MOV  R17,R30
000171 30e0      	CPI  R30,0
000172 f019      	BREQ _0x202000D
000173 2fa1      	MOV  R26,R17
000174 dfcd      	RCALL _lcd_putchar
000175 cff3      	RJMP _0x202000B
                 _0x202000D:
                 _0x20A0002:
000176 8118      	LDD  R17,Y+0
000177 9623      	ADIW R28,3
000178 9508      	RET
                 _lcd_init:
000179 93aa      	ST   -Y,R26
00017a b3e1      	IN   R30,0x11
00017b 6fe0      	ORI  R30,LOW(0xF0)
00017c bbe1      	OUT  0x11,R30
00017d 9a8a      	SBI  0x11,2
00017e 9a88      	SBI  0x11,0
00017f 9a89      	SBI  0x11,1
000180 9892      	CBI  0x12,2
000181 9890      	CBI  0x12,0
000182 9891      	CBI  0x12,1
000183 80b8      	LDD  R11,Y+0
000184 81e8      	LD   R30,Y
000185 58e0      	SUBI R30,-LOW(128)
                +
000186 93e0 0176+STS __base_y_G101 + ( 2 ) , R30
                 	__PUTB1MN __base_y_G101,2
000188 81e8      	LD   R30,Y
000189 54e0      	SUBI R30,-LOW(192)
                +
00018a 93e0 0177+STS __base_y_G101 + ( 3 ) , R30
                 	__PUTB1MN __base_y_G101,3
00018c e1a4      	LDI  R26,LOW(20)
00018d e0b0      	LDI  R27,0
00018e 940e 01bb 	CALL _delay_ms
000190 940e 01b3 	CALL SUBOPT_0x2
000192 940e 01b3 	CALL SUBOPT_0x2
000194 940e 01b3 	CALL SUBOPT_0x2
000196 e2a0      	LDI  R26,LOW(32)
000197 df71      	RCALL __lcd_write_nibble_G101
                +
000198 e184     +LDI R24 , LOW ( 276 )
000199 e091     +LDI R25 , HIGH ( 276 )
                +__DELAY_USW_LOOP :
00019a 9701     +SBIW R24 , 1
00019b f7f1     +BRNE __DELAY_USW_LOOP
                 	__DELAY_USW 276
00019c e2a8      	LDI  R26,LOW(40)
00019d df7f      	RCALL __lcd_write_data
00019e e0a4      	LDI  R26,LOW(4)
00019f df7d      	RCALL __lcd_write_data
0001a0 e8a5      	LDI  R26,LOW(133)
0001a1 df7b      	RCALL __lcd_write_data
0001a2 e0a6      	LDI  R26,LOW(6)
0001a3 df79      	RCALL __lcd_write_data
0001a4 df91      	RCALL _lcd_clear
                 _0x20A0001:
0001a5 9621      	ADIW R28,1
0001a6 9508      	RET
                 
                 	.CSEG
                 
                 	.CSEG
                 
                 	.CSEG
                 
                 	.DSEG
                 _lcd:
000160           	.BYTE 0x10
                 __seed_G100:
000170           	.BYTE 0x4
                 __base_y_G101:
000174           	.BYTE 0x4
                 
                 	.CSEG
                 ;OPTIMIZER ADDED SUBROUTINE, CALLED 2 TIMES, CODE SIZE REDUCTION:3 WORDS
                 SUBOPT_0x0:
0001a7 eca8      	LDI  R26,LOW(200)
0001a8 e0b0      	LDI  R27,0
0001a9 940e 01bb 	CALL _delay_ms
0001ab 940c 0070 	JMP  _tulis_data_ke_eeprom
                 
                 ;OPTIMIZER ADDED SUBROUTINE, CALLED 2 TIMES, CODE SIZE REDUCTION:3 WORDS
                 SUBOPT_0x1:
0001ad 940e 011d 	CALL __lcd_write_data
0001af e0a3      	LDI  R26,LOW(3)
0001b0 e0b0      	LDI  R27,0
0001b1 940c 01bb 	JMP  _delay_ms
                 
                 ;OPTIMIZER ADDED SUBROUTINE, CALLED 3 TIMES, CODE SIZE REDUCTION:7 WORDS
                 SUBOPT_0x2:
0001b3 e3a0      	LDI  R26,LOW(48)
0001b4 940e 0109 	CALL __lcd_write_nibble_G101
                +
0001b6 e184     +LDI R24 , LOW ( 276 )
0001b7 e091     +LDI R25 , HIGH ( 276 )
                +__DELAY_USW_LOOP :
0001b8 9701     +SBIW R24 , 1
0001b9 f7f1     +BRNE __DELAY_USW_LOOP
                 	__DELAY_USW 276
0001ba 9508      	RET
                 
                 
                 	.CSEG
                 _delay_ms:
0001bb 9610      	adiw r26,0
0001bc f039      	breq __delay_ms1
                 __delay_ms0:
                +
0001bd ec8d     +LDI R24 , LOW ( 0xACD )
0001be e09a     +LDI R25 , HIGH ( 0xACD )
                +__DELAY_USW_LOOP :
0001bf 9701     +SBIW R24 , 1
0001c0 f7f1     +BRNE __DELAY_USW_LOOP
                 	__DELAY_USW 0xACD
0001c1 95a8      	wdr
0001c2 9711      	sbiw r26,1
0001c3 f7c9      	brne __delay_ms0
                 __delay_ms1:
0001c4 9508      	ret
                 
                 __EEPROMRDW:
0001c5 9611      	ADIW R26,1
0001c6 d002      	RCALL __EEPROMRDB
0001c7 2ffe      	MOV  R31,R30
0001c8 9711      	SBIW R26,1
                 
                 __EEPROMRDB:
0001c9 99e1      	SBIC EECR,EEWE
0001ca cffe      	RJMP __EEPROMRDB
0001cb 93ff      	PUSH R31
0001cc b7ff      	IN   R31,SREG
0001cd 94f8      	CLI
0001ce bbae      	OUT  EEARL,R26
0001cf bbbf      	OUT  EEARH,R27
0001d0 9ae0      	SBI  EECR,EERE
0001d1 b3ed      	IN   R30,EEDR
0001d2 bfff      	OUT  SREG,R31
0001d3 91ff      	POP  R31
0001d4 9508      	RET
                 
                 __EEPROMWRW:
0001d5 d007      	RCALL __EEPROMWRB
0001d6 9611      	ADIW R26,1
0001d7 93ef      	PUSH R30
0001d8 2fef      	MOV  R30,R31
0001d9 d003      	RCALL __EEPROMWRB
0001da 91ef      	POP  R30
0001db 9711      	SBIW R26,1
0001dc 9508      	RET
                 
                 __EEPROMWRB:
0001dd 9be1      	SBIS EECR,EEWE
0001de c002      	RJMP __EEPROMWRB1
0001df 95a8      	WDR
0001e0 cffc      	RJMP __EEPROMWRB
                 __EEPROMWRB1:
0001e1 b79f      	IN   R25,SREG
0001e2 94f8      	CLI
0001e3 bbae      	OUT  EEARL,R26
0001e4 bbbf      	OUT  EEARH,R27
0001e5 9ae0      	SBI  EECR,EERE
0001e6 b38d      	IN   R24,EEDR
0001e7 17e8      	CP   R30,R24
0001e8 f019      	BREQ __EEPROMWRB0
0001e9 bbed      	OUT  EEDR,R30
0001ea 9ae2      	SBI  EECR,EEMWE
0001eb 9ae1      	SBI  EECR,EEWE
                 __EEPROMWRB0:
0001ec bf9f      	OUT  SREG,R25
0001ed 9508      	RET
                 
                 ;END OF CODE MARKER
                 __END_OF_CODE:


RESOURCE USE INFORMATION
------------------------

Notice:
The register and instruction counts are symbol table hit counts,
and hence implicitly used resources are not counted, eg, the
'lpm' instruction without operands implicitly uses r0 and z,
none of which are counted.

x,y,z are separate entities in the symbol table and are
counted separately from r26..r31 here.

.dseg memory usage only counts static data declared with .byte

ATmega16 register use summary:
r0 :   4 r1 :   1 r2 :   0 r3 :   0 r4 :   2 r5 :   0 r6 :  11 r7 :   1 
r8 :   4 r9 :   4 r10:   0 r11:   2 r12:   0 r13:   0 r14:   0 r15:   0 
r16:   0 r17:   7 r18:   0 r19:   0 r20:   0 r21:   0 r22:  12 r23:   0 
r24:  29 r25:  12 r26:  56 r27:  16 r28:   4 r29:   1 r30: 127 r31:  19 
x  :   7 y  :  48 z  :   9 
Registers used: 21 out of 35 (60.0%)

ATmega16 instruction use summary:
.lds  :   0 .lds.l:   0 .sts  :   0 .sts.l:   0 adc   :   0 add   :   1 
adiw  :  11 and   :   0 andi  :   2 asr   :   0 bclr  :   0 bld   :   0 
brbc  :   0 brbs  :   0 brcc  :   0 brcs  :   0 break :   0 breq  :   6 
brge  :   0 brhc  :   0 brhs  :   0 brid  :   0 brie  :   0 brlo  :   2 
brlt  :   0 brmi  :   0 brne  :  14 brpl  :   1 brsh  :   0 brtc  :   0 
brts  :   1 brvc  :   0 brvs  :   0 bset  :   0 bst   :   0 call  :  20 
cbi   :   5 cbr   :   0 clc   :   0 clh   :   0 cli   :   3 cln   :   0 
clr   :   5 cls   :   0 clt   :   1 clv   :   0 clz   :   0 com   :   2 
cp    :   3 cpc   :   1 cpi   :   4 cpse  :   0 dec   :   5 des   :   0 
eor   :   0 fmul  :   0 fmuls :   0 fmulsu:   0 icall :   0 ijmp  :   0 
in    :   6 inc   :   3 jmp   :  24 ld    :  17 ldd   :   9 ldi   :  68 
lds   :   0 lpm   :   9 lsl   :   0 lsr   :   0 mov   :  11 movw  :  13 
mul   :   0 muls  :   0 mulsu :   0 neg   :   0 nop   :   0 or    :   1 
ori   :   1 out   :  52 pop   :   2 push  :   2 rcall :  24 ret   :  15 
reti  :   1 rjmp  :  17 rol   :   0 ror   :   0 sbc   :   1 sbci  :   1 
sbi   :   9 sbic  :   1 sbis  :   3 sbiw  :  12 sbr   :   0 sbrc  :   0 
sbrs  :   0 sec   :   0 seh   :   0 sei   :   1 sen   :   0 ser   :   0 
ses   :   0 set   :   1 sev   :   0 sez   :   0 sleep :   0 spm   :   0 
st    :  26 std   :   4 sts   :   2 sub   :   1 subi  :   4 swap  :   1 
tst   :   1 wdr   :   2 
Instructions used: 52 out of 116 (44.8%)

ATmega16 memory use summary [bytes]:
Segment   Begin    End      Code   Data   Used    Size   Use%
---------------------------------------------------------------
[.cseg] 0x000000 0x0003dc    954     34    988   16384   6.0%
[.dseg] 0x000060 0x000178      0     24     24    1119   2.1%
[.eseg] 0x000000 0x000000      0      0      0     512   0.0%

Assembly complete, 0 errors, 7 warnings
